[2024-04-05T21:13:28.479+0000] {taskinstance.py:1979} INFO - Dependencies all met for dep_context=non-requeueable deps ti=<TaskInstance: dag_postgre_operator.create_table_task manual__2024-04-05T20:12:33.404503+00:00 [queued]>
[2024-04-05T21:13:28.499+0000] {taskinstance.py:1979} INFO - Dependencies all met for dep_context=requeueable deps ti=<TaskInstance: dag_postgre_operator.create_table_task manual__2024-04-05T20:12:33.404503+00:00 [queued]>
[2024-04-05T21:13:28.500+0000] {taskinstance.py:2193} INFO - Starting attempt 3 of 3
[2024-04-05T21:13:28.531+0000] {taskinstance.py:2217} INFO - Executing <Task(PostgresOperator): create_table_task> on 2024-04-05 20:12:33.404503+00:00
[2024-04-05T21:13:28.545+0000] {standard_task_runner.py:60} INFO - Started process 3623 to run task
[2024-04-05T21:13:28.551+0000] {standard_task_runner.py:87} INFO - Running: ['***', 'tasks', 'run', 'dag_postgre_operator', 'create_table_task', 'manual__2024-04-05T20:12:33.404503+00:00', '--job-id', '801', '--raw', '--subdir', 'DAGS_FOLDER/dag_python_operator_extract.py', '--cfg-path', '/tmp/tmp5wq4y277']
[2024-04-05T21:13:28.557+0000] {standard_task_runner.py:88} INFO - Job 801: Subtask create_table_task
[2024-04-05T21:13:28.670+0000] {task_command.py:423} INFO - Running <TaskInstance: dag_postgre_operator.create_table_task manual__2024-04-05T20:12:33.404503+00:00 [running]> on host 7f6ff1f67725
[2024-04-05T21:13:28.861+0000] {taskinstance.py:2513} INFO - Exporting env vars: AIRFLOW_CTX_DAG_OWNER='***' AIRFLOW_CTX_DAG_ID='dag_postgre_operator' AIRFLOW_CTX_TASK_ID='create_table_task' AIRFLOW_CTX_EXECUTION_DATE='2024-04-05T20:12:33.404503+00:00' AIRFLOW_CTX_TRY_NUMBER='3' AIRFLOW_CTX_DAG_RUN_ID='manual__2024-04-05T20:12:33.404503+00:00'
[2024-04-05T21:13:28.863+0000] {sql.py:276} INFO - Executing: 
    CREATE TABLE shooting (
    incident_ID SERIAL,
    incident_num VARCHAR(100) ,
    shooting_date VARCHAR(100),
    district varchar(100),
    Shooting_type INTEGER,
    Gender VARCHAR(100),
    Race VARCHAR(100),
    Ethnicity VARCHAR(100),
    multiple_victims INTEGER
    );
    
[2024-04-05T21:13:28.887+0000] {base.py:83} INFO - Using connection ID 'postgres_webik' for task execution.
[2024-04-05T21:13:28.908+0000] {base.py:83} INFO - Using connection ID 'postgres_webik' for task execution.
[2024-04-05T21:13:28.976+0000] {sql.py:457} INFO - Running statement: 
    CREATE TABLE shooting (
    incident_ID SERIAL,
    incident_num VARCHAR(100) ,
    shooting_date VARCHAR(100),
    district varchar(100),
    Shooting_type INTEGER,
    Gender VARCHAR(100),
    Race VARCHAR(100),
    Ethnicity VARCHAR(100),
    multiple_victims INTEGER
    );
    , parameters: None
[2024-04-05T21:13:29.004+0000] {logging_mixin.py:188} WARNING - /home/***/.local/lib/python3.8/site-packages/***/providers/common/sql/hooks/sql.py:407 AirflowProviderDeprecationWarning: Call to deprecated method _make_common_data_structure. (The `_make_serializable` method is deprecated and support will be removed in a future version of the common.sql provider. Please update the DbApiHook's provider to a version based on common.sql >= 1.9.1.)
[2024-04-05T21:13:29.035+0000] {taskinstance.py:1149} INFO - Marking task as SUCCESS. dag_id=dag_postgre_operator, task_id=create_table_task, execution_date=20240405T201233, start_date=20240405T211328, end_date=20240405T211329
[2024-04-05T21:13:29.092+0000] {local_task_job_runner.py:234} INFO - Task exited with return code 0
[2024-04-05T21:13:29.110+0000] {logging_mixin.py:188} WARNING - /home/***/.local/lib/python3.8/site-packages/***/models/baseoperator.py:1201 AirflowProviderDeprecationWarning: Call to deprecated class PostgresOperator. (Please use `***.providers.common.sql.operators.sql.SQLExecuteQueryOperator`.Also, you can provide `hook_params={'schema': <database>}`.)
[2024-04-05T21:13:29.134+0000] {taskinstance.py:3312} INFO - 1 downstream tasks scheduled from follow-on schedule check
