[2024-04-05T21:17:59.613+0000] {taskinstance.py:1979} INFO - Dependencies all met for dep_context=non-requeueable deps ti=<TaskInstance: dag_postgre_operator.insert_data_task manual__2024-04-05T20:11:01.712671+00:00 [queued]>
[2024-04-05T21:17:59.629+0000] {taskinstance.py:1979} INFO - Dependencies all met for dep_context=requeueable deps ti=<TaskInstance: dag_postgre_operator.insert_data_task manual__2024-04-05T20:11:01.712671+00:00 [queued]>
[2024-04-05T21:17:59.630+0000] {taskinstance.py:2193} INFO - Starting attempt 4 of 4
[2024-04-05T21:17:59.733+0000] {taskinstance.py:2217} INFO - Executing <Task(PostgresBulkLoadOperator): insert_data_task> on 2024-04-05 20:11:01.712671+00:00
[2024-04-05T21:17:59.744+0000] {standard_task_runner.py:60} INFO - Started process 5434 to run task
[2024-04-05T21:17:59.759+0000] {standard_task_runner.py:87} INFO - Running: ['***', 'tasks', 'run', 'dag_postgre_operator', 'insert_data_task', 'manual__2024-04-05T20:11:01.712671+00:00', '--job-id', '1302', '--raw', '--subdir', 'DAGS_FOLDER/dag_python_operator_extract.py', '--cfg-path', '/tmp/tmpbg159yl4']
[2024-04-05T21:17:59.774+0000] {standard_task_runner.py:88} INFO - Job 1302: Subtask insert_data_task
[2024-04-05T21:17:59.963+0000] {task_command.py:423} INFO - Running <TaskInstance: dag_postgre_operator.insert_data_task manual__2024-04-05T20:11:01.712671+00:00 [running]> on host 7f6ff1f67725
[2024-04-05T21:18:00.284+0000] {taskinstance.py:2513} INFO - Exporting env vars: AIRFLOW_CTX_DAG_OWNER='***' AIRFLOW_CTX_DAG_ID='dag_postgre_operator' AIRFLOW_CTX_TASK_ID='insert_data_task' AIRFLOW_CTX_EXECUTION_DATE='2024-04-05T20:11:01.712671+00:00' AIRFLOW_CTX_TRY_NUMBER='4' AIRFLOW_CTX_DAG_RUN_ID='manual__2024-04-05T20:11:01.712671+00:00'
[2024-04-05T21:18:00.294+0000] {postgres.py:175} INFO - Running copy expert: COPY shooting (incident_num, shooting_date, district, Shooting_type, Gender, Race, Ethnicity, multiple_victims) FROM STDIN WITH CSV HEADER, filename: dim_regions_manual__2024-04-05T20:11:01.712671+00:00.csv
[2024-04-05T21:18:00.318+0000] {base.py:83} INFO - Using connection ID 'postgres_webik' for task execution.
[2024-04-05T21:18:00.399+0000] {dag_python_operator_extract.py:93} ERROR - An error occurred while reading data from file: relation "shooting" does not exist

[2024-04-05T21:18:00.401+0000] {taskinstance.py:2731} ERROR - Task failed with exception
Traceback (most recent call last):
  File "/home/airflow/.local/lib/python3.8/site-packages/airflow/models/taskinstance.py", line 444, in _execute_task
    result = _execute_callable(context=context, **execute_callable_kwargs)
  File "/home/airflow/.local/lib/python3.8/site-packages/airflow/models/taskinstance.py", line 414, in _execute_callable
    return execute_callable(context=context, **execute_callable_kwargs)
  File "/opt/airflow/dags/dag_python_operator_extract.py", line 88, in execute
    hook.copy_expert(copy_sql, f.name)
  File "/home/airflow/.local/lib/python3.8/site-packages/airflow/providers/postgres/hooks/postgres.py", line 181, in copy_expert
    cur.copy_expert(sql, file)
psycopg2.errors.UndefinedTable: relation "shooting" does not exist

[2024-04-05T21:18:00.444+0000] {taskinstance.py:1149} INFO - Marking task as FAILED. dag_id=dag_postgre_operator, task_id=insert_data_task, execution_date=20240405T201101, start_date=20240405T211759, end_date=20240405T211800
[2024-04-05T21:18:00.488+0000] {standard_task_runner.py:107} ERROR - Failed to execute job 1302 for task insert_data_task (relation "shooting" does not exist
; 5434)
[2024-04-05T21:18:00.542+0000] {local_task_job_runner.py:234} INFO - Task exited with return code 1
[2024-04-05T21:18:00.575+0000] {logging_mixin.py:188} WARNING - /home/***/.local/lib/python3.8/site-packages/***/models/baseoperator.py:1201 AirflowProviderDeprecationWarning: Call to deprecated class PostgresOperator. (Please use `***.providers.common.sql.operators.sql.SQLExecuteQueryOperator`.Also, you can provide `hook_params={'schema': <database>}`.)
[2024-04-05T21:18:00.607+0000] {taskinstance.py:3312} INFO - 0 downstream tasks scheduled from follow-on schedule check
