[2024-04-05T21:14:26.899+0000] {taskinstance.py:1979} INFO - Dependencies all met for dep_context=non-requeueable deps ti=<TaskInstance: dag_postgre_operator.drop_table_task scheduled__2024-03-31T00:00:00+00:00 [queued]>
[2024-04-05T21:14:26.941+0000] {taskinstance.py:1979} INFO - Dependencies all met for dep_context=requeueable deps ti=<TaskInstance: dag_postgre_operator.drop_table_task scheduled__2024-03-31T00:00:00+00:00 [queued]>
[2024-04-05T21:14:26.943+0000] {taskinstance.py:2193} INFO - Starting attempt 4 of 4
[2024-04-05T21:14:27.007+0000] {taskinstance.py:2217} INFO - Executing <Task(PostgresOperator): drop_table_task> on 2024-03-31 00:00:00+00:00
[2024-04-05T21:14:27.024+0000] {standard_task_runner.py:60} INFO - Started process 3862 to run task
[2024-04-05T21:14:27.043+0000] {standard_task_runner.py:87} INFO - Running: ['***', 'tasks', 'run', 'dag_postgre_operator', 'drop_table_task', 'scheduled__2024-03-31T00:00:00+00:00', '--job-id', '856', '--raw', '--subdir', 'DAGS_FOLDER/dag_python_operator_extract.py', '--cfg-path', '/tmp/tmp7qhpnjxc']
[2024-04-05T21:14:27.048+0000] {standard_task_runner.py:88} INFO - Job 856: Subtask drop_table_task
[2024-04-05T21:14:27.332+0000] {task_command.py:423} INFO - Running <TaskInstance: dag_postgre_operator.drop_table_task scheduled__2024-03-31T00:00:00+00:00 [running]> on host 7f6ff1f67725
[2024-04-05T21:14:28.216+0000] {taskinstance.py:2513} INFO - Exporting env vars: AIRFLOW_CTX_DAG_OWNER='***' AIRFLOW_CTX_DAG_ID='dag_postgre_operator' AIRFLOW_CTX_TASK_ID='drop_table_task' AIRFLOW_CTX_EXECUTION_DATE='2024-03-31T00:00:00+00:00' AIRFLOW_CTX_TRY_NUMBER='4' AIRFLOW_CTX_DAG_RUN_ID='scheduled__2024-03-31T00:00:00+00:00'
[2024-04-05T21:14:28.242+0000] {sql.py:276} INFO - Executing: 
    DROP TABLE IF EXISTS shooting CASCADE;
    
[2024-04-05T21:14:28.332+0000] {base.py:83} INFO - Using connection ID 'postgres_webik' for task execution.
[2024-04-05T21:14:28.377+0000] {base.py:83} INFO - Using connection ID 'postgres_webik' for task execution.
[2024-04-05T21:14:28.525+0000] {sql.py:457} INFO - Running statement: 
    DROP TABLE IF EXISTS shooting CASCADE;
    , parameters: None
[2024-04-05T21:14:28.567+0000] {logging_mixin.py:188} WARNING - /home/***/.local/lib/python3.8/site-packages/***/providers/common/sql/hooks/sql.py:407 AirflowProviderDeprecationWarning: Call to deprecated method _make_common_data_structure. (The `_make_serializable` method is deprecated and support will be removed in a future version of the common.sql provider. Please update the DbApiHook's provider to a version based on common.sql >= 1.9.1.)
[2024-04-05T21:14:28.604+0000] {taskinstance.py:1149} INFO - Marking task as SUCCESS. dag_id=dag_postgre_operator, task_id=drop_table_task, execution_date=20240331T000000, start_date=20240405T211426, end_date=20240405T211428
[2024-04-05T21:14:28.662+0000] {local_task_job_runner.py:234} INFO - Task exited with return code 0
[2024-04-05T21:14:28.745+0000] {logging_mixin.py:188} WARNING - /home/***/.local/lib/python3.8/site-packages/***/models/baseoperator.py:1201 AirflowProviderDeprecationWarning: Call to deprecated class PostgresOperator. (Please use `***.providers.common.sql.operators.sql.SQLExecuteQueryOperator`.Also, you can provide `hook_params={'schema': <database>}`.)
[2024-04-05T21:14:28.844+0000] {taskinstance.py:3312} INFO - 1 downstream tasks scheduled from follow-on schedule check
