[2024-04-05T21:17:28.145+0000] {taskinstance.py:1979} INFO - Dependencies all met for dep_context=non-requeueable deps ti=<TaskInstance: dag_postgre_operator.alter_table_task scheduled__2024-03-26T00:00:00+00:00 [queued]>
[2024-04-05T21:17:28.154+0000] {taskinstance.py:1979} INFO - Dependencies all met for dep_context=requeueable deps ti=<TaskInstance: dag_postgre_operator.alter_table_task scheduled__2024-03-26T00:00:00+00:00 [queued]>
[2024-04-05T21:17:28.155+0000] {taskinstance.py:2193} INFO - Starting attempt 1 of 1
[2024-04-05T21:17:28.169+0000] {taskinstance.py:2217} INFO - Executing <Task(PostgresOperator): alter_table_task> on 2024-03-26 00:00:00+00:00
[2024-04-05T21:17:28.175+0000] {standard_task_runner.py:60} INFO - Started process 4924 to run task
[2024-04-05T21:17:28.178+0000] {standard_task_runner.py:87} INFO - Running: ['***', 'tasks', 'run', 'dag_postgre_operator', 'alter_table_task', 'scheduled__2024-03-26T00:00:00+00:00', '--job-id', '1144', '--raw', '--subdir', 'DAGS_FOLDER/dag_python_operator_extract.py', '--cfg-path', '/tmp/tmpsrj5dmen']
[2024-04-05T21:17:28.181+0000] {standard_task_runner.py:88} INFO - Job 1144: Subtask alter_table_task
[2024-04-05T21:17:28.227+0000] {task_command.py:423} INFO - Running <TaskInstance: dag_postgre_operator.alter_table_task scheduled__2024-03-26T00:00:00+00:00 [running]> on host 7f6ff1f67725
[2024-04-05T21:17:28.297+0000] {taskinstance.py:2513} INFO - Exporting env vars: AIRFLOW_CTX_DAG_OWNER='***' AIRFLOW_CTX_DAG_ID='dag_postgre_operator' AIRFLOW_CTX_TASK_ID='alter_table_task' AIRFLOW_CTX_EXECUTION_DATE='2024-03-26T00:00:00+00:00' AIRFLOW_CTX_TRY_NUMBER='1' AIRFLOW_CTX_DAG_RUN_ID='scheduled__2024-03-26T00:00:00+00:00'
[2024-04-05T21:17:28.299+0000] {sql.py:276} INFO - Executing: 
    ALTER TABLE shooting
    ADD CONSTRAINT incident_pk PRIMARY KEY (incident_ID);
    
[2024-04-05T21:17:28.307+0000] {base.py:83} INFO - Using connection ID 'postgres_webik' for task execution.
[2024-04-05T21:17:28.315+0000] {base.py:83} INFO - Using connection ID 'postgres_webik' for task execution.
[2024-04-05T21:17:28.365+0000] {sql.py:457} INFO - Running statement: 
    ALTER TABLE shooting
    ADD CONSTRAINT incident_pk PRIMARY KEY (incident_ID);
    , parameters: None
[2024-04-05T21:17:28.388+0000] {logging_mixin.py:188} WARNING - /home/***/.local/lib/python3.8/site-packages/***/providers/common/sql/hooks/sql.py:407 AirflowProviderDeprecationWarning: Call to deprecated method _make_common_data_structure. (The `_make_serializable` method is deprecated and support will be removed in a future version of the common.sql provider. Please update the DbApiHook's provider to a version based on common.sql >= 1.9.1.)
[2024-04-05T21:17:28.406+0000] {taskinstance.py:1149} INFO - Marking task as SUCCESS. dag_id=dag_postgre_operator, task_id=alter_table_task, execution_date=20240326T000000, start_date=20240405T211728, end_date=20240405T211728
[2024-04-05T21:17:28.432+0000] {local_task_job_runner.py:234} INFO - Task exited with return code 0
[2024-04-05T21:17:28.515+0000] {taskinstance.py:3312} INFO - 0 downstream tasks scheduled from follow-on schedule check
