[2024-04-05T00:55:04.637+0000] {taskinstance.py:1979} INFO - Dependencies all met for dep_context=non-requeueable deps ti=<TaskInstance: dag_postgre_operator.extract_Shootings_task manual__2024-04-05T00:55:03.821717+00:00 [queued]>
[2024-04-05T00:55:04.649+0000] {taskinstance.py:1979} INFO - Dependencies all met for dep_context=requeueable deps ti=<TaskInstance: dag_postgre_operator.extract_Shootings_task manual__2024-04-05T00:55:03.821717+00:00 [queued]>
[2024-04-05T00:55:04.651+0000] {taskinstance.py:2193} INFO - Starting attempt 1 of 4
[2024-04-05T00:55:04.693+0000] {taskinstance.py:2217} INFO - Executing <Task(PythonOperator): extract_Shootings_task> on 2024-04-05 00:55:03.821717+00:00
[2024-04-05T00:55:04.705+0000] {standard_task_runner.py:60} INFO - Started process 1013 to run task
[2024-04-05T00:55:04.710+0000] {standard_task_runner.py:87} INFO - Running: ['***', 'tasks', 'run', 'dag_postgre_operator', 'extract_Shootings_task', 'manual__2024-04-05T00:55:03.821717+00:00', '--job-id', '196', '--raw', '--subdir', 'DAGS_FOLDER/dag_python_operator_extract.py', '--cfg-path', '/tmp/tmpk9nzz85a']
[2024-04-05T00:55:04.713+0000] {standard_task_runner.py:88} INFO - Job 196: Subtask extract_Shootings_task
[2024-04-05T00:55:04.774+0000] {task_command.py:423} INFO - Running <TaskInstance: dag_postgre_operator.extract_Shootings_task manual__2024-04-05T00:55:03.821717+00:00 [running]> on host 7f6ff1f67725
[2024-04-05T00:55:04.852+0000] {taskinstance.py:2513} INFO - Exporting env vars: AIRFLOW_CTX_DAG_OWNER='moughel' AIRFLOW_CTX_DAG_ID='dag_postgre_operator' AIRFLOW_CTX_TASK_ID='extract_Shootings_task' AIRFLOW_CTX_EXECUTION_DATE='2024-04-05T00:55:03.821717+00:00' AIRFLOW_CTX_TRY_NUMBER='1' AIRFLOW_CTX_DAG_RUN_ID='manual__2024-04-05T00:55:03.821717+00:00'
[2024-04-05T00:55:05.918+0000] {Extract_BotonGOV.py:71} INFO - CSV data saved to /opt/***/plugins/ShootingsBostonGOV/ShootingsBostonGOV.csv
[2024-04-05T00:55:05.919+0000] {dag_python_operator_extract.py:21} INFO - File was successfully saved as ShootingsBostonGOV.csv
[2024-04-05T00:55:05.919+0000] {python.py:202} INFO - Done. Returned value was: None
[2024-04-05T00:55:05.928+0000] {taskinstance.py:1149} INFO - Marking task as SUCCESS. dag_id=dag_postgre_operator, task_id=extract_Shootings_task, execution_date=20240405T005503, start_date=20240405T005504, end_date=20240405T005505
[2024-04-05T00:55:05.968+0000] {local_task_job_runner.py:234} INFO - Task exited with return code 0
[2024-04-05T00:55:05.982+0000] {logging_mixin.py:188} WARNING - /home/***/.local/lib/python3.8/site-packages/***/models/baseoperator.py:1201 AirflowProviderDeprecationWarning: Call to deprecated class PostgresOperator. (Please use `***.providers.common.sql.operators.sql.SQLExecuteQueryOperator`.Also, you can provide `hook_params={'schema': <database>}`.)
[2024-04-05T00:55:05.996+0000] {taskinstance.py:3312} INFO - 1 downstream tasks scheduled from follow-on schedule check
[2024-04-05T20:49:15.496+0000] {taskinstance.py:1979} INFO - Dependencies all met for dep_context=non-requeueable deps ti=<TaskInstance: dag_postgre_operator.extract_shootings_task manual__2024-04-05T00:55:03.821717+00:00 [queued]>
[2024-04-05T20:49:15.517+0000] {taskinstance.py:1979} INFO - Dependencies all met for dep_context=requeueable deps ti=<TaskInstance: dag_postgre_operator.extract_shootings_task manual__2024-04-05T00:55:03.821717+00:00 [queued]>
[2024-04-05T20:49:15.519+0000] {taskinstance.py:2193} INFO - Starting attempt 1 of 4
[2024-04-05T20:49:15.556+0000] {taskinstance.py:2217} INFO - Executing <Task(PythonOperator): extract_shootings_task> on 2024-04-05 00:55:03.821717+00:00
[2024-04-05T20:49:15.571+0000] {standard_task_runner.py:60} INFO - Started process 729 to run task
[2024-04-05T20:49:15.584+0000] {standard_task_runner.py:87} INFO - Running: ['***', 'tasks', 'run', 'dag_postgre_operator', 'extract_shootings_task', 'manual__2024-04-05T00:55:03.821717+00:00', '--job-id', '463', '--raw', '--subdir', 'DAGS_FOLDER/dag_python_operator_extract.py', '--cfg-path', '/tmp/tmpv1vnmh84']
[2024-04-05T20:49:15.590+0000] {standard_task_runner.py:88} INFO - Job 463: Subtask extract_shootings_task
[2024-04-05T20:49:15.711+0000] {task_command.py:423} INFO - Running <TaskInstance: dag_postgre_operator.extract_shootings_task manual__2024-04-05T00:55:03.821717+00:00 [running]> on host 7f6ff1f67725
[2024-04-05T20:49:15.916+0000] {taskinstance.py:2513} INFO - Exporting env vars: AIRFLOW_CTX_DAG_OWNER='moughel' AIRFLOW_CTX_DAG_ID='dag_postgre_operator' AIRFLOW_CTX_TASK_ID='extract_shootings_task' AIRFLOW_CTX_EXECUTION_DATE='2024-04-05T00:55:03.821717+00:00' AIRFLOW_CTX_TRY_NUMBER='1' AIRFLOW_CTX_DAG_RUN_ID='manual__2024-04-05T00:55:03.821717+00:00'
[2024-04-05T20:49:16.965+0000] {Extract_BotonGOV.py:66} INFO - CSV data saved to dataset_regions_manual__2024-04-05T00:55:03.821717+00:00.csv
[2024-04-05T20:49:17.000+0000] {dag_python_operator_extract.py:23} INFO - File was successfully saved as dataset_regions_manual__2024-04-05T00:55:03.821717+00:00.csv
[2024-04-05T20:49:17.004+0000] {python.py:202} INFO - Done. Returned value was: None
[2024-04-05T20:49:17.033+0000] {taskinstance.py:1149} INFO - Marking task as SUCCESS. dag_id=dag_postgre_operator, task_id=extract_shootings_task, execution_date=20240405T005503, start_date=20240405T204915, end_date=20240405T204917
[2024-04-05T20:49:17.099+0000] {local_task_job_runner.py:234} INFO - Task exited with return code 0
[2024-04-05T20:49:17.126+0000] {logging_mixin.py:188} WARNING - /home/***/.local/lib/python3.8/site-packages/***/models/baseoperator.py:1201 AirflowProviderDeprecationWarning: Call to deprecated class PostgresOperator. (Please use `***.providers.common.sql.operators.sql.SQLExecuteQueryOperator`.Also, you can provide `hook_params={'schema': <database>}`.)
[2024-04-05T20:49:17.161+0000] {taskinstance.py:3312} INFO - 1 downstream tasks scheduled from follow-on schedule check
