[2024-04-05T20:49:25.939+0000] {taskinstance.py:1979} INFO - Dependencies all met for dep_context=non-requeueable deps ti=<TaskInstance: dag_postgre_operator.drop_table_task manual__2024-04-05T20:02:46.475859+00:00 [queued]>
[2024-04-05T20:49:25.971+0000] {taskinstance.py:1979} INFO - Dependencies all met for dep_context=requeueable deps ti=<TaskInstance: dag_postgre_operator.drop_table_task manual__2024-04-05T20:02:46.475859+00:00 [queued]>
[2024-04-05T20:49:25.972+0000] {taskinstance.py:2193} INFO - Starting attempt 2 of 2
[2024-04-05T20:49:26.008+0000] {taskinstance.py:2217} INFO - Executing <Task(PostgresOperator): drop_table_task> on 2024-04-05 20:02:46.475859+00:00
[2024-04-05T20:49:26.020+0000] {standard_task_runner.py:60} INFO - Started process 908 to run task
[2024-04-05T20:49:26.033+0000] {standard_task_runner.py:87} INFO - Running: ['***', 'tasks', 'run', 'dag_postgre_operator', 'drop_table_task', 'manual__2024-04-05T20:02:46.475859+00:00', '--job-id', '515', '--raw', '--subdir', 'DAGS_FOLDER/dag_python_operator_extract.py', '--cfg-path', '/tmp/tmp8ib210xw']
[2024-04-05T20:49:26.037+0000] {standard_task_runner.py:88} INFO - Job 515: Subtask drop_table_task
[2024-04-05T20:49:26.144+0000] {task_command.py:423} INFO - Running <TaskInstance: dag_postgre_operator.drop_table_task manual__2024-04-05T20:02:46.475859+00:00 [running]> on host 7f6ff1f67725
[2024-04-05T20:49:26.336+0000] {taskinstance.py:2513} INFO - Exporting env vars: AIRFLOW_CTX_DAG_OWNER='***' AIRFLOW_CTX_DAG_ID='dag_postgre_operator' AIRFLOW_CTX_TASK_ID='drop_table_task' AIRFLOW_CTX_EXECUTION_DATE='2024-04-05T20:02:46.475859+00:00' AIRFLOW_CTX_TRY_NUMBER='2' AIRFLOW_CTX_DAG_RUN_ID='manual__2024-04-05T20:02:46.475859+00:00'
[2024-04-05T20:49:26.340+0000] {sql.py:276} INFO - Executing: 
    DROP TABLE IF EXISTS shooting CASCADE;
    
[2024-04-05T20:49:26.357+0000] {base.py:83} INFO - Using connection ID 'postgres_webik' for task execution.
[2024-04-05T20:49:26.375+0000] {base.py:83} INFO - Using connection ID 'postgres_webik' for task execution.
[2024-04-05T20:49:26.426+0000] {sql.py:457} INFO - Running statement: 
    DROP TABLE IF EXISTS shooting CASCADE;
    , parameters: None
[2024-04-05T20:49:26.447+0000] {logging_mixin.py:188} WARNING - /home/***/.local/lib/python3.8/site-packages/***/providers/common/sql/hooks/sql.py:407 AirflowProviderDeprecationWarning: Call to deprecated method _make_common_data_structure. (The `_make_serializable` method is deprecated and support will be removed in a future version of the common.sql provider. Please update the DbApiHook's provider to a version based on common.sql >= 1.9.1.)
[2024-04-05T20:49:26.473+0000] {taskinstance.py:1149} INFO - Marking task as SUCCESS. dag_id=dag_postgre_operator, task_id=drop_table_task, execution_date=20240405T200246, start_date=20240405T204925, end_date=20240405T204926
[2024-04-05T20:49:26.523+0000] {local_task_job_runner.py:234} INFO - Task exited with return code 0
[2024-04-05T20:49:26.612+0000] {logging_mixin.py:188} WARNING - /home/***/.local/lib/python3.8/site-packages/***/models/baseoperator.py:1201 AirflowProviderDeprecationWarning: Call to deprecated class PostgresOperator. (Please use `***.providers.common.sql.operators.sql.SQLExecuteQueryOperator`.Also, you can provide `hook_params={'schema': <database>}`.)
[2024-04-05T20:49:26.642+0000] {taskinstance.py:3312} INFO - 0 downstream tasks scheduled from follow-on schedule check
