[2024-04-05T21:17:21.553+0000] {taskinstance.py:1979} INFO - Dependencies all met for dep_context=non-requeueable deps ti=<TaskInstance: dag_postgre_operator.drop_table_task scheduled__2024-03-25T00:00:00+00:00 [queued]>
[2024-04-05T21:17:21.583+0000] {taskinstance.py:1979} INFO - Dependencies all met for dep_context=requeueable deps ti=<TaskInstance: dag_postgre_operator.drop_table_task scheduled__2024-03-25T00:00:00+00:00 [queued]>
[2024-04-05T21:17:21.584+0000] {taskinstance.py:2193} INFO - Starting attempt 5 of 5
[2024-04-05T21:17:21.638+0000] {taskinstance.py:2217} INFO - Executing <Task(PostgresOperator): drop_table_task> on 2024-03-25 00:00:00+00:00
[2024-04-05T21:17:21.662+0000] {standard_task_runner.py:60} INFO - Started process 4823 to run task
[2024-04-05T21:17:21.679+0000] {standard_task_runner.py:87} INFO - Running: ['***', 'tasks', 'run', 'dag_postgre_operator', 'drop_table_task', 'scheduled__2024-03-25T00:00:00+00:00', '--job-id', '1111', '--raw', '--subdir', 'DAGS_FOLDER/dag_python_operator_extract.py', '--cfg-path', '/tmp/tmpzyyo96yu']
[2024-04-05T21:17:21.696+0000] {standard_task_runner.py:88} INFO - Job 1111: Subtask drop_table_task
[2024-04-05T21:17:21.890+0000] {task_command.py:423} INFO - Running <TaskInstance: dag_postgre_operator.drop_table_task scheduled__2024-03-25T00:00:00+00:00 [running]> on host 7f6ff1f67725
[2024-04-05T21:17:22.121+0000] {taskinstance.py:2513} INFO - Exporting env vars: AIRFLOW_CTX_DAG_OWNER='***' AIRFLOW_CTX_DAG_ID='dag_postgre_operator' AIRFLOW_CTX_TASK_ID='drop_table_task' AIRFLOW_CTX_EXECUTION_DATE='2024-03-25T00:00:00+00:00' AIRFLOW_CTX_TRY_NUMBER='5' AIRFLOW_CTX_DAG_RUN_ID='scheduled__2024-03-25T00:00:00+00:00'
[2024-04-05T21:17:22.126+0000] {sql.py:276} INFO - Executing: 
    DROP TABLE IF EXISTS shooting CASCADE;
    
[2024-04-05T21:17:22.145+0000] {base.py:83} INFO - Using connection ID 'postgres_webik' for task execution.
[2024-04-05T21:17:22.163+0000] {base.py:83} INFO - Using connection ID 'postgres_webik' for task execution.
[2024-04-05T21:17:22.257+0000] {sql.py:457} INFO - Running statement: 
    DROP TABLE IF EXISTS shooting CASCADE;
    , parameters: None
[2024-04-05T21:17:22.287+0000] {logging_mixin.py:188} WARNING - /home/***/.local/lib/python3.8/site-packages/***/providers/common/sql/hooks/sql.py:407 AirflowProviderDeprecationWarning: Call to deprecated method _make_common_data_structure. (The `_make_serializable` method is deprecated and support will be removed in a future version of the common.sql provider. Please update the DbApiHook's provider to a version based on common.sql >= 1.9.1.)
[2024-04-05T21:17:22.327+0000] {taskinstance.py:1149} INFO - Marking task as SUCCESS. dag_id=dag_postgre_operator, task_id=drop_table_task, execution_date=20240325T000000, start_date=20240405T211721, end_date=20240405T211722
[2024-04-05T21:17:22.397+0000] {local_task_job_runner.py:234} INFO - Task exited with return code 0
[2024-04-05T21:17:22.419+0000] {logging_mixin.py:188} WARNING - /home/***/.local/lib/python3.8/site-packages/***/models/baseoperator.py:1201 AirflowProviderDeprecationWarning: Call to deprecated class PostgresOperator. (Please use `***.providers.common.sql.operators.sql.SQLExecuteQueryOperator`.Also, you can provide `hook_params={'schema': <database>}`.)
[2024-04-05T21:17:22.439+0000] {taskinstance.py:3312} INFO - 1 downstream tasks scheduled from follow-on schedule check
