[2024-04-05T20:07:16.370+0000] {taskinstance.py:1979} INFO - Dependencies all met for dep_context=non-requeueable deps ti=<TaskInstance: dag_postgre_operator.transform_shootings_task manual__2024-04-05T20:07:12.463082+00:00 [queued]>
[2024-04-05T20:07:16.385+0000] {taskinstance.py:1979} INFO - Dependencies all met for dep_context=requeueable deps ti=<TaskInstance: dag_postgre_operator.transform_shootings_task manual__2024-04-05T20:07:12.463082+00:00 [queued]>
[2024-04-05T20:07:16.386+0000] {taskinstance.py:2193} INFO - Starting attempt 1 of 1
[2024-04-05T20:07:16.407+0000] {taskinstance.py:2217} INFO - Executing <Task(PythonOperator): transform_shootings_task> on 2024-04-05 20:07:12.463082+00:00
[2024-04-05T20:07:16.414+0000] {standard_task_runner.py:60} INFO - Started process 211 to run task
[2024-04-05T20:07:16.419+0000] {standard_task_runner.py:87} INFO - Running: ['***', 'tasks', 'run', 'dag_postgre_operator', 'transform_shootings_task', 'manual__2024-04-05T20:07:12.463082+00:00', '--job-id', '269', '--raw', '--subdir', 'DAGS_FOLDER/dag_python_operator_extract.py', '--cfg-path', '/tmp/tmpyd3s77ys']
[2024-04-05T20:07:16.421+0000] {standard_task_runner.py:88} INFO - Job 269: Subtask transform_shootings_task
[2024-04-05T20:07:16.486+0000] {task_command.py:423} INFO - Running <TaskInstance: dag_postgre_operator.transform_shootings_task manual__2024-04-05T20:07:12.463082+00:00 [running]> on host 7f6ff1f67725
[2024-04-05T20:07:16.607+0000] {taskinstance.py:2513} INFO - Exporting env vars: AIRFLOW_CTX_DAG_OWNER='***' AIRFLOW_CTX_DAG_ID='dag_postgre_operator' AIRFLOW_CTX_TASK_ID='transform_shootings_task' AIRFLOW_CTX_EXECUTION_DATE='2024-04-05T20:07:12.463082+00:00' AIRFLOW_CTX_TRY_NUMBER='1' AIRFLOW_CTX_DAG_RUN_ID='manual__2024-04-05T20:07:12.463082+00:00'
[2024-04-05T20:07:16.665+0000] {Transform_Shootings.py:93} INFO - Result has been saved to the file: Assignement1/Output/dim_regions_manual__2024-04-05T20:07:12.463082+00:00.csv
[2024-04-05T20:07:16.679+0000] {dag_python_operator_extract.py:52} INFO - Transformed dataset was successfully saved as dim_regions_manual__2024-04-05T20:07:12.463082+00:00.csv
[2024-04-05T20:07:16.680+0000] {python.py:202} INFO - Done. Returned value was: None
[2024-04-05T20:07:16.689+0000] {taskinstance.py:1149} INFO - Marking task as SUCCESS. dag_id=dag_postgre_operator, task_id=transform_shootings_task, execution_date=20240405T200712, start_date=20240405T200716, end_date=20240405T200716
[2024-04-05T20:07:16.713+0000] {local_task_job_runner.py:234} INFO - Task exited with return code 0
[2024-04-05T20:07:16.727+0000] {logging_mixin.py:188} WARNING - /home/***/.local/lib/python3.8/site-packages/***/models/baseoperator.py:1201 AirflowProviderDeprecationWarning: Call to deprecated class PostgresOperator. (Please use `***.providers.common.sql.operators.sql.SQLExecuteQueryOperator`.Also, you can provide `hook_params={'schema': <database>}`.)
[2024-04-05T20:07:16.743+0000] {taskinstance.py:3312} INFO - 1 downstream tasks scheduled from follow-on schedule check
[2024-04-05T20:49:23.968+0000] {taskinstance.py:1979} INFO - Dependencies all met for dep_context=non-requeueable deps ti=<TaskInstance: dag_postgre_operator.transform_Shootings_task manual__2024-04-05T20:07:12.463082+00:00 [queued]>
[2024-04-05T20:49:23.977+0000] {taskinstance.py:1979} INFO - Dependencies all met for dep_context=requeueable deps ti=<TaskInstance: dag_postgre_operator.transform_Shootings_task manual__2024-04-05T20:07:12.463082+00:00 [queued]>
[2024-04-05T20:49:23.978+0000] {taskinstance.py:2193} INFO - Starting attempt 1 of 1
[2024-04-05T20:49:23.990+0000] {taskinstance.py:2217} INFO - Executing <Task(PythonOperator): transform_Shootings_task> on 2024-04-05 20:07:12.463082+00:00
[2024-04-05T20:49:23.996+0000] {standard_task_runner.py:60} INFO - Started process 864 to run task
[2024-04-05T20:49:23.999+0000] {standard_task_runner.py:87} INFO - Running: ['***', 'tasks', 'run', 'dag_postgre_operator', 'transform_Shootings_task', 'manual__2024-04-05T20:07:12.463082+00:00', '--job-id', '504', '--raw', '--subdir', 'DAGS_FOLDER/dag_python_operator_extract.py', '--cfg-path', '/tmp/tmpn7uahjxk']
[2024-04-05T20:49:24.002+0000] {standard_task_runner.py:88} INFO - Job 504: Subtask transform_Shootings_task
[2024-04-05T20:49:24.050+0000] {task_command.py:423} INFO - Running <TaskInstance: dag_postgre_operator.transform_Shootings_task manual__2024-04-05T20:07:12.463082+00:00 [running]> on host 7f6ff1f67725
[2024-04-05T20:49:24.120+0000] {taskinstance.py:2513} INFO - Exporting env vars: AIRFLOW_CTX_DAG_OWNER='***' AIRFLOW_CTX_DAG_ID='dag_postgre_operator' AIRFLOW_CTX_TASK_ID='transform_Shootings_task' AIRFLOW_CTX_EXECUTION_DATE='2024-04-05T20:07:12.463082+00:00' AIRFLOW_CTX_TRY_NUMBER='1' AIRFLOW_CTX_DAG_RUN_ID='manual__2024-04-05T20:07:12.463082+00:00'
[2024-04-05T20:49:24.147+0000] {Transform_Shootings.py:84} INFO - Result has been saved to the file: dim_regions_manual__2024-04-05T20:07:12.463082+00:00.csv
[2024-04-05T20:49:24.159+0000] {dag_python_operator_extract.py:52} INFO - Transformed dataset was successfully saved as dim_regions_manual__2024-04-05T20:07:12.463082+00:00.csv
[2024-04-05T20:49:24.171+0000] {logging_mixin.py:188} INFO -        incident_num  ... multiple_victims
4     I152002233-00  ...                1
12    I152006073-00  ...                1
19    I152006534-00  ...                1
41    I152025097-00  ...                1
43    I152026103-00  ...                1
...             ...  ...              ...
1825      232035550  ...                1
1845      232052689  ...                1
1877      232068420  ...                1
1883      232068420  ...                1
1890      232072799  ...                1

[82 rows x 8 columns]
[2024-04-05T20:49:24.172+0000] {python.py:202} INFO - Done. Returned value was: None
[2024-04-05T20:49:24.180+0000] {taskinstance.py:1149} INFO - Marking task as SUCCESS. dag_id=dag_postgre_operator, task_id=transform_Shootings_task, execution_date=20240405T200712, start_date=20240405T204923, end_date=20240405T204924
[2024-04-05T20:49:24.212+0000] {local_task_job_runner.py:234} INFO - Task exited with return code 0
[2024-04-05T20:49:24.224+0000] {logging_mixin.py:188} WARNING - /home/***/.local/lib/python3.8/site-packages/***/models/baseoperator.py:1201 AirflowProviderDeprecationWarning: Call to deprecated class PostgresOperator. (Please use `***.providers.common.sql.operators.sql.SQLExecuteQueryOperator`.Also, you can provide `hook_params={'schema': <database>}`.)
[2024-04-05T20:49:24.237+0000] {taskinstance.py:3312} INFO - 1 downstream tasks scheduled from follow-on schedule check
