[2024-04-05T20:49:16.786+0000] {taskinstance.py:1979} INFO - Dependencies all met for dep_context=non-requeueable deps ti=<TaskInstance: dag_postgre_operator.alter_table_task manual__2024-04-05T00:28:56.544982+00:00 [queued]>
[2024-04-05T20:49:16.812+0000] {taskinstance.py:1979} INFO - Dependencies all met for dep_context=requeueable deps ti=<TaskInstance: dag_postgre_operator.alter_table_task manual__2024-04-05T00:28:56.544982+00:00 [queued]>
[2024-04-05T20:49:16.815+0000] {taskinstance.py:2193} INFO - Starting attempt 1 of 1
[2024-04-05T20:49:17.013+0000] {taskinstance.py:2217} INFO - Executing <Task(PostgresOperator): alter_table_task> on 2024-04-05 00:28:56.544982+00:00
[2024-04-05T20:49:17.032+0000] {standard_task_runner.py:60} INFO - Started process 744 to run task
[2024-04-05T20:49:17.040+0000] {standard_task_runner.py:87} INFO - Running: ['***', 'tasks', 'run', 'dag_postgre_operator', 'alter_table_task', 'manual__2024-04-05T00:28:56.544982+00:00', '--job-id', '471', '--raw', '--subdir', 'DAGS_FOLDER/dag_python_operator_extract.py', '--cfg-path', '/tmp/tmp2vgoe9sa']
[2024-04-05T20:49:17.044+0000] {standard_task_runner.py:88} INFO - Job 471: Subtask alter_table_task
[2024-04-05T20:49:17.138+0000] {task_command.py:423} INFO - Running <TaskInstance: dag_postgre_operator.alter_table_task manual__2024-04-05T00:28:56.544982+00:00 [running]> on host 7f6ff1f67725
[2024-04-05T20:49:17.278+0000] {taskinstance.py:2513} INFO - Exporting env vars: AIRFLOW_CTX_DAG_OWNER='***' AIRFLOW_CTX_DAG_ID='dag_postgre_operator' AIRFLOW_CTX_TASK_ID='alter_table_task' AIRFLOW_CTX_EXECUTION_DATE='2024-04-05T00:28:56.544982+00:00' AIRFLOW_CTX_TRY_NUMBER='1' AIRFLOW_CTX_DAG_RUN_ID='manual__2024-04-05T00:28:56.544982+00:00'
[2024-04-05T20:49:17.279+0000] {sql.py:276} INFO - Executing: 
    ALTER TABLE shooting
    ADD CONSTRAINT incident_pk PRIMARY KEY (incident_ID);
    
[2024-04-05T20:49:17.287+0000] {base.py:83} INFO - Using connection ID 'postgres_webik' for task execution.
[2024-04-05T20:49:17.295+0000] {base.py:83} INFO - Using connection ID 'postgres_webik' for task execution.
[2024-04-05T20:49:17.337+0000] {sql.py:457} INFO - Running statement: 
    ALTER TABLE shooting
    ADD CONSTRAINT incident_pk PRIMARY KEY (incident_ID);
    , parameters: None
[2024-04-05T20:49:17.348+0000] {taskinstance.py:2731} ERROR - Task failed with exception
Traceback (most recent call last):
  File "/home/airflow/.local/lib/python3.8/site-packages/airflow/models/taskinstance.py", line 444, in _execute_task
    result = _execute_callable(context=context, **execute_callable_kwargs)
  File "/home/airflow/.local/lib/python3.8/site-packages/airflow/models/taskinstance.py", line 414, in _execute_callable
    return execute_callable(context=context, **execute_callable_kwargs)
  File "/home/airflow/.local/lib/python3.8/site-packages/airflow/providers/common/sql/operators/sql.py", line 282, in execute
    output = hook.run(
  File "/home/airflow/.local/lib/python3.8/site-packages/airflow/providers/common/sql/hooks/sql.py", line 404, in run
    self._run_command(cur, sql_statement, parameters)
  File "/home/airflow/.local/lib/python3.8/site-packages/airflow/providers/common/sql/hooks/sql.py", line 462, in _run_command
    cur.execute(sql_statement)
psycopg2.errors.InvalidTableDefinition: multiple primary keys for table "shooting" are not allowed

[2024-04-05T20:49:17.355+0000] {taskinstance.py:1149} INFO - Marking task as FAILED. dag_id=dag_postgre_operator, task_id=alter_table_task, execution_date=20240405T002856, start_date=20240405T204916, end_date=20240405T204917
[2024-04-05T20:49:17.367+0000] {standard_task_runner.py:107} ERROR - Failed to execute job 471 for task alter_table_task (multiple primary keys for table "shooting" are not allowed
; 744)
[2024-04-05T20:49:17.413+0000] {local_task_job_runner.py:234} INFO - Task exited with return code 1
[2024-04-05T20:49:17.429+0000] {taskinstance.py:3312} INFO - 0 downstream tasks scheduled from follow-on schedule check
