[2024-04-05T20:49:29.452+0000] {taskinstance.py:1979} INFO - Dependencies all met for dep_context=non-requeueable deps ti=<TaskInstance: dag_postgre_operator.alter_table_task manual__2024-04-05T19:57:52.511736+00:00 [queued]>
[2024-04-05T20:49:29.461+0000] {taskinstance.py:1979} INFO - Dependencies all met for dep_context=requeueable deps ti=<TaskInstance: dag_postgre_operator.alter_table_task manual__2024-04-05T19:57:52.511736+00:00 [queued]>
[2024-04-05T20:49:29.462+0000] {taskinstance.py:2193} INFO - Starting attempt 1 of 1
[2024-04-05T20:49:29.476+0000] {taskinstance.py:2217} INFO - Executing <Task(PostgresOperator): alter_table_task> on 2024-04-05 19:57:52.511736+00:00
[2024-04-05T20:49:29.481+0000] {standard_task_runner.py:60} INFO - Started process 956 to run task
[2024-04-05T20:49:29.486+0000] {standard_task_runner.py:87} INFO - Running: ['***', 'tasks', 'run', 'dag_postgre_operator', 'alter_table_task', 'manual__2024-04-05T19:57:52.511736+00:00', '--job-id', '534', '--raw', '--subdir', 'DAGS_FOLDER/dag_python_operator_extract.py', '--cfg-path', '/tmp/tmpfpwqs6cy']
[2024-04-05T20:49:29.489+0000] {standard_task_runner.py:88} INFO - Job 534: Subtask alter_table_task
[2024-04-05T20:49:29.539+0000] {task_command.py:423} INFO - Running <TaskInstance: dag_postgre_operator.alter_table_task manual__2024-04-05T19:57:52.511736+00:00 [running]> on host 7f6ff1f67725
[2024-04-05T20:49:29.640+0000] {taskinstance.py:2513} INFO - Exporting env vars: AIRFLOW_CTX_DAG_OWNER='***' AIRFLOW_CTX_DAG_ID='dag_postgre_operator' AIRFLOW_CTX_TASK_ID='alter_table_task' AIRFLOW_CTX_EXECUTION_DATE='2024-04-05T19:57:52.511736+00:00' AIRFLOW_CTX_TRY_NUMBER='1' AIRFLOW_CTX_DAG_RUN_ID='manual__2024-04-05T19:57:52.511736+00:00'
[2024-04-05T20:49:29.643+0000] {sql.py:276} INFO - Executing: 
    ALTER TABLE shooting
    ADD CONSTRAINT incident_pk PRIMARY KEY (incident_ID);
    
[2024-04-05T20:49:29.658+0000] {base.py:83} INFO - Using connection ID 'postgres_webik' for task execution.
[2024-04-05T20:49:29.675+0000] {base.py:83} INFO - Using connection ID 'postgres_webik' for task execution.
[2024-04-05T20:49:29.731+0000] {sql.py:457} INFO - Running statement: 
    ALTER TABLE shooting
    ADD CONSTRAINT incident_pk PRIMARY KEY (incident_ID);
    , parameters: None
[2024-04-05T20:49:29.753+0000] {logging_mixin.py:188} WARNING - /home/***/.local/lib/python3.8/site-packages/***/providers/common/sql/hooks/sql.py:407 AirflowProviderDeprecationWarning: Call to deprecated method _make_common_data_structure. (The `_make_serializable` method is deprecated and support will be removed in a future version of the common.sql provider. Please update the DbApiHook's provider to a version based on common.sql >= 1.9.1.)
[2024-04-05T20:49:29.769+0000] {taskinstance.py:1149} INFO - Marking task as SUCCESS. dag_id=dag_postgre_operator, task_id=alter_table_task, execution_date=20240405T195752, start_date=20240405T204929, end_date=20240405T204929
[2024-04-05T20:49:29.818+0000] {local_task_job_runner.py:234} INFO - Task exited with return code 0
[2024-04-05T20:49:29.831+0000] {taskinstance.py:3312} INFO - 0 downstream tasks scheduled from follow-on schedule check
