[2024-04-05T21:21:02.564+0000] {taskinstance.py:1979} INFO - Dependencies all met for dep_context=non-requeueable deps ti=<TaskInstance: dag_postgre_operator.alter_table_task manual__2024-04-05T21:20:54.141616+00:00 [queued]>
[2024-04-05T21:21:02.572+0000] {taskinstance.py:1979} INFO - Dependencies all met for dep_context=requeueable deps ti=<TaskInstance: dag_postgre_operator.alter_table_task manual__2024-04-05T21:20:54.141616+00:00 [queued]>
[2024-04-05T21:21:02.573+0000] {taskinstance.py:2193} INFO - Starting attempt 1 of 1
[2024-04-05T21:21:02.584+0000] {taskinstance.py:2217} INFO - Executing <Task(PostgresOperator): alter_table_task> on 2024-04-05 21:20:54.141616+00:00
[2024-04-05T21:21:02.589+0000] {standard_task_runner.py:60} INFO - Started process 5802 to run task
[2024-04-05T21:21:02.592+0000] {standard_task_runner.py:87} INFO - Running: ['***', 'tasks', 'run', 'dag_postgre_operator', 'alter_table_task', 'manual__2024-04-05T21:20:54.141616+00:00', '--job-id', '1354', '--raw', '--subdir', 'DAGS_FOLDER/dag_python_operator_extract.py', '--cfg-path', '/tmp/tmp30q_6pvb']
[2024-04-05T21:21:02.594+0000] {standard_task_runner.py:88} INFO - Job 1354: Subtask alter_table_task
[2024-04-05T21:21:02.639+0000] {task_command.py:423} INFO - Running <TaskInstance: dag_postgre_operator.alter_table_task manual__2024-04-05T21:20:54.141616+00:00 [running]> on host 7f6ff1f67725
[2024-04-05T21:21:02.725+0000] {taskinstance.py:2513} INFO - Exporting env vars: AIRFLOW_CTX_DAG_OWNER='***' AIRFLOW_CTX_DAG_ID='dag_postgre_operator' AIRFLOW_CTX_TASK_ID='alter_table_task' AIRFLOW_CTX_EXECUTION_DATE='2024-04-05T21:20:54.141616+00:00' AIRFLOW_CTX_TRY_NUMBER='1' AIRFLOW_CTX_DAG_RUN_ID='manual__2024-04-05T21:20:54.141616+00:00'
[2024-04-05T21:21:02.726+0000] {sql.py:276} INFO - Executing: 
    ALTER TABLE shooting
    ADD CONSTRAINT incident_pk PRIMARY KEY (incident_ID);
    
[2024-04-05T21:21:02.742+0000] {base.py:83} INFO - Using connection ID 'postgres_webik' for task execution.
[2024-04-05T21:21:02.758+0000] {base.py:83} INFO - Using connection ID 'postgres_webik' for task execution.
[2024-04-05T21:21:02.833+0000] {sql.py:457} INFO - Running statement: 
    ALTER TABLE shooting
    ADD CONSTRAINT incident_pk PRIMARY KEY (incident_ID);
    , parameters: None
[2024-04-05T21:21:02.863+0000] {logging_mixin.py:188} WARNING - /home/***/.local/lib/python3.8/site-packages/***/providers/common/sql/hooks/sql.py:407 AirflowProviderDeprecationWarning: Call to deprecated method _make_common_data_structure. (The `_make_serializable` method is deprecated and support will be removed in a future version of the common.sql provider. Please update the DbApiHook's provider to a version based on common.sql >= 1.9.1.)
[2024-04-05T21:21:02.897+0000] {taskinstance.py:1149} INFO - Marking task as SUCCESS. dag_id=dag_postgre_operator, task_id=alter_table_task, execution_date=20240405T212054, start_date=20240405T212102, end_date=20240405T212102
[2024-04-05T21:21:02.967+0000] {local_task_job_runner.py:234} INFO - Task exited with return code 0
[2024-04-05T21:21:03.003+0000] {taskinstance.py:3312} INFO - 0 downstream tasks scheduled from follow-on schedule check
