[2024-04-05T00:29:42.629+0000] {taskinstance.py:1979} INFO - Dependencies all met for dep_context=non-requeueable deps ti=<TaskInstance: dag_postgre_operator.extract_Shootings_task manual__2024-04-05T00:29:41.522153+00:00 [queued]>
[2024-04-05T00:29:42.646+0000] {taskinstance.py:1979} INFO - Dependencies all met for dep_context=requeueable deps ti=<TaskInstance: dag_postgre_operator.extract_Shootings_task manual__2024-04-05T00:29:41.522153+00:00 [queued]>
[2024-04-05T00:29:42.647+0000] {taskinstance.py:2193} INFO - Starting attempt 1 of 4
[2024-04-05T00:29:42.677+0000] {taskinstance.py:2217} INFO - Executing <Task(PythonOperator): extract_Shootings_task> on 2024-04-05 00:29:41.522153+00:00
[2024-04-05T00:29:42.692+0000] {standard_task_runner.py:60} INFO - Started process 462 to run task
[2024-04-05T00:29:42.699+0000] {standard_task_runner.py:87} INFO - Running: ['***', 'tasks', 'run', 'dag_postgre_operator', 'extract_Shootings_task', 'manual__2024-04-05T00:29:41.522153+00:00', '--job-id', '142', '--raw', '--subdir', 'DAGS_FOLDER/dag_python_operator_extract.py', '--cfg-path', '/tmp/tmpwbmge5t7']
[2024-04-05T00:29:42.704+0000] {standard_task_runner.py:88} INFO - Job 142: Subtask extract_Shootings_task
[2024-04-05T00:29:42.787+0000] {task_command.py:423} INFO - Running <TaskInstance: dag_postgre_operator.extract_Shootings_task manual__2024-04-05T00:29:41.522153+00:00 [running]> on host 7f6ff1f67725
[2024-04-05T00:29:42.912+0000] {taskinstance.py:2513} INFO - Exporting env vars: AIRFLOW_CTX_DAG_OWNER='moughel' AIRFLOW_CTX_DAG_ID='dag_postgre_operator' AIRFLOW_CTX_TASK_ID='extract_Shootings_task' AIRFLOW_CTX_EXECUTION_DATE='2024-04-05T00:29:41.522153+00:00' AIRFLOW_CTX_TRY_NUMBER='1' AIRFLOW_CTX_DAG_RUN_ID='manual__2024-04-05T00:29:41.522153+00:00'
[2024-04-05T00:29:43.990+0000] {Extract_BotonGOV.py:71} INFO - CSV data saved to /opt/***/plugins/ShootingsBostonGOV/ShootingsBostonGOV.csv
[2024-04-05T00:29:43.991+0000] {dag_python_operator_extract.py:21} INFO - File was successfully saved as ShootingsBostonGOV.csv
[2024-04-05T00:29:43.991+0000] {python.py:202} INFO - Done. Returned value was: None
[2024-04-05T00:29:44.003+0000] {taskinstance.py:1149} INFO - Marking task as SUCCESS. dag_id=dag_postgre_operator, task_id=extract_Shootings_task, execution_date=20240405T002941, start_date=20240405T002942, end_date=20240405T002944
[2024-04-05T00:29:44.040+0000] {local_task_job_runner.py:234} INFO - Task exited with return code 0
[2024-04-05T00:29:44.059+0000] {logging_mixin.py:188} WARNING - /home/***/.local/lib/python3.8/site-packages/***/models/baseoperator.py:1201 AirflowProviderDeprecationWarning: Call to deprecated class PostgresOperator. (Please use `***.providers.common.sql.operators.sql.SQLExecuteQueryOperator`.Also, you can provide `hook_params={'schema': <database>}`.)
[2024-04-05T00:29:44.076+0000] {taskinstance.py:3312} INFO - 1 downstream tasks scheduled from follow-on schedule check
[2024-04-05T20:49:04.262+0000] {taskinstance.py:1979} INFO - Dependencies all met for dep_context=non-requeueable deps ti=<TaskInstance: dag_postgre_operator.extract_shootings_task manual__2024-04-05T00:29:41.522153+00:00 [queued]>
[2024-04-05T20:49:04.281+0000] {taskinstance.py:1979} INFO - Dependencies all met for dep_context=requeueable deps ti=<TaskInstance: dag_postgre_operator.extract_shootings_task manual__2024-04-05T00:29:41.522153+00:00 [queued]>
[2024-04-05T20:49:04.283+0000] {taskinstance.py:2193} INFO - Starting attempt 1 of 4
[2024-04-05T20:49:04.314+0000] {taskinstance.py:2217} INFO - Executing <Task(PythonOperator): extract_shootings_task> on 2024-04-05 00:29:41.522153+00:00
[2024-04-05T20:49:04.327+0000] {standard_task_runner.py:60} INFO - Started process 528 to run task
[2024-04-05T20:49:04.333+0000] {standard_task_runner.py:87} INFO - Running: ['***', 'tasks', 'run', 'dag_postgre_operator', 'extract_shootings_task', 'manual__2024-04-05T00:29:41.522153+00:00', '--job-id', '392', '--raw', '--subdir', 'DAGS_FOLDER/dag_python_operator_extract.py', '--cfg-path', '/tmp/tmpfy1ho_yi']
[2024-04-05T20:49:04.336+0000] {standard_task_runner.py:88} INFO - Job 392: Subtask extract_shootings_task
[2024-04-05T20:49:04.486+0000] {task_command.py:423} INFO - Running <TaskInstance: dag_postgre_operator.extract_shootings_task manual__2024-04-05T00:29:41.522153+00:00 [running]> on host 7f6ff1f67725
[2024-04-05T20:49:04.661+0000] {taskinstance.py:2513} INFO - Exporting env vars: AIRFLOW_CTX_DAG_OWNER='moughel' AIRFLOW_CTX_DAG_ID='dag_postgre_operator' AIRFLOW_CTX_TASK_ID='extract_shootings_task' AIRFLOW_CTX_EXECUTION_DATE='2024-04-05T00:29:41.522153+00:00' AIRFLOW_CTX_TRY_NUMBER='1' AIRFLOW_CTX_DAG_RUN_ID='manual__2024-04-05T00:29:41.522153+00:00'
[2024-04-05T20:49:05.821+0000] {Extract_BotonGOV.py:66} INFO - CSV data saved to dataset_regions_manual__2024-04-05T00:29:41.522153+00:00.csv
[2024-04-05T20:49:05.834+0000] {dag_python_operator_extract.py:23} INFO - File was successfully saved as dataset_regions_manual__2024-04-05T00:29:41.522153+00:00.csv
[2024-04-05T20:49:05.835+0000] {python.py:202} INFO - Done. Returned value was: None
[2024-04-05T20:49:05.845+0000] {taskinstance.py:1149} INFO - Marking task as SUCCESS. dag_id=dag_postgre_operator, task_id=extract_shootings_task, execution_date=20240405T002941, start_date=20240405T204904, end_date=20240405T204905
[2024-04-05T20:49:05.885+0000] {local_task_job_runner.py:234} INFO - Task exited with return code 0
[2024-04-05T20:49:05.910+0000] {logging_mixin.py:188} WARNING - /home/***/.local/lib/python3.8/site-packages/***/models/baseoperator.py:1201 AirflowProviderDeprecationWarning: Call to deprecated class PostgresOperator. (Please use `***.providers.common.sql.operators.sql.SQLExecuteQueryOperator`.Also, you can provide `hook_params={'schema': <database>}`.)
[2024-04-05T20:49:05.939+0000] {taskinstance.py:3312} INFO - 1 downstream tasks scheduled from follow-on schedule check
