[2024-04-05T21:13:31.964+0000] {taskinstance.py:1979} INFO - Dependencies all met for dep_context=non-requeueable deps ti=<TaskInstance: dag_postgre_operator.alter_table_task manual__2024-04-05T20:12:33.404503+00:00 [queued]>
[2024-04-05T21:13:31.974+0000] {taskinstance.py:1979} INFO - Dependencies all met for dep_context=requeueable deps ti=<TaskInstance: dag_postgre_operator.alter_table_task manual__2024-04-05T20:12:33.404503+00:00 [queued]>
[2024-04-05T21:13:31.975+0000] {taskinstance.py:2193} INFO - Starting attempt 1 of 1
[2024-04-05T21:13:31.987+0000] {taskinstance.py:2217} INFO - Executing <Task(PostgresOperator): alter_table_task> on 2024-04-05 20:12:33.404503+00:00
[2024-04-05T21:13:31.993+0000] {standard_task_runner.py:60} INFO - Started process 3637 to run task
[2024-04-05T21:13:31.995+0000] {standard_task_runner.py:87} INFO - Running: ['***', 'tasks', 'run', 'dag_postgre_operator', 'alter_table_task', 'manual__2024-04-05T20:12:33.404503+00:00', '--job-id', '812', '--raw', '--subdir', 'DAGS_FOLDER/dag_python_operator_extract.py', '--cfg-path', '/tmp/tmpzkd5jf9w']
[2024-04-05T21:13:31.998+0000] {standard_task_runner.py:88} INFO - Job 812: Subtask alter_table_task
[2024-04-05T21:13:32.045+0000] {task_command.py:423} INFO - Running <TaskInstance: dag_postgre_operator.alter_table_task manual__2024-04-05T20:12:33.404503+00:00 [running]> on host 7f6ff1f67725
[2024-04-05T21:13:32.121+0000] {taskinstance.py:2513} INFO - Exporting env vars: AIRFLOW_CTX_DAG_OWNER='***' AIRFLOW_CTX_DAG_ID='dag_postgre_operator' AIRFLOW_CTX_TASK_ID='alter_table_task' AIRFLOW_CTX_EXECUTION_DATE='2024-04-05T20:12:33.404503+00:00' AIRFLOW_CTX_TRY_NUMBER='1' AIRFLOW_CTX_DAG_RUN_ID='manual__2024-04-05T20:12:33.404503+00:00'
[2024-04-05T21:13:32.123+0000] {sql.py:276} INFO - Executing: 
    ALTER TABLE shooting
    ADD CONSTRAINT incident_pk PRIMARY KEY (incident_ID);
    
[2024-04-05T21:13:32.131+0000] {base.py:83} INFO - Using connection ID 'postgres_webik' for task execution.
[2024-04-05T21:13:32.139+0000] {base.py:83} INFO - Using connection ID 'postgres_webik' for task execution.
[2024-04-05T21:13:32.214+0000] {sql.py:457} INFO - Running statement: 
    ALTER TABLE shooting
    ADD CONSTRAINT incident_pk PRIMARY KEY (incident_ID);
    , parameters: None
[2024-04-05T21:13:32.240+0000] {logging_mixin.py:188} WARNING - /home/***/.local/lib/python3.8/site-packages/***/providers/common/sql/hooks/sql.py:407 AirflowProviderDeprecationWarning: Call to deprecated method _make_common_data_structure. (The `_make_serializable` method is deprecated and support will be removed in a future version of the common.sql provider. Please update the DbApiHook's provider to a version based on common.sql >= 1.9.1.)
[2024-04-05T21:13:32.258+0000] {taskinstance.py:1149} INFO - Marking task as SUCCESS. dag_id=dag_postgre_operator, task_id=alter_table_task, execution_date=20240405T201233, start_date=20240405T211331, end_date=20240405T211332
[2024-04-05T21:13:32.289+0000] {local_task_job_runner.py:234} INFO - Task exited with return code 0
[2024-04-05T21:13:32.309+0000] {taskinstance.py:3312} INFO - 0 downstream tasks scheduled from follow-on schedule check
