[2024-04-04T21:38:24.733+0000] {taskinstance.py:1979} INFO - Dependencies all met for dep_context=non-requeueable deps ti=<TaskInstance: dag_postgre_operator.extract_Shootings_task manual__2024-04-04T21:38:23.951556+00:00 [queued]>
[2024-04-04T21:38:24.771+0000] {taskinstance.py:1979} INFO - Dependencies all met for dep_context=requeueable deps ti=<TaskInstance: dag_postgre_operator.extract_Shootings_task manual__2024-04-04T21:38:23.951556+00:00 [queued]>
[2024-04-04T21:38:24.772+0000] {taskinstance.py:2193} INFO - Starting attempt 1 of 4
[2024-04-04T21:38:24.885+0000] {taskinstance.py:2217} INFO - Executing <Task(PythonOperator): extract_Shootings_task> on 2024-04-04 21:38:23.951556+00:00
[2024-04-04T21:38:24.902+0000] {standard_task_runner.py:60} INFO - Started process 210 to run task
[2024-04-04T21:38:24.907+0000] {standard_task_runner.py:87} INFO - Running: ['***', 'tasks', 'run', 'dag_postgre_operator', 'extract_Shootings_task', 'manual__2024-04-04T21:38:23.951556+00:00', '--job-id', '46', '--raw', '--subdir', 'DAGS_FOLDER/dag_python_operator_extract.py', '--cfg-path', '/tmp/tmpsr807a8_']
[2024-04-04T21:38:24.912+0000] {standard_task_runner.py:88} INFO - Job 46: Subtask extract_Shootings_task
[2024-04-04T21:38:24.995+0000] {task_command.py:423} INFO - Running <TaskInstance: dag_postgre_operator.extract_Shootings_task manual__2024-04-04T21:38:23.951556+00:00 [running]> on host 7f6ff1f67725
[2024-04-04T21:38:25.148+0000] {taskinstance.py:2513} INFO - Exporting env vars: AIRFLOW_CTX_DAG_OWNER='moughel' AIRFLOW_CTX_DAG_ID='dag_postgre_operator' AIRFLOW_CTX_TASK_ID='extract_Shootings_task' AIRFLOW_CTX_EXECUTION_DATE='2024-04-04T21:38:23.951556+00:00' AIRFLOW_CTX_TRY_NUMBER='1' AIRFLOW_CTX_DAG_RUN_ID='manual__2024-04-04T21:38:23.951556+00:00'
[2024-04-04T21:38:28.724+0000] {Extract_BotonGOV.py:71} INFO - CSV data saved to /opt/***/plugins/ShootingsBostonGOV/ShootingsBostonGOV.csv
[2024-04-04T21:38:28.727+0000] {dag_python_operator_extract.py:21} INFO - File was successfully saved as ShootingsBostonGOV.csv
[2024-04-04T21:38:28.728+0000] {python.py:202} INFO - Done. Returned value was: None
[2024-04-04T21:38:28.749+0000] {taskinstance.py:1149} INFO - Marking task as SUCCESS. dag_id=dag_postgre_operator, task_id=extract_Shootings_task, execution_date=20240404T213823, start_date=20240404T213824, end_date=20240404T213828
[2024-04-04T21:38:28.865+0000] {local_task_job_runner.py:234} INFO - Task exited with return code 0
[2024-04-04T21:38:28.903+0000] {logging_mixin.py:188} WARNING - /home/***/.local/lib/python3.8/site-packages/***/models/baseoperator.py:1201 AirflowProviderDeprecationWarning: Call to deprecated class PostgresOperator. (Please use `***.providers.common.sql.operators.sql.SQLExecuteQueryOperator`.Also, you can provide `hook_params={'schema': <database>}`.)
[2024-04-04T21:38:28.933+0000] {taskinstance.py:3312} INFO - 1 downstream tasks scheduled from follow-on schedule check
[2024-04-05T20:48:49.823+0000] {taskinstance.py:1979} INFO - Dependencies all met for dep_context=non-requeueable deps ti=<TaskInstance: dag_postgre_operator.extract_shootings_task manual__2024-04-04T21:38:23.951556+00:00 [queued]>
[2024-04-05T20:48:49.846+0000] {taskinstance.py:1979} INFO - Dependencies all met for dep_context=requeueable deps ti=<TaskInstance: dag_postgre_operator.extract_shootings_task manual__2024-04-04T21:38:23.951556+00:00 [queued]>
[2024-04-05T20:48:49.847+0000] {taskinstance.py:2193} INFO - Starting attempt 1 of 4
[2024-04-05T20:48:49.886+0000] {taskinstance.py:2217} INFO - Executing <Task(PythonOperator): extract_shootings_task> on 2024-04-04 21:38:23.951556+00:00
[2024-04-05T20:48:49.902+0000] {standard_task_runner.py:60} INFO - Started process 329 to run task
[2024-04-05T20:48:49.914+0000] {standard_task_runner.py:87} INFO - Running: ['***', 'tasks', 'run', 'dag_postgre_operator', 'extract_shootings_task', 'manual__2024-04-04T21:38:23.951556+00:00', '--job-id', '333', '--raw', '--subdir', 'DAGS_FOLDER/dag_python_operator_extract.py', '--cfg-path', '/tmp/tmp3o6g3zgz']
[2024-04-05T20:48:49.926+0000] {standard_task_runner.py:88} INFO - Job 333: Subtask extract_shootings_task
[2024-04-05T20:48:50.102+0000] {task_command.py:423} INFO - Running <TaskInstance: dag_postgre_operator.extract_shootings_task manual__2024-04-04T21:38:23.951556+00:00 [running]> on host 7f6ff1f67725
[2024-04-05T20:48:50.348+0000] {taskinstance.py:2513} INFO - Exporting env vars: AIRFLOW_CTX_DAG_OWNER='moughel' AIRFLOW_CTX_DAG_ID='dag_postgre_operator' AIRFLOW_CTX_TASK_ID='extract_shootings_task' AIRFLOW_CTX_EXECUTION_DATE='2024-04-04T21:38:23.951556+00:00' AIRFLOW_CTX_TRY_NUMBER='1' AIRFLOW_CTX_DAG_RUN_ID='manual__2024-04-04T21:38:23.951556+00:00'
[2024-04-05T20:48:51.512+0000] {Extract_BotonGOV.py:66} INFO - CSV data saved to dataset_regions_manual__2024-04-04T21:38:23.951556+00:00.csv
[2024-04-05T20:48:51.526+0000] {dag_python_operator_extract.py:23} INFO - File was successfully saved as dataset_regions_manual__2024-04-04T21:38:23.951556+00:00.csv
[2024-04-05T20:48:51.526+0000] {python.py:202} INFO - Done. Returned value was: None
[2024-04-05T20:48:51.534+0000] {taskinstance.py:1149} INFO - Marking task as SUCCESS. dag_id=dag_postgre_operator, task_id=extract_shootings_task, execution_date=20240404T213823, start_date=20240405T204849, end_date=20240405T204851
[2024-04-05T20:48:51.589+0000] {local_task_job_runner.py:234} INFO - Task exited with return code 0
[2024-04-05T20:48:51.761+0000] {logging_mixin.py:188} WARNING - /home/***/.local/lib/python3.8/site-packages/***/models/baseoperator.py:1201 AirflowProviderDeprecationWarning: Call to deprecated class PostgresOperator. (Please use `***.providers.common.sql.operators.sql.SQLExecuteQueryOperator`.Also, you can provide `hook_params={'schema': <database>}`.)
[2024-04-05T20:48:51.797+0000] {taskinstance.py:3312} INFO - 0 downstream tasks scheduled from follow-on schedule check
