[2024-04-05T21:13:18.155+0000] {taskinstance.py:1979} INFO - Dependencies all met for dep_context=non-requeueable deps ti=<TaskInstance: dag_postgre_operator.insert_data_task manual__2024-04-05T00:55:12.697382+00:00 [queued]>
[2024-04-05T21:13:18.166+0000] {taskinstance.py:1979} INFO - Dependencies all met for dep_context=requeueable deps ti=<TaskInstance: dag_postgre_operator.insert_data_task manual__2024-04-05T00:55:12.697382+00:00 [queued]>
[2024-04-05T21:13:18.167+0000] {taskinstance.py:2193} INFO - Starting attempt 2 of 2
[2024-04-05T21:13:18.185+0000] {taskinstance.py:2217} INFO - Executing <Task(PostgresBulkLoadOperator): insert_data_task> on 2024-04-05 00:55:12.697382+00:00
[2024-04-05T21:13:18.194+0000] {standard_task_runner.py:60} INFO - Started process 3500 to run task
[2024-04-05T21:13:18.197+0000] {standard_task_runner.py:87} INFO - Running: ['***', 'tasks', 'run', 'dag_postgre_operator', 'insert_data_task', 'manual__2024-04-05T00:55:12.697382+00:00', '--job-id', '765', '--raw', '--subdir', 'DAGS_FOLDER/dag_python_operator_extract.py', '--cfg-path', '/tmp/tmp1c51ffv1']
[2024-04-05T21:13:18.201+0000] {standard_task_runner.py:88} INFO - Job 765: Subtask insert_data_task
[2024-04-05T21:13:18.263+0000] {task_command.py:423} INFO - Running <TaskInstance: dag_postgre_operator.insert_data_task manual__2024-04-05T00:55:12.697382+00:00 [running]> on host 7f6ff1f67725
[2024-04-05T21:13:18.374+0000] {taskinstance.py:2513} INFO - Exporting env vars: AIRFLOW_CTX_DAG_OWNER='***' AIRFLOW_CTX_DAG_ID='dag_postgre_operator' AIRFLOW_CTX_TASK_ID='insert_data_task' AIRFLOW_CTX_EXECUTION_DATE='2024-04-05T00:55:12.697382+00:00' AIRFLOW_CTX_TRY_NUMBER='2' AIRFLOW_CTX_DAG_RUN_ID='manual__2024-04-05T00:55:12.697382+00:00'
[2024-04-05T21:13:18.376+0000] {postgres.py:175} INFO - Running copy expert: COPY shooting (incident_num, shooting_date, district, Shooting_type, Gender, Race, Ethnicity, multiple_victims) FROM STDIN WITH CSV HEADER, filename: dim_regions_manual__2024-04-05T00:55:12.697382+00:00.csv
[2024-04-05T21:13:18.387+0000] {base.py:83} INFO - Using connection ID 'postgres_webik' for task execution.
[2024-04-05T21:13:18.445+0000] {dag_python_operator_extract.py:93} ERROR - An error occurred while reading data from file: relation "shooting" does not exist

[2024-04-05T21:13:18.446+0000] {taskinstance.py:2731} ERROR - Task failed with exception
Traceback (most recent call last):
  File "/home/airflow/.local/lib/python3.8/site-packages/airflow/models/taskinstance.py", line 444, in _execute_task
    result = _execute_callable(context=context, **execute_callable_kwargs)
  File "/home/airflow/.local/lib/python3.8/site-packages/airflow/models/taskinstance.py", line 414, in _execute_callable
    return execute_callable(context=context, **execute_callable_kwargs)
  File "/opt/airflow/dags/dag_python_operator_extract.py", line 88, in execute
    hook.copy_expert(copy_sql, f.name)
  File "/home/airflow/.local/lib/python3.8/site-packages/airflow/providers/postgres/hooks/postgres.py", line 181, in copy_expert
    cur.copy_expert(sql, file)
psycopg2.errors.UndefinedTable: relation "shooting" does not exist

[2024-04-05T21:13:18.457+0000] {taskinstance.py:1149} INFO - Marking task as FAILED. dag_id=dag_postgre_operator, task_id=insert_data_task, execution_date=20240405T005512, start_date=20240405T211318, end_date=20240405T211318
[2024-04-05T21:13:18.469+0000] {standard_task_runner.py:107} ERROR - Failed to execute job 765 for task insert_data_task (relation "shooting" does not exist
; 3500)
[2024-04-05T21:13:18.492+0000] {local_task_job_runner.py:234} INFO - Task exited with return code 1
[2024-04-05T21:13:18.505+0000] {logging_mixin.py:188} WARNING - /home/***/.local/lib/python3.8/site-packages/***/models/baseoperator.py:1201 AirflowProviderDeprecationWarning: Call to deprecated class PostgresOperator. (Please use `***.providers.common.sql.operators.sql.SQLExecuteQueryOperator`.Also, you can provide `hook_params={'schema': <database>}`.)
[2024-04-05T21:13:18.517+0000] {taskinstance.py:3312} INFO - 0 downstream tasks scheduled from follow-on schedule check
