[2024-04-04T21:38:30.843+0000] {taskinstance.py:1979} INFO - Dependencies all met for dep_context=non-requeueable deps ti=<TaskInstance: dag_postgre_operator.drop_table_task scheduled__2024-03-23T00:00:00+00:00 [queued]>
[2024-04-04T21:38:30.892+0000] {taskinstance.py:1979} INFO - Dependencies all met for dep_context=requeueable deps ti=<TaskInstance: dag_postgre_operator.drop_table_task scheduled__2024-03-23T00:00:00+00:00 [queued]>
[2024-04-04T21:38:30.896+0000] {taskinstance.py:2193} INFO - Starting attempt 1 of 1
[2024-04-04T21:38:31.070+0000] {taskinstance.py:2217} INFO - Executing <Task(PostgresOperator): drop_table_task> on 2024-03-23 00:00:00+00:00
[2024-04-04T21:38:31.086+0000] {standard_task_runner.py:60} INFO - Started process 262 to run task
[2024-04-04T21:38:31.095+0000] {standard_task_runner.py:87} INFO - Running: ['***', 'tasks', 'run', 'dag_postgre_operator', 'drop_table_task', 'scheduled__2024-03-23T00:00:00+00:00', '--job-id', '70', '--raw', '--subdir', 'DAGS_FOLDER/dag_python_operator_extract.py', '--cfg-path', '/tmp/tmpbwzx8pfi']
[2024-04-04T21:38:31.103+0000] {standard_task_runner.py:88} INFO - Job 70: Subtask drop_table_task
[2024-04-04T21:38:31.290+0000] {task_command.py:423} INFO - Running <TaskInstance: dag_postgre_operator.drop_table_task scheduled__2024-03-23T00:00:00+00:00 [running]> on host 7f6ff1f67725
[2024-04-04T21:38:31.529+0000] {taskinstance.py:2513} INFO - Exporting env vars: AIRFLOW_CTX_DAG_OWNER='***' AIRFLOW_CTX_DAG_ID='dag_postgre_operator' AIRFLOW_CTX_TASK_ID='drop_table_task' AIRFLOW_CTX_EXECUTION_DATE='2024-03-23T00:00:00+00:00' AIRFLOW_CTX_TRY_NUMBER='1' AIRFLOW_CTX_DAG_RUN_ID='scheduled__2024-03-23T00:00:00+00:00'
[2024-04-04T21:38:31.533+0000] {sql.py:276} INFO - Executing: 
    DROP TABLE IF EXISTS shooting CASCADE;
    
[2024-04-04T21:38:31.607+0000] {taskinstance.py:2731} ERROR - Task failed with exception
Traceback (most recent call last):
  File "/home/airflow/.local/lib/python3.8/site-packages/airflow/models/taskinstance.py", line 444, in _execute_task
    result = _execute_callable(context=context, **execute_callable_kwargs)
  File "/home/airflow/.local/lib/python3.8/site-packages/airflow/models/taskinstance.py", line 414, in _execute_callable
    return execute_callable(context=context, **execute_callable_kwargs)
  File "/home/airflow/.local/lib/python3.8/site-packages/airflow/providers/common/sql/operators/sql.py", line 277, in execute
    hook = self.get_db_hook()
  File "/home/airflow/.local/lib/python3.8/site-packages/airflow/providers/common/sql/operators/sql.py", line 188, in get_db_hook
    return self._hook
  File "/usr/local/lib/python3.8/functools.py", line 967, in __get__
    val = self.func(instance)
  File "/home/airflow/.local/lib/python3.8/site-packages/airflow/providers/common/sql/operators/sql.py", line 150, in _hook
    conn = BaseHook.get_connection(conn_id)
  File "/home/airflow/.local/lib/python3.8/site-packages/airflow/hooks/base.py", line 82, in get_connection
    conn = Connection.get_connection_from_secrets(conn_id)
  File "/home/airflow/.local/lib/python3.8/site-packages/airflow/models/connection.py", line 514, in get_connection_from_secrets
    raise AirflowNotFoundException(f"The conn_id `{conn_id}` isn't defined")
airflow.exceptions.AirflowNotFoundException: The conn_id `postgres_webik` isn't defined
[2024-04-04T21:38:31.617+0000] {taskinstance.py:1149} INFO - Marking task as FAILED. dag_id=dag_postgre_operator, task_id=drop_table_task, execution_date=20240323T000000, start_date=20240404T213830, end_date=20240404T213831
[2024-04-04T21:38:31.650+0000] {standard_task_runner.py:107} ERROR - Failed to execute job 70 for task drop_table_task (The conn_id `postgres_webik` isn't defined; 262)
[2024-04-04T21:38:31.726+0000] {local_task_job_runner.py:234} INFO - Task exited with return code 1
[2024-04-04T21:38:31.781+0000] {logging_mixin.py:188} WARNING - /home/***/.local/lib/python3.8/site-packages/***/models/baseoperator.py:1201 AirflowProviderDeprecationWarning: Call to deprecated class PostgresOperator. (Please use `***.providers.common.sql.operators.sql.SQLExecuteQueryOperator`.Also, you can provide `hook_params={'schema': <database>}`.)
[2024-04-04T21:38:31.855+0000] {taskinstance.py:3312} INFO - 0 downstream tasks scheduled from follow-on schedule check
