[2024-04-05T21:20:21.371+0000] {taskinstance.py:1979} INFO - Dependencies all met for dep_context=non-requeueable deps ti=<TaskInstance: dag_postgre_operator.transform_Shootings_task manual__2024-04-05T21:20:17.396938+00:00 [queued]>
[2024-04-05T21:20:21.380+0000] {taskinstance.py:1979} INFO - Dependencies all met for dep_context=requeueable deps ti=<TaskInstance: dag_postgre_operator.transform_Shootings_task manual__2024-04-05T21:20:17.396938+00:00 [queued]>
[2024-04-05T21:20:21.380+0000] {taskinstance.py:2193} INFO - Starting attempt 1 of 1
[2024-04-05T21:20:21.393+0000] {taskinstance.py:2217} INFO - Executing <Task(PythonOperator): transform_Shootings_task> on 2024-04-05 21:20:17.396938+00:00
[2024-04-05T21:20:21.398+0000] {standard_task_runner.py:60} INFO - Started process 5694 to run task
[2024-04-05T21:20:21.401+0000] {standard_task_runner.py:87} INFO - Running: ['***', 'tasks', 'run', 'dag_postgre_operator', 'transform_Shootings_task', 'manual__2024-04-05T21:20:17.396938+00:00', '--job-id', '1338', '--raw', '--subdir', 'DAGS_FOLDER/dag_python_operator_extract.py', '--cfg-path', '/tmp/tmpenqtwjmj']
[2024-04-05T21:20:21.402+0000] {standard_task_runner.py:88} INFO - Job 1338: Subtask transform_Shootings_task
[2024-04-05T21:20:21.442+0000] {task_command.py:423} INFO - Running <TaskInstance: dag_postgre_operator.transform_Shootings_task manual__2024-04-05T21:20:17.396938+00:00 [running]> on host 7f6ff1f67725
[2024-04-05T21:20:21.509+0000] {taskinstance.py:2513} INFO - Exporting env vars: AIRFLOW_CTX_DAG_OWNER='***' AIRFLOW_CTX_DAG_ID='dag_postgre_operator' AIRFLOW_CTX_TASK_ID='transform_Shootings_task' AIRFLOW_CTX_EXECUTION_DATE='2024-04-05T21:20:17.396938+00:00' AIRFLOW_CTX_TRY_NUMBER='1' AIRFLOW_CTX_DAG_RUN_ID='manual__2024-04-05T21:20:17.396938+00:00'
[2024-04-05T21:20:21.535+0000] {Transform_Shootings.py:84} INFO - Result has been saved to the file: dim_regions_manual__2024-04-05T21:20:17.396938+00:00.csv
[2024-04-05T21:20:21.547+0000] {dag_python_operator_extract.py:53} INFO - Transformed dataset was successfully saved as dim_regions_manual__2024-04-05T21:20:17.396938+00:00.csv
[2024-04-05T21:20:21.559+0000] {logging_mixin.py:188} INFO -        incident_num  ... multiple_victims
4     I152002233-00  ...                1
12    I152006073-00  ...                1
19    I152006534-00  ...                1
41    I152025097-00  ...                1
43    I152026103-00  ...                1
...             ...  ...              ...
1825      232035550  ...                1
1845      232052689  ...                1
1877      232068420  ...                1
1883      232068420  ...                1
1890      232072799  ...                1

[82 rows x 8 columns]
[2024-04-05T21:20:21.560+0000] {python.py:202} INFO - Done. Returned value was: None
[2024-04-05T21:20:21.568+0000] {taskinstance.py:1149} INFO - Marking task as SUCCESS. dag_id=dag_postgre_operator, task_id=transform_Shootings_task, execution_date=20240405T212017, start_date=20240405T212021, end_date=20240405T212021
[2024-04-05T21:20:21.613+0000] {local_task_job_runner.py:234} INFO - Task exited with return code 0
[2024-04-05T21:20:21.627+0000] {logging_mixin.py:188} WARNING - /home/***/.local/lib/python3.8/site-packages/***/models/baseoperator.py:1201 AirflowProviderDeprecationWarning: Call to deprecated class PostgresOperator. (Please use `***.providers.common.sql.operators.sql.SQLExecuteQueryOperator`.Also, you can provide `hook_params={'schema': <database>}`.)
[2024-04-05T21:20:21.645+0000] {taskinstance.py:3312} INFO - 1 downstream tasks scheduled from follow-on schedule check
