[2024-04-05T20:17:33.221+0000] {taskinstance.py:1979} INFO - Dependencies all met for dep_context=non-requeueable deps ti=<TaskInstance: dag_postgre_operator.transform_shootings_task manual__2024-04-05T20:17:29.192951+00:00 [queued]>
[2024-04-05T20:17:33.228+0000] {taskinstance.py:1979} INFO - Dependencies all met for dep_context=requeueable deps ti=<TaskInstance: dag_postgre_operator.transform_shootings_task manual__2024-04-05T20:17:29.192951+00:00 [queued]>
[2024-04-05T20:17:33.228+0000] {taskinstance.py:2193} INFO - Starting attempt 1 of 1
[2024-04-05T20:17:33.238+0000] {taskinstance.py:2217} INFO - Executing <Task(PythonOperator): transform_shootings_task> on 2024-04-05 20:17:29.192951+00:00
[2024-04-05T20:17:33.242+0000] {standard_task_runner.py:60} INFO - Started process 247 to run task
[2024-04-05T20:17:33.244+0000] {standard_task_runner.py:87} INFO - Running: ['***', 'tasks', 'run', 'dag_postgre_operator', 'transform_shootings_task', 'manual__2024-04-05T20:17:29.192951+00:00', '--job-id', '297', '--raw', '--subdir', 'DAGS_FOLDER/dag_python_operator_extract.py', '--cfg-path', '/tmp/tmpxf636x6b']
[2024-04-05T20:17:33.246+0000] {standard_task_runner.py:88} INFO - Job 297: Subtask transform_shootings_task
[2024-04-05T20:17:33.283+0000] {task_command.py:423} INFO - Running <TaskInstance: dag_postgre_operator.transform_shootings_task manual__2024-04-05T20:17:29.192951+00:00 [running]> on host 7f6ff1f67725
[2024-04-05T20:17:33.336+0000] {taskinstance.py:2513} INFO - Exporting env vars: AIRFLOW_CTX_DAG_OWNER='***' AIRFLOW_CTX_DAG_ID='dag_postgre_operator' AIRFLOW_CTX_TASK_ID='transform_shootings_task' AIRFLOW_CTX_EXECUTION_DATE='2024-04-05T20:17:29.192951+00:00' AIRFLOW_CTX_TRY_NUMBER='1' AIRFLOW_CTX_DAG_RUN_ID='manual__2024-04-05T20:17:29.192951+00:00'
[2024-04-05T20:17:33.359+0000] {Transform_Shootings.py:84} INFO - Result has been saved to the file: dim_regions_manual__2024-04-05T20:17:29.192951+00:00.csv
[2024-04-05T20:17:33.370+0000] {dag_python_operator_extract.py:52} INFO - Transformed dataset was successfully saved as dim_regions_manual__2024-04-05T20:17:29.192951+00:00.csv
[2024-04-05T20:17:33.370+0000] {python.py:202} INFO - Done. Returned value was: None
[2024-04-05T20:17:33.376+0000] {taskinstance.py:1149} INFO - Marking task as SUCCESS. dag_id=dag_postgre_operator, task_id=transform_shootings_task, execution_date=20240405T201729, start_date=20240405T201733, end_date=20240405T201733
[2024-04-05T20:17:33.417+0000] {local_task_job_runner.py:234} INFO - Task exited with return code 0
[2024-04-05T20:17:33.435+0000] {logging_mixin.py:188} WARNING - /home/***/.local/lib/python3.8/site-packages/***/models/baseoperator.py:1201 AirflowProviderDeprecationWarning: Call to deprecated class PostgresOperator. (Please use `***.providers.common.sql.operators.sql.SQLExecuteQueryOperator`.Also, you can provide `hook_params={'schema': <database>}`.)
[2024-04-05T20:17:33.449+0000] {taskinstance.py:3312} INFO - 1 downstream tasks scheduled from follow-on schedule check
[2024-04-05T20:49:31.156+0000] {taskinstance.py:1979} INFO - Dependencies all met for dep_context=non-requeueable deps ti=<TaskInstance: dag_postgre_operator.transform_Shootings_task manual__2024-04-05T20:17:29.192951+00:00 [queued]>
[2024-04-05T20:49:31.167+0000] {taskinstance.py:1979} INFO - Dependencies all met for dep_context=requeueable deps ti=<TaskInstance: dag_postgre_operator.transform_Shootings_task manual__2024-04-05T20:17:29.192951+00:00 [queued]>
[2024-04-05T20:49:31.168+0000] {taskinstance.py:2193} INFO - Starting attempt 1 of 1
[2024-04-05T20:49:31.187+0000] {taskinstance.py:2217} INFO - Executing <Task(PythonOperator): transform_Shootings_task> on 2024-04-05 20:17:29.192951+00:00
[2024-04-05T20:49:31.196+0000] {standard_task_runner.py:60} INFO - Started process 977 to run task
[2024-04-05T20:49:31.200+0000] {standard_task_runner.py:87} INFO - Running: ['***', 'tasks', 'run', 'dag_postgre_operator', 'transform_Shootings_task', 'manual__2024-04-05T20:17:29.192951+00:00', '--job-id', '538', '--raw', '--subdir', 'DAGS_FOLDER/dag_python_operator_extract.py', '--cfg-path', '/tmp/tmppqklrm8y']
[2024-04-05T20:49:31.204+0000] {standard_task_runner.py:88} INFO - Job 538: Subtask transform_Shootings_task
[2024-04-05T20:49:31.267+0000] {task_command.py:423} INFO - Running <TaskInstance: dag_postgre_operator.transform_Shootings_task manual__2024-04-05T20:17:29.192951+00:00 [running]> on host 7f6ff1f67725
[2024-04-05T20:49:31.385+0000] {taskinstance.py:2513} INFO - Exporting env vars: AIRFLOW_CTX_DAG_OWNER='***' AIRFLOW_CTX_DAG_ID='dag_postgre_operator' AIRFLOW_CTX_TASK_ID='transform_Shootings_task' AIRFLOW_CTX_EXECUTION_DATE='2024-04-05T20:17:29.192951+00:00' AIRFLOW_CTX_TRY_NUMBER='1' AIRFLOW_CTX_DAG_RUN_ID='manual__2024-04-05T20:17:29.192951+00:00'
[2024-04-05T20:49:31.427+0000] {Transform_Shootings.py:84} INFO - Result has been saved to the file: dim_regions_manual__2024-04-05T20:17:29.192951+00:00.csv
[2024-04-05T20:49:31.443+0000] {dag_python_operator_extract.py:52} INFO - Transformed dataset was successfully saved as dim_regions_manual__2024-04-05T20:17:29.192951+00:00.csv
[2024-04-05T20:49:31.461+0000] {logging_mixin.py:188} INFO -        incident_num  ... multiple_victims
4     I152002233-00  ...                1
12    I152006073-00  ...                1
19    I152006534-00  ...                1
41    I152025097-00  ...                1
43    I152026103-00  ...                1
...             ...  ...              ...
1825      232035550  ...                1
1845      232052689  ...                1
1877      232068420  ...                1
1883      232068420  ...                1
1890      232072799  ...                1

[82 rows x 8 columns]
[2024-04-05T20:49:31.462+0000] {python.py:202} INFO - Done. Returned value was: None
[2024-04-05T20:49:31.476+0000] {taskinstance.py:1149} INFO - Marking task as SUCCESS. dag_id=dag_postgre_operator, task_id=transform_Shootings_task, execution_date=20240405T201729, start_date=20240405T204931, end_date=20240405T204931
[2024-04-05T20:49:31.533+0000] {local_task_job_runner.py:234} INFO - Task exited with return code 0
[2024-04-05T20:49:31.554+0000] {logging_mixin.py:188} WARNING - /home/***/.local/lib/python3.8/site-packages/***/models/baseoperator.py:1201 AirflowProviderDeprecationWarning: Call to deprecated class PostgresOperator. (Please use `***.providers.common.sql.operators.sql.SQLExecuteQueryOperator`.Also, you can provide `hook_params={'schema': <database>}`.)
[2024-04-05T20:49:31.578+0000] {taskinstance.py:3312} INFO - 1 downstream tasks scheduled from follow-on schedule check
