[2024-04-04T21:38:31.333+0000] {taskinstance.py:1979} INFO - Dependencies all met for dep_context=non-requeueable deps ti=<TaskInstance: dag_postgre_operator.transform_shootings_task scheduled__2024-04-02T00:00:00+00:00 [queued]>
[2024-04-04T21:38:31.369+0000] {taskinstance.py:1979} INFO - Dependencies all met for dep_context=requeueable deps ti=<TaskInstance: dag_postgre_operator.transform_shootings_task scheduled__2024-04-02T00:00:00+00:00 [queued]>
[2024-04-04T21:38:31.371+0000] {taskinstance.py:2193} INFO - Starting attempt 1 of 1
[2024-04-04T21:38:31.693+0000] {taskinstance.py:2217} INFO - Executing <Task(PythonOperator): transform_shootings_task> on 2024-04-02 00:00:00+00:00
[2024-04-04T21:38:31.722+0000] {standard_task_runner.py:60} INFO - Started process 270 to run task
[2024-04-04T21:38:31.730+0000] {standard_task_runner.py:87} INFO - Running: ['***', 'tasks', 'run', 'dag_postgre_operator', 'transform_shootings_task', 'scheduled__2024-04-02T00:00:00+00:00', '--job-id', '72', '--raw', '--subdir', 'DAGS_FOLDER/dag_python_operator_extract.py', '--cfg-path', '/tmp/tmpt9t25ql5']
[2024-04-04T21:38:31.738+0000] {standard_task_runner.py:88} INFO - Job 72: Subtask transform_shootings_task
[2024-04-04T21:38:32.011+0000] {task_command.py:423} INFO - Running <TaskInstance: dag_postgre_operator.transform_shootings_task scheduled__2024-04-02T00:00:00+00:00 [running]> on host 7f6ff1f67725
[2024-04-04T21:38:32.232+0000] {taskinstance.py:2513} INFO - Exporting env vars: AIRFLOW_CTX_DAG_OWNER='***' AIRFLOW_CTX_DAG_ID='dag_postgre_operator' AIRFLOW_CTX_TASK_ID='transform_shootings_task' AIRFLOW_CTX_EXECUTION_DATE='2024-04-02T00:00:00+00:00' AIRFLOW_CTX_TRY_NUMBER='1' AIRFLOW_CTX_DAG_RUN_ID='scheduled__2024-04-02T00:00:00+00:00'
[2024-04-04T21:38:32.244+0000] {Transform_Shootings.py:10} ERROR - Error loading file: [Errno 2] No such file or directory: 'Assignement1/ShootingsBostonGOV/ShootingsBostonGOV.csv'
[2024-04-04T21:38:32.245+0000] {dag_python_operator_extract.py:57} ERROR - Failed to process the data: [Errno 2] No such file or directory: 'Assignement1/ShootingsBostonGOV/ShootingsBostonGOV.csv'
[2024-04-04T21:38:32.248+0000] {python.py:202} INFO - Done. Returned value was: None
[2024-04-04T21:38:32.281+0000] {taskinstance.py:1149} INFO - Marking task as SUCCESS. dag_id=dag_postgre_operator, task_id=transform_shootings_task, execution_date=20240402T000000, start_date=20240404T213831, end_date=20240404T213832
[2024-04-04T21:38:32.423+0000] {local_task_job_runner.py:234} INFO - Task exited with return code 0
[2024-04-04T21:38:32.507+0000] {logging_mixin.py:188} WARNING - /home/***/.local/lib/python3.8/site-packages/***/models/baseoperator.py:1201 AirflowProviderDeprecationWarning: Call to deprecated class PostgresOperator. (Please use `***.providers.common.sql.operators.sql.SQLExecuteQueryOperator`.Also, you can provide `hook_params={'schema': <database>}`.)
[2024-04-04T21:38:32.573+0000] {taskinstance.py:3312} INFO - 1 downstream tasks scheduled from follow-on schedule check
[2024-04-05T20:48:54.774+0000] {taskinstance.py:1979} INFO - Dependencies all met for dep_context=non-requeueable deps ti=<TaskInstance: dag_postgre_operator.transform_Shootings_task scheduled__2024-04-02T00:00:00+00:00 [queued]>
[2024-04-05T20:48:54.801+0000] {taskinstance.py:1979} INFO - Dependencies all met for dep_context=requeueable deps ti=<TaskInstance: dag_postgre_operator.transform_Shootings_task scheduled__2024-04-02T00:00:00+00:00 [queued]>
[2024-04-05T20:48:54.802+0000] {taskinstance.py:2193} INFO - Starting attempt 1 of 1
[2024-04-05T20:48:54.836+0000] {taskinstance.py:2217} INFO - Executing <Task(PythonOperator): transform_Shootings_task> on 2024-04-02 00:00:00+00:00
[2024-04-05T20:48:54.848+0000] {standard_task_runner.py:60} INFO - Started process 382 to run task
[2024-04-05T20:48:54.860+0000] {standard_task_runner.py:87} INFO - Running: ['***', 'tasks', 'run', 'dag_postgre_operator', 'transform_Shootings_task', 'scheduled__2024-04-02T00:00:00+00:00', '--job-id', '352', '--raw', '--subdir', 'DAGS_FOLDER/dag_python_operator_extract.py', '--cfg-path', '/tmp/tmp326zs4wh']
[2024-04-05T20:48:54.864+0000] {standard_task_runner.py:88} INFO - Job 352: Subtask transform_Shootings_task
[2024-04-05T20:48:55.005+0000] {task_command.py:423} INFO - Running <TaskInstance: dag_postgre_operator.transform_Shootings_task scheduled__2024-04-02T00:00:00+00:00 [running]> on host 7f6ff1f67725
[2024-04-05T20:48:55.184+0000] {taskinstance.py:2513} INFO - Exporting env vars: AIRFLOW_CTX_DAG_OWNER='***' AIRFLOW_CTX_DAG_ID='dag_postgre_operator' AIRFLOW_CTX_TASK_ID='transform_Shootings_task' AIRFLOW_CTX_EXECUTION_DATE='2024-04-02T00:00:00+00:00' AIRFLOW_CTX_TRY_NUMBER='1' AIRFLOW_CTX_DAG_RUN_ID='scheduled__2024-04-02T00:00:00+00:00'
[2024-04-05T20:48:55.240+0000] {Transform_Shootings.py:84} INFO - Result has been saved to the file: dim_regions_scheduled__2024-04-02T00:00:00+00:00.csv
[2024-04-05T20:48:55.268+0000] {dag_python_operator_extract.py:52} INFO - Transformed dataset was successfully saved as dim_regions_scheduled__2024-04-02T00:00:00+00:00.csv
[2024-04-05T20:48:55.293+0000] {logging_mixin.py:188} INFO -        incident_num  ... multiple_victims
4     I152002233-00  ...                1
12    I152006073-00  ...                1
19    I152006534-00  ...                1
41    I152025097-00  ...                1
43    I152026103-00  ...                1
...             ...  ...              ...
1825      232035550  ...                1
1845      232052689  ...                1
1877      232068420  ...                1
1883      232068420  ...                1
1890      232072799  ...                1

[82 rows x 8 columns]
[2024-04-05T20:48:55.295+0000] {python.py:202} INFO - Done. Returned value was: None
[2024-04-05T20:48:55.314+0000] {taskinstance.py:1149} INFO - Marking task as SUCCESS. dag_id=dag_postgre_operator, task_id=transform_Shootings_task, execution_date=20240402T000000, start_date=20240405T204854, end_date=20240405T204855
[2024-04-05T20:48:55.361+0000] {local_task_job_runner.py:234} INFO - Task exited with return code 0
[2024-04-05T20:48:55.386+0000] {logging_mixin.py:188} WARNING - /home/***/.local/lib/python3.8/site-packages/***/models/baseoperator.py:1201 AirflowProviderDeprecationWarning: Call to deprecated class PostgresOperator. (Please use `***.providers.common.sql.operators.sql.SQLExecuteQueryOperator`.Also, you can provide `hook_params={'schema': <database>}`.)
[2024-04-05T20:48:55.413+0000] {taskinstance.py:3312} INFO - 1 downstream tasks scheduled from follow-on schedule check
