[2024-04-05T21:12:57.407+0000] {taskinstance.py:1979} INFO - Dependencies all met for dep_context=non-requeueable deps ti=<TaskInstance: dag_postgre_operator.drop_table_task manual__2024-04-04T23:57:36.152730+00:00 [queued]>
[2024-04-05T21:12:57.429+0000] {taskinstance.py:1979} INFO - Dependencies all met for dep_context=requeueable deps ti=<TaskInstance: dag_postgre_operator.drop_table_task manual__2024-04-04T23:57:36.152730+00:00 [queued]>
[2024-04-05T21:12:57.432+0000] {taskinstance.py:2193} INFO - Starting attempt 3 of 3
[2024-04-05T21:12:57.463+0000] {taskinstance.py:2217} INFO - Executing <Task(PostgresOperator): drop_table_task> on 2024-04-04 23:57:36.152730+00:00
[2024-04-05T21:12:57.480+0000] {standard_task_runner.py:60} INFO - Started process 3193 to run task
[2024-04-05T21:12:57.489+0000] {standard_task_runner.py:87} INFO - Running: ['***', 'tasks', 'run', 'dag_postgre_operator', 'drop_table_task', 'manual__2024-04-04T23:57:36.152730+00:00', '--job-id', '666', '--raw', '--subdir', 'DAGS_FOLDER/dag_python_operator_extract.py', '--cfg-path', '/tmp/tmphgklejhm']
[2024-04-05T21:12:57.494+0000] {standard_task_runner.py:88} INFO - Job 666: Subtask drop_table_task
[2024-04-05T21:12:57.598+0000] {task_command.py:423} INFO - Running <TaskInstance: dag_postgre_operator.drop_table_task manual__2024-04-04T23:57:36.152730+00:00 [running]> on host 7f6ff1f67725
[2024-04-05T21:12:57.850+0000] {taskinstance.py:2513} INFO - Exporting env vars: AIRFLOW_CTX_DAG_OWNER='***' AIRFLOW_CTX_DAG_ID='dag_postgre_operator' AIRFLOW_CTX_TASK_ID='drop_table_task' AIRFLOW_CTX_EXECUTION_DATE='2024-04-04T23:57:36.152730+00:00' AIRFLOW_CTX_TRY_NUMBER='3' AIRFLOW_CTX_DAG_RUN_ID='manual__2024-04-04T23:57:36.152730+00:00'
[2024-04-05T21:12:57.856+0000] {sql.py:276} INFO - Executing: 
    DROP TABLE IF EXISTS shooting CASCADE;
    
[2024-04-05T21:12:57.882+0000] {base.py:83} INFO - Using connection ID 'postgres_webik' for task execution.
[2024-04-05T21:12:57.906+0000] {base.py:83} INFO - Using connection ID 'postgres_webik' for task execution.
[2024-04-05T21:12:58.234+0000] {sql.py:457} INFO - Running statement: 
    DROP TABLE IF EXISTS shooting CASCADE;
    , parameters: None
[2024-04-05T21:12:58.259+0000] {logging_mixin.py:188} WARNING - /home/***/.local/lib/python3.8/site-packages/***/providers/common/sql/hooks/sql.py:407 AirflowProviderDeprecationWarning: Call to deprecated method _make_common_data_structure. (The `_make_serializable` method is deprecated and support will be removed in a future version of the common.sql provider. Please update the DbApiHook's provider to a version based on common.sql >= 1.9.1.)
[2024-04-05T21:12:58.332+0000] {taskinstance.py:1149} INFO - Marking task as SUCCESS. dag_id=dag_postgre_operator, task_id=drop_table_task, execution_date=20240404T235736, start_date=20240405T211257, end_date=20240405T211258
[2024-04-05T21:12:58.450+0000] {local_task_job_runner.py:234} INFO - Task exited with return code 0
[2024-04-05T21:12:58.495+0000] {logging_mixin.py:188} WARNING - /home/***/.local/lib/python3.8/site-packages/***/models/baseoperator.py:1201 AirflowProviderDeprecationWarning: Call to deprecated class PostgresOperator. (Please use `***.providers.common.sql.operators.sql.SQLExecuteQueryOperator`.Also, you can provide `hook_params={'schema': <database>}`.)
[2024-04-05T21:12:58.569+0000] {taskinstance.py:3312} INFO - 1 downstream tasks scheduled from follow-on schedule check
