[2024-04-05T20:48:56.926+0000] {taskinstance.py:1979} INFO - Dependencies all met for dep_context=non-requeueable deps ti=<TaskInstance: dag_postgre_operator.drop_table_task scheduled__2024-03-29T00:00:00+00:00 [queued]>
[2024-04-05T20:48:56.952+0000] {taskinstance.py:1979} INFO - Dependencies all met for dep_context=requeueable deps ti=<TaskInstance: dag_postgre_operator.drop_table_task scheduled__2024-03-29T00:00:00+00:00 [queued]>
[2024-04-05T20:48:56.954+0000] {taskinstance.py:2193} INFO - Starting attempt 2 of 2
[2024-04-05T20:48:56.986+0000] {taskinstance.py:2217} INFO - Executing <Task(PostgresOperator): drop_table_task> on 2024-03-29 00:00:00+00:00
[2024-04-05T20:48:57.002+0000] {standard_task_runner.py:60} INFO - Started process 421 to run task
[2024-04-05T20:48:57.007+0000] {standard_task_runner.py:87} INFO - Running: ['***', 'tasks', 'run', 'dag_postgre_operator', 'drop_table_task', 'scheduled__2024-03-29T00:00:00+00:00', '--job-id', '358', '--raw', '--subdir', 'DAGS_FOLDER/dag_python_operator_extract.py', '--cfg-path', '/tmp/tmp0xomuj89']
[2024-04-05T20:48:57.015+0000] {standard_task_runner.py:88} INFO - Job 358: Subtask drop_table_task
[2024-04-05T20:48:57.152+0000] {task_command.py:423} INFO - Running <TaskInstance: dag_postgre_operator.drop_table_task scheduled__2024-03-29T00:00:00+00:00 [running]> on host 7f6ff1f67725
[2024-04-05T20:48:57.329+0000] {taskinstance.py:2513} INFO - Exporting env vars: AIRFLOW_CTX_DAG_OWNER='***' AIRFLOW_CTX_DAG_ID='dag_postgre_operator' AIRFLOW_CTX_TASK_ID='drop_table_task' AIRFLOW_CTX_EXECUTION_DATE='2024-03-29T00:00:00+00:00' AIRFLOW_CTX_TRY_NUMBER='2' AIRFLOW_CTX_DAG_RUN_ID='scheduled__2024-03-29T00:00:00+00:00'
[2024-04-05T20:48:57.334+0000] {sql.py:276} INFO - Executing: 
    DROP TABLE IF EXISTS shooting CASCADE;
    
[2024-04-05T20:48:57.351+0000] {base.py:83} INFO - Using connection ID 'postgres_webik' for task execution.
[2024-04-05T20:48:57.365+0000] {base.py:83} INFO - Using connection ID 'postgres_webik' for task execution.
[2024-04-05T20:48:57.488+0000] {sql.py:457} INFO - Running statement: 
    DROP TABLE IF EXISTS shooting CASCADE;
    , parameters: None
[2024-04-05T20:48:57.521+0000] {logging_mixin.py:188} WARNING - /home/***/.local/lib/python3.8/site-packages/***/providers/common/sql/hooks/sql.py:407 AirflowProviderDeprecationWarning: Call to deprecated method _make_common_data_structure. (The `_make_serializable` method is deprecated and support will be removed in a future version of the common.sql provider. Please update the DbApiHook's provider to a version based on common.sql >= 1.9.1.)
[2024-04-05T20:48:57.548+0000] {taskinstance.py:1149} INFO - Marking task as SUCCESS. dag_id=dag_postgre_operator, task_id=drop_table_task, execution_date=20240329T000000, start_date=20240405T204856, end_date=20240405T204857
[2024-04-05T20:48:57.589+0000] {local_task_job_runner.py:234} INFO - Task exited with return code 0
[2024-04-05T20:48:57.625+0000] {logging_mixin.py:188} WARNING - /home/***/.local/lib/python3.8/site-packages/***/models/baseoperator.py:1201 AirflowProviderDeprecationWarning: Call to deprecated class PostgresOperator. (Please use `***.providers.common.sql.operators.sql.SQLExecuteQueryOperator`.Also, you can provide `hook_params={'schema': <database>}`.)
[2024-04-05T20:48:57.656+0000] {taskinstance.py:3312} INFO - 1 downstream tasks scheduled from follow-on schedule check
