[2024-04-05T20:12:36.626+0000] {taskinstance.py:1979} INFO - Dependencies all met for dep_context=non-requeueable deps ti=<TaskInstance: dag_postgre_operator.transform_shootings_task manual__2024-04-05T20:12:33.404503+00:00 [queued]>
[2024-04-05T20:12:36.635+0000] {taskinstance.py:1979} INFO - Dependencies all met for dep_context=requeueable deps ti=<TaskInstance: dag_postgre_operator.transform_shootings_task manual__2024-04-05T20:12:33.404503+00:00 [queued]>
[2024-04-05T20:12:36.636+0000] {taskinstance.py:2193} INFO - Starting attempt 1 of 1
[2024-04-05T20:12:36.649+0000] {taskinstance.py:2217} INFO - Executing <Task(PythonOperator): transform_shootings_task> on 2024-04-05 20:12:33.404503+00:00
[2024-04-05T20:12:36.653+0000] {standard_task_runner.py:60} INFO - Started process 211 to run task
[2024-04-05T20:12:36.655+0000] {standard_task_runner.py:87} INFO - Running: ['***', 'tasks', 'run', 'dag_postgre_operator', 'transform_shootings_task', 'manual__2024-04-05T20:12:33.404503+00:00', '--job-id', '283', '--raw', '--subdir', 'DAGS_FOLDER/dag_python_operator_extract.py', '--cfg-path', '/tmp/tmp2vdyrp_g']
[2024-04-05T20:12:36.657+0000] {standard_task_runner.py:88} INFO - Job 283: Subtask transform_shootings_task
[2024-04-05T20:12:36.704+0000] {task_command.py:423} INFO - Running <TaskInstance: dag_postgre_operator.transform_shootings_task manual__2024-04-05T20:12:33.404503+00:00 [running]> on host 7f6ff1f67725
[2024-04-05T20:12:36.759+0000] {taskinstance.py:2513} INFO - Exporting env vars: AIRFLOW_CTX_DAG_OWNER='***' AIRFLOW_CTX_DAG_ID='dag_postgre_operator' AIRFLOW_CTX_TASK_ID='transform_shootings_task' AIRFLOW_CTX_EXECUTION_DATE='2024-04-05T20:12:33.404503+00:00' AIRFLOW_CTX_TRY_NUMBER='1' AIRFLOW_CTX_DAG_RUN_ID='manual__2024-04-05T20:12:33.404503+00:00'
[2024-04-05T20:12:36.780+0000] {dag_python_operator_extract.py:56} ERROR - Failed to process the data: save_dataframe_to_csv() missing 1 required positional argument: 'file_name'
[2024-04-05T20:12:36.781+0000] {python.py:202} INFO - Done. Returned value was: None
[2024-04-05T20:12:36.789+0000] {taskinstance.py:1149} INFO - Marking task as SUCCESS. dag_id=dag_postgre_operator, task_id=transform_shootings_task, execution_date=20240405T201233, start_date=20240405T201236, end_date=20240405T201236
[2024-04-05T20:12:36.829+0000] {local_task_job_runner.py:234} INFO - Task exited with return code 0
[2024-04-05T20:12:36.851+0000] {logging_mixin.py:188} WARNING - /home/***/.local/lib/python3.8/site-packages/***/models/baseoperator.py:1201 AirflowProviderDeprecationWarning: Call to deprecated class PostgresOperator. (Please use `***.providers.common.sql.operators.sql.SQLExecuteQueryOperator`.Also, you can provide `hook_params={'schema': <database>}`.)
[2024-04-05T20:12:36.866+0000] {taskinstance.py:3312} INFO - 1 downstream tasks scheduled from follow-on schedule check
[2024-04-05T20:49:31.159+0000] {taskinstance.py:1979} INFO - Dependencies all met for dep_context=non-requeueable deps ti=<TaskInstance: dag_postgre_operator.transform_Shootings_task manual__2024-04-05T20:12:33.404503+00:00 [queued]>
[2024-04-05T20:49:31.170+0000] {taskinstance.py:1979} INFO - Dependencies all met for dep_context=requeueable deps ti=<TaskInstance: dag_postgre_operator.transform_Shootings_task manual__2024-04-05T20:12:33.404503+00:00 [queued]>
[2024-04-05T20:49:31.171+0000] {taskinstance.py:2193} INFO - Starting attempt 1 of 1
[2024-04-05T20:49:31.192+0000] {taskinstance.py:2217} INFO - Executing <Task(PythonOperator): transform_Shootings_task> on 2024-04-05 20:12:33.404503+00:00
[2024-04-05T20:49:31.200+0000] {standard_task_runner.py:60} INFO - Started process 978 to run task
[2024-04-05T20:49:31.204+0000] {standard_task_runner.py:87} INFO - Running: ['***', 'tasks', 'run', 'dag_postgre_operator', 'transform_Shootings_task', 'manual__2024-04-05T20:12:33.404503+00:00', '--job-id', '541', '--raw', '--subdir', 'DAGS_FOLDER/dag_python_operator_extract.py', '--cfg-path', '/tmp/tmpr2xbomqn']
[2024-04-05T20:49:31.207+0000] {standard_task_runner.py:88} INFO - Job 541: Subtask transform_Shootings_task
[2024-04-05T20:49:31.273+0000] {task_command.py:423} INFO - Running <TaskInstance: dag_postgre_operator.transform_Shootings_task manual__2024-04-05T20:12:33.404503+00:00 [running]> on host 7f6ff1f67725
[2024-04-05T20:49:31.384+0000] {taskinstance.py:2513} INFO - Exporting env vars: AIRFLOW_CTX_DAG_OWNER='***' AIRFLOW_CTX_DAG_ID='dag_postgre_operator' AIRFLOW_CTX_TASK_ID='transform_Shootings_task' AIRFLOW_CTX_EXECUTION_DATE='2024-04-05T20:12:33.404503+00:00' AIRFLOW_CTX_TRY_NUMBER='1' AIRFLOW_CTX_DAG_RUN_ID='manual__2024-04-05T20:12:33.404503+00:00'
[2024-04-05T20:49:31.423+0000] {Transform_Shootings.py:84} INFO - Result has been saved to the file: dim_regions_manual__2024-04-05T20:12:33.404503+00:00.csv
[2024-04-05T20:49:31.440+0000] {dag_python_operator_extract.py:52} INFO - Transformed dataset was successfully saved as dim_regions_manual__2024-04-05T20:12:33.404503+00:00.csv
[2024-04-05T20:49:31.456+0000] {logging_mixin.py:188} INFO -        incident_num  ... multiple_victims
4     I152002233-00  ...                1
12    I152006073-00  ...                1
19    I152006534-00  ...                1
41    I152025097-00  ...                1
43    I152026103-00  ...                1
...             ...  ...              ...
1825      232035550  ...                1
1845      232052689  ...                1
1877      232068420  ...                1
1883      232068420  ...                1
1890      232072799  ...                1

[82 rows x 8 columns]
[2024-04-05T20:49:31.457+0000] {python.py:202} INFO - Done. Returned value was: None
[2024-04-05T20:49:31.470+0000] {taskinstance.py:1149} INFO - Marking task as SUCCESS. dag_id=dag_postgre_operator, task_id=transform_Shootings_task, execution_date=20240405T201233, start_date=20240405T204931, end_date=20240405T204931
[2024-04-05T20:49:31.498+0000] {local_task_job_runner.py:234} INFO - Task exited with return code 0
[2024-04-05T20:49:31.515+0000] {logging_mixin.py:188} WARNING - /home/***/.local/lib/python3.8/site-packages/***/models/baseoperator.py:1201 AirflowProviderDeprecationWarning: Call to deprecated class PostgresOperator. (Please use `***.providers.common.sql.operators.sql.SQLExecuteQueryOperator`.Also, you can provide `hook_params={'schema': <database>}`.)
[2024-04-05T20:49:31.538+0000] {taskinstance.py:3312} INFO - 1 downstream tasks scheduled from follow-on schedule check
