[2024-04-04T21:38:24.736+0000] {taskinstance.py:1979} INFO - Dependencies all met for dep_context=non-requeueable deps ti=<TaskInstance: dag_postgre_operator.extract_Shootings_task scheduled__2024-03-22T00:00:00+00:00 [queued]>
[2024-04-04T21:38:24.768+0000] {taskinstance.py:1979} INFO - Dependencies all met for dep_context=requeueable deps ti=<TaskInstance: dag_postgre_operator.extract_Shootings_task scheduled__2024-03-22T00:00:00+00:00 [queued]>
[2024-04-04T21:38:24.771+0000] {taskinstance.py:2193} INFO - Starting attempt 1 of 4
[2024-04-04T21:38:24.885+0000] {taskinstance.py:2217} INFO - Executing <Task(PythonOperator): extract_Shootings_task> on 2024-03-22 00:00:00+00:00
[2024-04-04T21:38:24.902+0000] {standard_task_runner.py:60} INFO - Started process 211 to run task
[2024-04-04T21:38:24.907+0000] {standard_task_runner.py:87} INFO - Running: ['***', 'tasks', 'run', 'dag_postgre_operator', 'extract_Shootings_task', 'scheduled__2024-03-22T00:00:00+00:00', '--job-id', '47', '--raw', '--subdir', 'DAGS_FOLDER/dag_python_operator_extract.py', '--cfg-path', '/tmp/tmpyuceg40x']
[2024-04-04T21:38:24.911+0000] {standard_task_runner.py:88} INFO - Job 47: Subtask extract_Shootings_task
[2024-04-04T21:38:24.996+0000] {task_command.py:423} INFO - Running <TaskInstance: dag_postgre_operator.extract_Shootings_task scheduled__2024-03-22T00:00:00+00:00 [running]> on host 7f6ff1f67725
[2024-04-04T21:38:25.146+0000] {taskinstance.py:2513} INFO - Exporting env vars: AIRFLOW_CTX_DAG_OWNER='moughel' AIRFLOW_CTX_DAG_ID='dag_postgre_operator' AIRFLOW_CTX_TASK_ID='extract_Shootings_task' AIRFLOW_CTX_EXECUTION_DATE='2024-03-22T00:00:00+00:00' AIRFLOW_CTX_TRY_NUMBER='1' AIRFLOW_CTX_DAG_RUN_ID='scheduled__2024-03-22T00:00:00+00:00'
[2024-04-04T21:38:29.704+0000] {Extract_BotonGOV.py:71} INFO - CSV data saved to /opt/***/plugins/ShootingsBostonGOV/ShootingsBostonGOV.csv
[2024-04-04T21:38:29.706+0000] {dag_python_operator_extract.py:21} INFO - File was successfully saved as ShootingsBostonGOV.csv
[2024-04-04T21:38:29.707+0000] {python.py:202} INFO - Done. Returned value was: None
[2024-04-04T21:38:29.752+0000] {taskinstance.py:1149} INFO - Marking task as SUCCESS. dag_id=dag_postgre_operator, task_id=extract_Shootings_task, execution_date=20240322T000000, start_date=20240404T213824, end_date=20240404T213829
[2024-04-04T21:38:29.849+0000] {local_task_job_runner.py:234} INFO - Task exited with return code 0
[2024-04-04T21:38:29.943+0000] {logging_mixin.py:188} WARNING - /home/***/.local/lib/python3.8/site-packages/***/models/baseoperator.py:1201 AirflowProviderDeprecationWarning: Call to deprecated class PostgresOperator. (Please use `***.providers.common.sql.operators.sql.SQLExecuteQueryOperator`.Also, you can provide `hook_params={'schema': <database>}`.)
[2024-04-04T21:38:30.013+0000] {taskinstance.py:3312} INFO - 1 downstream tasks scheduled from follow-on schedule check
[2024-04-05T20:48:49.812+0000] {taskinstance.py:1979} INFO - Dependencies all met for dep_context=non-requeueable deps ti=<TaskInstance: dag_postgre_operator.extract_shootings_task scheduled__2024-03-22T00:00:00+00:00 [queued]>
[2024-04-05T20:48:49.839+0000] {taskinstance.py:1979} INFO - Dependencies all met for dep_context=requeueable deps ti=<TaskInstance: dag_postgre_operator.extract_shootings_task scheduled__2024-03-22T00:00:00+00:00 [queued]>
[2024-04-05T20:48:49.840+0000] {taskinstance.py:2193} INFO - Starting attempt 1 of 4
[2024-04-05T20:48:49.885+0000] {taskinstance.py:2217} INFO - Executing <Task(PythonOperator): extract_shootings_task> on 2024-03-22 00:00:00+00:00
[2024-04-05T20:48:49.902+0000] {standard_task_runner.py:60} INFO - Started process 330 to run task
[2024-04-05T20:48:49.914+0000] {standard_task_runner.py:87} INFO - Running: ['***', 'tasks', 'run', 'dag_postgre_operator', 'extract_shootings_task', 'scheduled__2024-03-22T00:00:00+00:00', '--job-id', '328', '--raw', '--subdir', 'DAGS_FOLDER/dag_python_operator_extract.py', '--cfg-path', '/tmp/tmp316z52ql']
[2024-04-05T20:48:49.923+0000] {standard_task_runner.py:88} INFO - Job 328: Subtask extract_shootings_task
[2024-04-05T20:48:50.088+0000] {task_command.py:423} INFO - Running <TaskInstance: dag_postgre_operator.extract_shootings_task scheduled__2024-03-22T00:00:00+00:00 [running]> on host 7f6ff1f67725
[2024-04-05T20:48:50.312+0000] {taskinstance.py:2513} INFO - Exporting env vars: AIRFLOW_CTX_DAG_OWNER='moughel' AIRFLOW_CTX_DAG_ID='dag_postgre_operator' AIRFLOW_CTX_TASK_ID='extract_shootings_task' AIRFLOW_CTX_EXECUTION_DATE='2024-03-22T00:00:00+00:00' AIRFLOW_CTX_TRY_NUMBER='1' AIRFLOW_CTX_DAG_RUN_ID='scheduled__2024-03-22T00:00:00+00:00'
[2024-04-05T20:48:51.467+0000] {Extract_BotonGOV.py:66} INFO - CSV data saved to dataset_regions_scheduled__2024-03-22T00:00:00+00:00.csv
[2024-04-05T20:48:51.479+0000] {dag_python_operator_extract.py:23} INFO - File was successfully saved as dataset_regions_scheduled__2024-03-22T00:00:00+00:00.csv
[2024-04-05T20:48:51.480+0000] {python.py:202} INFO - Done. Returned value was: None
[2024-04-05T20:48:51.491+0000] {taskinstance.py:1149} INFO - Marking task as SUCCESS. dag_id=dag_postgre_operator, task_id=extract_shootings_task, execution_date=20240322T000000, start_date=20240405T204849, end_date=20240405T204851
[2024-04-05T20:48:51.551+0000] {local_task_job_runner.py:234} INFO - Task exited with return code 0
[2024-04-05T20:48:51.568+0000] {logging_mixin.py:188} WARNING - /home/***/.local/lib/python3.8/site-packages/***/models/baseoperator.py:1201 AirflowProviderDeprecationWarning: Call to deprecated class PostgresOperator. (Please use `***.providers.common.sql.operators.sql.SQLExecuteQueryOperator`.Also, you can provide `hook_params={'schema': <database>}`.)
[2024-04-05T20:48:51.590+0000] {taskinstance.py:3312} INFO - 1 downstream tasks scheduled from follow-on schedule check
