[2024-04-05T00:26:37.785+0000] {taskinstance.py:1979} INFO - Dependencies all met for dep_context=non-requeueable deps ti=<TaskInstance: dag_postgre_operator.extract_Shootings_task manual__2024-04-05T00:26:36.554293+00:00 [queued]>
[2024-04-05T00:26:37.794+0000] {taskinstance.py:1979} INFO - Dependencies all met for dep_context=requeueable deps ti=<TaskInstance: dag_postgre_operator.extract_Shootings_task manual__2024-04-05T00:26:36.554293+00:00 [queued]>
[2024-04-05T00:26:37.794+0000] {taskinstance.py:2193} INFO - Starting attempt 1 of 4
[2024-04-05T00:26:37.808+0000] {taskinstance.py:2217} INFO - Executing <Task(PythonOperator): extract_Shootings_task> on 2024-04-05 00:26:36.554293+00:00
[2024-04-05T00:26:37.813+0000] {standard_task_runner.py:60} INFO - Started process 207 to run task
[2024-04-05T00:26:37.816+0000] {standard_task_runner.py:87} INFO - Running: ['***', 'tasks', 'run', 'dag_postgre_operator', 'extract_Shootings_task', 'manual__2024-04-05T00:26:36.554293+00:00', '--job-id', '127', '--raw', '--subdir', 'DAGS_FOLDER/dag_python_operator_extract.py', '--cfg-path', '/tmp/tmprd500vkq']
[2024-04-05T00:26:37.819+0000] {standard_task_runner.py:88} INFO - Job 127: Subtask extract_Shootings_task
[2024-04-05T00:26:37.865+0000] {task_command.py:423} INFO - Running <TaskInstance: dag_postgre_operator.extract_Shootings_task manual__2024-04-05T00:26:36.554293+00:00 [running]> on host 7f6ff1f67725
[2024-04-05T00:26:37.938+0000] {taskinstance.py:2513} INFO - Exporting env vars: AIRFLOW_CTX_DAG_OWNER='moughel' AIRFLOW_CTX_DAG_ID='dag_postgre_operator' AIRFLOW_CTX_TASK_ID='extract_Shootings_task' AIRFLOW_CTX_EXECUTION_DATE='2024-04-05T00:26:36.554293+00:00' AIRFLOW_CTX_TRY_NUMBER='1' AIRFLOW_CTX_DAG_RUN_ID='manual__2024-04-05T00:26:36.554293+00:00'
[2024-04-05T00:26:39.426+0000] {Extract_BotonGOV.py:71} INFO - CSV data saved to /opt/***/plugins/ShootingsBostonGOV/ShootingsBostonGOV.csv
[2024-04-05T00:26:39.428+0000] {dag_python_operator_extract.py:21} INFO - File was successfully saved as ShootingsBostonGOV.csv
[2024-04-05T00:26:39.430+0000] {python.py:202} INFO - Done. Returned value was: None
[2024-04-05T00:26:39.447+0000] {taskinstance.py:1149} INFO - Marking task as SUCCESS. dag_id=dag_postgre_operator, task_id=extract_Shootings_task, execution_date=20240405T002636, start_date=20240405T002637, end_date=20240405T002639
[2024-04-05T00:26:39.479+0000] {local_task_job_runner.py:234} INFO - Task exited with return code 0
[2024-04-05T00:26:39.507+0000] {logging_mixin.py:188} WARNING - /home/***/.local/lib/python3.8/site-packages/***/models/baseoperator.py:1201 AirflowProviderDeprecationWarning: Call to deprecated class PostgresOperator. (Please use `***.providers.common.sql.operators.sql.SQLExecuteQueryOperator`.Also, you can provide `hook_params={'schema': <database>}`.)
[2024-04-05T00:26:39.529+0000] {taskinstance.py:3312} INFO - 1 downstream tasks scheduled from follow-on schedule check
[2024-04-05T20:49:04.240+0000] {taskinstance.py:1979} INFO - Dependencies all met for dep_context=non-requeueable deps ti=<TaskInstance: dag_postgre_operator.extract_shootings_task manual__2024-04-05T00:26:36.554293+00:00 [queued]>
[2024-04-05T20:49:04.266+0000] {taskinstance.py:1979} INFO - Dependencies all met for dep_context=requeueable deps ti=<TaskInstance: dag_postgre_operator.extract_shootings_task manual__2024-04-05T00:26:36.554293+00:00 [queued]>
[2024-04-05T20:49:04.267+0000] {taskinstance.py:2193} INFO - Starting attempt 1 of 4
[2024-04-05T20:49:04.297+0000] {taskinstance.py:2217} INFO - Executing <Task(PythonOperator): extract_shootings_task> on 2024-04-05 00:26:36.554293+00:00
[2024-04-05T20:49:04.312+0000] {standard_task_runner.py:60} INFO - Started process 526 to run task
[2024-04-05T20:49:04.321+0000] {standard_task_runner.py:87} INFO - Running: ['***', 'tasks', 'run', 'dag_postgre_operator', 'extract_shootings_task', 'manual__2024-04-05T00:26:36.554293+00:00', '--job-id', '391', '--raw', '--subdir', 'DAGS_FOLDER/dag_python_operator_extract.py', '--cfg-path', '/tmp/tmp9s7i_b4m']
[2024-04-05T20:49:04.325+0000] {standard_task_runner.py:88} INFO - Job 391: Subtask extract_shootings_task
[2024-04-05T20:49:04.442+0000] {task_command.py:423} INFO - Running <TaskInstance: dag_postgre_operator.extract_shootings_task manual__2024-04-05T00:26:36.554293+00:00 [running]> on host 7f6ff1f67725
[2024-04-05T20:49:04.598+0000] {taskinstance.py:2513} INFO - Exporting env vars: AIRFLOW_CTX_DAG_OWNER='moughel' AIRFLOW_CTX_DAG_ID='dag_postgre_operator' AIRFLOW_CTX_TASK_ID='extract_shootings_task' AIRFLOW_CTX_EXECUTION_DATE='2024-04-05T00:26:36.554293+00:00' AIRFLOW_CTX_TRY_NUMBER='1' AIRFLOW_CTX_DAG_RUN_ID='manual__2024-04-05T00:26:36.554293+00:00'
[2024-04-05T20:49:05.560+0000] {Extract_BotonGOV.py:66} INFO - CSV data saved to dataset_regions_manual__2024-04-05T00:26:36.554293+00:00.csv
[2024-04-05T20:49:05.574+0000] {dag_python_operator_extract.py:23} INFO - File was successfully saved as dataset_regions_manual__2024-04-05T00:26:36.554293+00:00.csv
[2024-04-05T20:49:05.574+0000] {python.py:202} INFO - Done. Returned value was: None
[2024-04-05T20:49:05.584+0000] {taskinstance.py:1149} INFO - Marking task as SUCCESS. dag_id=dag_postgre_operator, task_id=extract_shootings_task, execution_date=20240405T002636, start_date=20240405T204904, end_date=20240405T204905
[2024-04-05T20:49:05.625+0000] {local_task_job_runner.py:234} INFO - Task exited with return code 0
[2024-04-05T20:49:05.640+0000] {logging_mixin.py:188} WARNING - /home/***/.local/lib/python3.8/site-packages/***/models/baseoperator.py:1201 AirflowProviderDeprecationWarning: Call to deprecated class PostgresOperator. (Please use `***.providers.common.sql.operators.sql.SQLExecuteQueryOperator`.Also, you can provide `hook_params={'schema': <database>}`.)
[2024-04-05T20:49:05.658+0000] {taskinstance.py:3312} INFO - 1 downstream tasks scheduled from follow-on schedule check
