[2024-04-05T19:58:07.644+0000] {taskinstance.py:1979} INFO - Dependencies all met for dep_context=non-requeueable deps ti=<TaskInstance: dag_postgre_operator.transform_shootings_task manual__2024-04-05T19:58:04.664882+00:00 [queued]>
[2024-04-05T19:58:07.652+0000] {taskinstance.py:1979} INFO - Dependencies all met for dep_context=requeueable deps ti=<TaskInstance: dag_postgre_operator.transform_shootings_task manual__2024-04-05T19:58:04.664882+00:00 [queued]>
[2024-04-05T19:58:07.653+0000] {taskinstance.py:2193} INFO - Starting attempt 1 of 1
[2024-04-05T19:58:07.666+0000] {taskinstance.py:2217} INFO - Executing <Task(PythonOperator): transform_shootings_task> on 2024-04-05 19:58:04.664882+00:00
[2024-04-05T19:58:07.671+0000] {standard_task_runner.py:60} INFO - Started process 303 to run task
[2024-04-05T19:58:07.674+0000] {standard_task_runner.py:87} INFO - Running: ['***', 'tasks', 'run', 'dag_postgre_operator', 'transform_shootings_task', 'manual__2024-04-05T19:58:04.664882+00:00', '--job-id', '245', '--raw', '--subdir', 'DAGS_FOLDER/dag_python_operator_extract.py', '--cfg-path', '/tmp/tmppcfdl2gt']
[2024-04-05T19:58:07.676+0000] {standard_task_runner.py:88} INFO - Job 245: Subtask transform_shootings_task
[2024-04-05T19:58:07.725+0000] {task_command.py:423} INFO - Running <TaskInstance: dag_postgre_operator.transform_shootings_task manual__2024-04-05T19:58:04.664882+00:00 [running]> on host 7f6ff1f67725
[2024-04-05T19:58:07.793+0000] {taskinstance.py:2513} INFO - Exporting env vars: AIRFLOW_CTX_DAG_OWNER='***' AIRFLOW_CTX_DAG_ID='dag_postgre_operator' AIRFLOW_CTX_TASK_ID='transform_shootings_task' AIRFLOW_CTX_EXECUTION_DATE='2024-04-05T19:58:04.664882+00:00' AIRFLOW_CTX_TRY_NUMBER='1' AIRFLOW_CTX_DAG_RUN_ID='manual__2024-04-05T19:58:04.664882+00:00'
[2024-04-05T19:58:07.807+0000] {Transform_Shootings.py:10} ERROR - Error loading file: [Errno 2] No such file or directory: 'mohamed-souhail-moughel/Assignement1/Airflow Apachhe/plugins/ShootingsBostonGOV/ShootingsBostonGOV.csv'
[2024-04-05T19:58:07.808+0000] {dag_python_operator_extract.py:56} ERROR - Failed to process the data: [Errno 2] No such file or directory: 'mohamed-souhail-moughel/Assignement1/Airflow Apachhe/plugins/ShootingsBostonGOV/ShootingsBostonGOV.csv'
[2024-04-05T19:58:07.808+0000] {python.py:202} INFO - Done. Returned value was: None
[2024-04-05T19:58:07.817+0000] {taskinstance.py:1149} INFO - Marking task as SUCCESS. dag_id=dag_postgre_operator, task_id=transform_shootings_task, execution_date=20240405T195804, start_date=20240405T195807, end_date=20240405T195807
[2024-04-05T19:58:07.848+0000] {local_task_job_runner.py:234} INFO - Task exited with return code 0
[2024-04-05T19:58:07.862+0000] {logging_mixin.py:188} WARNING - /home/***/.local/lib/python3.8/site-packages/***/models/baseoperator.py:1201 AirflowProviderDeprecationWarning: Call to deprecated class PostgresOperator. (Please use `***.providers.common.sql.operators.sql.SQLExecuteQueryOperator`.Also, you can provide `hook_params={'schema': <database>}`.)
[2024-04-05T19:58:07.878+0000] {taskinstance.py:3312} INFO - 1 downstream tasks scheduled from follow-on schedule check
[2024-04-05T20:49:19.883+0000] {taskinstance.py:1979} INFO - Dependencies all met for dep_context=non-requeueable deps ti=<TaskInstance: dag_postgre_operator.transform_Shootings_task manual__2024-04-05T19:58:04.664882+00:00 [queued]>
[2024-04-05T20:49:19.904+0000] {taskinstance.py:1979} INFO - Dependencies all met for dep_context=requeueable deps ti=<TaskInstance: dag_postgre_operator.transform_Shootings_task manual__2024-04-05T19:58:04.664882+00:00 [queued]>
[2024-04-05T20:49:19.911+0000] {taskinstance.py:2193} INFO - Starting attempt 1 of 1
[2024-04-05T20:49:19.972+0000] {taskinstance.py:2217} INFO - Executing <Task(PythonOperator): transform_Shootings_task> on 2024-04-05 19:58:04.664882+00:00
[2024-04-05T20:49:19.997+0000] {standard_task_runner.py:60} INFO - Started process 786 to run task
[2024-04-05T20:49:20.004+0000] {standard_task_runner.py:87} INFO - Running: ['***', 'tasks', 'run', 'dag_postgre_operator', 'transform_Shootings_task', 'manual__2024-04-05T19:58:04.664882+00:00', '--job-id', '480', '--raw', '--subdir', 'DAGS_FOLDER/dag_python_operator_extract.py', '--cfg-path', '/tmp/tmp5izun7vv']
[2024-04-05T20:49:20.020+0000] {standard_task_runner.py:88} INFO - Job 480: Subtask transform_Shootings_task
[2024-04-05T20:49:20.195+0000] {task_command.py:423} INFO - Running <TaskInstance: dag_postgre_operator.transform_Shootings_task manual__2024-04-05T19:58:04.664882+00:00 [running]> on host 7f6ff1f67725
[2024-04-05T20:49:20.468+0000] {taskinstance.py:2513} INFO - Exporting env vars: AIRFLOW_CTX_DAG_OWNER='***' AIRFLOW_CTX_DAG_ID='dag_postgre_operator' AIRFLOW_CTX_TASK_ID='transform_Shootings_task' AIRFLOW_CTX_EXECUTION_DATE='2024-04-05T19:58:04.664882+00:00' AIRFLOW_CTX_TRY_NUMBER='1' AIRFLOW_CTX_DAG_RUN_ID='manual__2024-04-05T19:58:04.664882+00:00'
[2024-04-05T20:49:20.596+0000] {Transform_Shootings.py:84} INFO - Result has been saved to the file: dim_regions_manual__2024-04-05T19:58:04.664882+00:00.csv
[2024-04-05T20:49:20.635+0000] {dag_python_operator_extract.py:52} INFO - Transformed dataset was successfully saved as dim_regions_manual__2024-04-05T19:58:04.664882+00:00.csv
[2024-04-05T20:49:20.682+0000] {logging_mixin.py:188} INFO -        incident_num  ... multiple_victims
4     I152002233-00  ...                1
12    I152006073-00  ...                1
19    I152006534-00  ...                1
41    I152025097-00  ...                1
43    I152026103-00  ...                1
...             ...  ...              ...
1825      232035550  ...                1
1845      232052689  ...                1
1877      232068420  ...                1
1883      232068420  ...                1
1890      232072799  ...                1

[82 rows x 8 columns]
[2024-04-05T20:49:20.684+0000] {python.py:202} INFO - Done. Returned value was: None
[2024-04-05T20:49:20.711+0000] {taskinstance.py:1149} INFO - Marking task as SUCCESS. dag_id=dag_postgre_operator, task_id=transform_Shootings_task, execution_date=20240405T195804, start_date=20240405T204919, end_date=20240405T204920
[2024-04-05T20:49:20.801+0000] {local_task_job_runner.py:234} INFO - Task exited with return code 0
[2024-04-05T20:49:20.835+0000] {logging_mixin.py:188} WARNING - /home/***/.local/lib/python3.8/site-packages/***/models/baseoperator.py:1201 AirflowProviderDeprecationWarning: Call to deprecated class PostgresOperator. (Please use `***.providers.common.sql.operators.sql.SQLExecuteQueryOperator`.Also, you can provide `hook_params={'schema': <database>}`.)
[2024-04-05T20:49:20.877+0000] {taskinstance.py:3312} INFO - 1 downstream tasks scheduled from follow-on schedule check
