[2024-04-04T21:38:25.304+0000] {taskinstance.py:1979} INFO - Dependencies all met for dep_context=non-requeueable deps ti=<TaskInstance: dag_postgre_operator.extract_Shootings_task scheduled__2024-03-25T00:00:00+00:00 [queued]>
[2024-04-04T21:38:25.328+0000] {taskinstance.py:1979} INFO - Dependencies all met for dep_context=requeueable deps ti=<TaskInstance: dag_postgre_operator.extract_Shootings_task scheduled__2024-03-25T00:00:00+00:00 [queued]>
[2024-04-04T21:38:25.330+0000] {taskinstance.py:2193} INFO - Starting attempt 1 of 4
[2024-04-04T21:38:25.369+0000] {taskinstance.py:2217} INFO - Executing <Task(PythonOperator): extract_Shootings_task> on 2024-03-25 00:00:00+00:00
[2024-04-04T21:38:25.388+0000] {standard_task_runner.py:60} INFO - Started process 216 to run task
[2024-04-04T21:38:25.395+0000] {standard_task_runner.py:87} INFO - Running: ['***', 'tasks', 'run', 'dag_postgre_operator', 'extract_Shootings_task', 'scheduled__2024-03-25T00:00:00+00:00', '--job-id', '50', '--raw', '--subdir', 'DAGS_FOLDER/dag_python_operator_extract.py', '--cfg-path', '/tmp/tmpulor6b87']
[2024-04-04T21:38:25.399+0000] {standard_task_runner.py:88} INFO - Job 50: Subtask extract_Shootings_task
[2024-04-04T21:38:25.505+0000] {task_command.py:423} INFO - Running <TaskInstance: dag_postgre_operator.extract_Shootings_task scheduled__2024-03-25T00:00:00+00:00 [running]> on host 7f6ff1f67725
[2024-04-04T21:38:25.664+0000] {taskinstance.py:2513} INFO - Exporting env vars: AIRFLOW_CTX_DAG_OWNER='moughel' AIRFLOW_CTX_DAG_ID='dag_postgre_operator' AIRFLOW_CTX_TASK_ID='extract_Shootings_task' AIRFLOW_CTX_EXECUTION_DATE='2024-03-25T00:00:00+00:00' AIRFLOW_CTX_TRY_NUMBER='1' AIRFLOW_CTX_DAG_RUN_ID='scheduled__2024-03-25T00:00:00+00:00'
[2024-04-04T21:38:30.251+0000] {Extract_BotonGOV.py:71} INFO - CSV data saved to /opt/***/plugins/ShootingsBostonGOV/ShootingsBostonGOV.csv
[2024-04-04T21:38:30.253+0000] {dag_python_operator_extract.py:21} INFO - File was successfully saved as ShootingsBostonGOV.csv
[2024-04-04T21:38:30.256+0000] {python.py:202} INFO - Done. Returned value was: None
[2024-04-04T21:38:30.301+0000] {taskinstance.py:1149} INFO - Marking task as SUCCESS. dag_id=dag_postgre_operator, task_id=extract_Shootings_task, execution_date=20240325T000000, start_date=20240404T213825, end_date=20240404T213830
[2024-04-04T21:38:30.564+0000] {local_task_job_runner.py:234} INFO - Task exited with return code 0
[2024-04-04T21:38:30.647+0000] {logging_mixin.py:188} WARNING - /home/***/.local/lib/python3.8/site-packages/***/models/baseoperator.py:1201 AirflowProviderDeprecationWarning: Call to deprecated class PostgresOperator. (Please use `***.providers.common.sql.operators.sql.SQLExecuteQueryOperator`.Also, you can provide `hook_params={'schema': <database>}`.)
[2024-04-04T21:38:30.758+0000] {taskinstance.py:3312} INFO - 1 downstream tasks scheduled from follow-on schedule check
[2024-04-05T20:48:49.923+0000] {taskinstance.py:1979} INFO - Dependencies all met for dep_context=non-requeueable deps ti=<TaskInstance: dag_postgre_operator.extract_shootings_task scheduled__2024-03-25T00:00:00+00:00 [queued]>
[2024-04-05T20:48:49.947+0000] {taskinstance.py:1979} INFO - Dependencies all met for dep_context=requeueable deps ti=<TaskInstance: dag_postgre_operator.extract_shootings_task scheduled__2024-03-25T00:00:00+00:00 [queued]>
[2024-04-05T20:48:49.949+0000] {taskinstance.py:2193} INFO - Starting attempt 1 of 4
[2024-04-05T20:48:49.987+0000] {taskinstance.py:2217} INFO - Executing <Task(PythonOperator): extract_shootings_task> on 2024-03-25 00:00:00+00:00
[2024-04-05T20:48:50.004+0000] {standard_task_runner.py:60} INFO - Started process 335 to run task
[2024-04-05T20:48:50.029+0000] {standard_task_runner.py:87} INFO - Running: ['***', 'tasks', 'run', 'dag_postgre_operator', 'extract_shootings_task', 'scheduled__2024-03-25T00:00:00+00:00', '--job-id', '335', '--raw', '--subdir', 'DAGS_FOLDER/dag_python_operator_extract.py', '--cfg-path', '/tmp/tmpatdt9vrb']
[2024-04-05T20:48:50.044+0000] {standard_task_runner.py:88} INFO - Job 335: Subtask extract_shootings_task
[2024-04-05T20:48:50.225+0000] {task_command.py:423} INFO - Running <TaskInstance: dag_postgre_operator.extract_shootings_task scheduled__2024-03-25T00:00:00+00:00 [running]> on host 7f6ff1f67725
[2024-04-05T20:48:50.428+0000] {taskinstance.py:2513} INFO - Exporting env vars: AIRFLOW_CTX_DAG_OWNER='moughel' AIRFLOW_CTX_DAG_ID='dag_postgre_operator' AIRFLOW_CTX_TASK_ID='extract_shootings_task' AIRFLOW_CTX_EXECUTION_DATE='2024-03-25T00:00:00+00:00' AIRFLOW_CTX_TRY_NUMBER='1' AIRFLOW_CTX_DAG_RUN_ID='scheduled__2024-03-25T00:00:00+00:00'
[2024-04-05T20:48:51.655+0000] {Extract_BotonGOV.py:66} INFO - CSV data saved to dataset_regions_scheduled__2024-03-25T00:00:00+00:00.csv
[2024-04-05T20:48:51.669+0000] {dag_python_operator_extract.py:23} INFO - File was successfully saved as dataset_regions_scheduled__2024-03-25T00:00:00+00:00.csv
[2024-04-05T20:48:51.670+0000] {python.py:202} INFO - Done. Returned value was: None
[2024-04-05T20:48:51.682+0000] {taskinstance.py:1149} INFO - Marking task as SUCCESS. dag_id=dag_postgre_operator, task_id=extract_shootings_task, execution_date=20240325T000000, start_date=20240405T204849, end_date=20240405T204851
[2024-04-05T20:48:51.810+0000] {local_task_job_runner.py:234} INFO - Task exited with return code 0
[2024-04-05T20:48:51.868+0000] {logging_mixin.py:188} WARNING - /home/***/.local/lib/python3.8/site-packages/***/models/baseoperator.py:1201 AirflowProviderDeprecationWarning: Call to deprecated class PostgresOperator. (Please use `***.providers.common.sql.operators.sql.SQLExecuteQueryOperator`.Also, you can provide `hook_params={'schema': <database>}`.)
[2024-04-05T20:48:51.939+0000] {taskinstance.py:3312} INFO - 1 downstream tasks scheduled from follow-on schedule check
