[2024-04-05T21:14:45.728+0000] {taskinstance.py:1979} INFO - Dependencies all met for dep_context=non-requeueable deps ti=<TaskInstance: dag_postgre_operator.insert_data_task manual__2024-04-05T00:01:08.623656+00:00 [queued]>
[2024-04-05T21:14:45.755+0000] {taskinstance.py:1979} INFO - Dependencies all met for dep_context=requeueable deps ti=<TaskInstance: dag_postgre_operator.insert_data_task manual__2024-04-05T00:01:08.623656+00:00 [queued]>
[2024-04-05T21:14:45.756+0000] {taskinstance.py:2193} INFO - Starting attempt 2 of 2
[2024-04-05T21:14:45.785+0000] {taskinstance.py:2217} INFO - Executing <Task(PostgresBulkLoadOperator): insert_data_task> on 2024-04-05 00:01:08.623656+00:00
[2024-04-05T21:14:45.797+0000] {standard_task_runner.py:60} INFO - Started process 4120 to run task
[2024-04-05T21:14:45.803+0000] {standard_task_runner.py:87} INFO - Running: ['***', 'tasks', 'run', 'dag_postgre_operator', 'insert_data_task', 'manual__2024-04-05T00:01:08.623656+00:00', '--job-id', '943', '--raw', '--subdir', 'DAGS_FOLDER/dag_python_operator_extract.py', '--cfg-path', '/tmp/tmp7kb3zch_']
[2024-04-05T21:14:45.808+0000] {standard_task_runner.py:88} INFO - Job 943: Subtask insert_data_task
[2024-04-05T21:14:45.947+0000] {task_command.py:423} INFO - Running <TaskInstance: dag_postgre_operator.insert_data_task manual__2024-04-05T00:01:08.623656+00:00 [running]> on host 7f6ff1f67725
[2024-04-05T21:14:46.239+0000] {taskinstance.py:2513} INFO - Exporting env vars: AIRFLOW_CTX_DAG_OWNER='***' AIRFLOW_CTX_DAG_ID='dag_postgre_operator' AIRFLOW_CTX_TASK_ID='insert_data_task' AIRFLOW_CTX_EXECUTION_DATE='2024-04-05T00:01:08.623656+00:00' AIRFLOW_CTX_TRY_NUMBER='2' AIRFLOW_CTX_DAG_RUN_ID='manual__2024-04-05T00:01:08.623656+00:00'
[2024-04-05T21:14:46.246+0000] {postgres.py:175} INFO - Running copy expert: COPY shooting (incident_num, shooting_date, district, Shooting_type, Gender, Race, Ethnicity, multiple_victims) FROM STDIN WITH CSV HEADER, filename: dim_regions_manual__2024-04-05T00:01:08.623656+00:00.csv
[2024-04-05T21:14:46.284+0000] {base.py:83} INFO - Using connection ID 'postgres_webik' for task execution.
[2024-04-05T21:14:46.374+0000] {dag_python_operator_extract.py:93} ERROR - An error occurred while reading data from file: relation "shooting" does not exist

[2024-04-05T21:14:46.375+0000] {taskinstance.py:2731} ERROR - Task failed with exception
Traceback (most recent call last):
  File "/home/airflow/.local/lib/python3.8/site-packages/airflow/models/taskinstance.py", line 444, in _execute_task
    result = _execute_callable(context=context, **execute_callable_kwargs)
  File "/home/airflow/.local/lib/python3.8/site-packages/airflow/models/taskinstance.py", line 414, in _execute_callable
    return execute_callable(context=context, **execute_callable_kwargs)
  File "/opt/airflow/dags/dag_python_operator_extract.py", line 88, in execute
    hook.copy_expert(copy_sql, f.name)
  File "/home/airflow/.local/lib/python3.8/site-packages/airflow/providers/postgres/hooks/postgres.py", line 181, in copy_expert
    cur.copy_expert(sql, file)
psycopg2.errors.UndefinedTable: relation "shooting" does not exist

[2024-04-05T21:14:46.409+0000] {taskinstance.py:1149} INFO - Marking task as FAILED. dag_id=dag_postgre_operator, task_id=insert_data_task, execution_date=20240405T000108, start_date=20240405T211445, end_date=20240405T211446
[2024-04-05T21:14:46.451+0000] {standard_task_runner.py:107} ERROR - Failed to execute job 943 for task insert_data_task (relation "shooting" does not exist
; 4120)
[2024-04-05T21:14:46.510+0000] {local_task_job_runner.py:234} INFO - Task exited with return code 1
[2024-04-05T21:14:46.713+0000] {logging_mixin.py:188} WARNING - /home/***/.local/lib/python3.8/site-packages/***/models/baseoperator.py:1201 AirflowProviderDeprecationWarning: Call to deprecated class PostgresOperator. (Please use `***.providers.common.sql.operators.sql.SQLExecuteQueryOperator`.Also, you can provide `hook_params={'schema': <database>}`.)
[2024-04-05T21:14:46.737+0000] {taskinstance.py:3312} INFO - 0 downstream tasks scheduled from follow-on schedule check
