[2024-04-05T00:29:01.051+0000] {taskinstance.py:1979} INFO - Dependencies all met for dep_context=non-requeueable deps ti=<TaskInstance: dag_postgre_operator.create_table_task manual__2024-04-05T00:28:56.544982+00:00 [queued]>
[2024-04-05T00:29:01.058+0000] {taskinstance.py:1979} INFO - Dependencies all met for dep_context=requeueable deps ti=<TaskInstance: dag_postgre_operator.create_table_task manual__2024-04-05T00:28:56.544982+00:00 [queued]>
[2024-04-05T00:29:01.059+0000] {taskinstance.py:2193} INFO - Starting attempt 1 of 1
[2024-04-05T00:29:01.075+0000] {taskinstance.py:2217} INFO - Executing <Task(PostgresOperator): create_table_task> on 2024-04-05 00:28:56.544982+00:00
[2024-04-05T00:29:01.085+0000] {standard_task_runner.py:60} INFO - Started process 403 to run task
[2024-04-05T00:29:01.089+0000] {standard_task_runner.py:87} INFO - Running: ['***', 'tasks', 'run', 'dag_postgre_operator', 'create_table_task', 'manual__2024-04-05T00:28:56.544982+00:00', '--job-id', '135', '--raw', '--subdir', 'DAGS_FOLDER/dag_python_operator_extract.py', '--cfg-path', '/tmp/tmp10g3cutw']
[2024-04-05T00:29:01.092+0000] {standard_task_runner.py:88} INFO - Job 135: Subtask create_table_task
[2024-04-05T00:29:01.149+0000] {task_command.py:423} INFO - Running <TaskInstance: dag_postgre_operator.create_table_task manual__2024-04-05T00:28:56.544982+00:00 [running]> on host 7f6ff1f67725
[2024-04-05T00:29:01.222+0000] {taskinstance.py:2513} INFO - Exporting env vars: AIRFLOW_CTX_DAG_OWNER='***' AIRFLOW_CTX_DAG_ID='dag_postgre_operator' AIRFLOW_CTX_TASK_ID='create_table_task' AIRFLOW_CTX_EXECUTION_DATE='2024-04-05T00:28:56.544982+00:00' AIRFLOW_CTX_TRY_NUMBER='1' AIRFLOW_CTX_DAG_RUN_ID='manual__2024-04-05T00:28:56.544982+00:00'
[2024-04-05T00:29:01.223+0000] {sql.py:276} INFO - Executing: 
    CREATE TABLE shooting (
    incident_ID SERIAL,
    incident_num VARCHAR(100) ,
    shooting_date VARCHAR(100),
    district varchar(100),
    Shooting_type INTEGER,
    Gender VARCHAR(100),
    Race VARCHAR(100),
    Ethnicity VARCHAR(100),
    multiple_victims INTEGER
    );
    
[2024-04-05T00:29:01.231+0000] {base.py:83} INFO - Using connection ID 'postgres_webik' for task execution.
[2024-04-05T00:29:01.239+0000] {base.py:83} INFO - Using connection ID 'postgres_webik' for task execution.
[2024-04-05T00:29:01.319+0000] {sql.py:457} INFO - Running statement: 
    CREATE TABLE shooting (
    incident_ID SERIAL,
    incident_num VARCHAR(100) ,
    shooting_date VARCHAR(100),
    district varchar(100),
    Shooting_type INTEGER,
    Gender VARCHAR(100),
    Race VARCHAR(100),
    Ethnicity VARCHAR(100),
    multiple_victims INTEGER
    );
    , parameters: None
[2024-04-05T00:29:01.350+0000] {logging_mixin.py:188} WARNING - /home/***/.local/lib/python3.8/site-packages/***/providers/common/sql/hooks/sql.py:407 AirflowProviderDeprecationWarning: Call to deprecated method _make_common_data_structure. (The `_make_serializable` method is deprecated and support will be removed in a future version of the common.sql provider. Please update the DbApiHook's provider to a version based on common.sql >= 1.9.1.)
[2024-04-05T00:29:01.366+0000] {taskinstance.py:1149} INFO - Marking task as SUCCESS. dag_id=dag_postgre_operator, task_id=create_table_task, execution_date=20240405T002856, start_date=20240405T002901, end_date=20240405T002901
[2024-04-05T00:29:01.383+0000] {local_task_job_runner.py:234} INFO - Task exited with return code 0
[2024-04-05T00:29:01.397+0000] {logging_mixin.py:188} WARNING - /home/***/.local/lib/python3.8/site-packages/***/models/baseoperator.py:1201 AirflowProviderDeprecationWarning: Call to deprecated class PostgresOperator. (Please use `***.providers.common.sql.operators.sql.SQLExecuteQueryOperator`.Also, you can provide `hook_params={'schema': <database>}`.)
[2024-04-05T00:29:01.411+0000] {taskinstance.py:3312} INFO - 1 downstream tasks scheduled from follow-on schedule check
