[2024-04-04T23:57:36.942+0000] {taskinstance.py:1979} INFO - Dependencies all met for dep_context=non-requeueable deps ti=<TaskInstance: dag_postgre_operator.extract_Shootings_task manual__2024-04-04T23:57:36.152730+00:00 [queued]>
[2024-04-04T23:57:36.953+0000] {taskinstance.py:1979} INFO - Dependencies all met for dep_context=requeueable deps ti=<TaskInstance: dag_postgre_operator.extract_Shootings_task manual__2024-04-04T23:57:36.152730+00:00 [queued]>
[2024-04-04T23:57:36.954+0000] {taskinstance.py:2193} INFO - Starting attempt 1 of 4
[2024-04-04T23:57:36.971+0000] {taskinstance.py:2217} INFO - Executing <Task(PythonOperator): extract_Shootings_task> on 2024-04-04 23:57:36.152730+00:00
[2024-04-04T23:57:36.978+0000] {standard_task_runner.py:60} INFO - Started process 1242 to run task
[2024-04-04T23:57:36.985+0000] {standard_task_runner.py:87} INFO - Running: ['***', 'tasks', 'run', 'dag_postgre_operator', 'extract_Shootings_task', 'manual__2024-04-04T23:57:36.152730+00:00', '--job-id', '104', '--raw', '--subdir', 'DAGS_FOLDER/dag_python_operator_extract.py', '--cfg-path', '/tmp/tmp0omx3_d0']
[2024-04-04T23:57:36.989+0000] {standard_task_runner.py:88} INFO - Job 104: Subtask extract_Shootings_task
[2024-04-04T23:57:37.042+0000] {task_command.py:423} INFO - Running <TaskInstance: dag_postgre_operator.extract_Shootings_task manual__2024-04-04T23:57:36.152730+00:00 [running]> on host 7f6ff1f67725
[2024-04-04T23:57:37.117+0000] {taskinstance.py:2513} INFO - Exporting env vars: AIRFLOW_CTX_DAG_OWNER='moughel' AIRFLOW_CTX_DAG_ID='dag_postgre_operator' AIRFLOW_CTX_TASK_ID='extract_Shootings_task' AIRFLOW_CTX_EXECUTION_DATE='2024-04-04T23:57:36.152730+00:00' AIRFLOW_CTX_TRY_NUMBER='1' AIRFLOW_CTX_DAG_RUN_ID='manual__2024-04-04T23:57:36.152730+00:00'
[2024-04-04T23:57:38.108+0000] {Extract_BotonGOV.py:71} INFO - CSV data saved to /opt/***/plugins/ShootingsBostonGOV/ShootingsBostonGOV.csv
[2024-04-04T23:57:38.109+0000] {dag_python_operator_extract.py:21} INFO - File was successfully saved as ShootingsBostonGOV.csv
[2024-04-04T23:57:38.110+0000] {python.py:202} INFO - Done. Returned value was: None
[2024-04-04T23:57:38.123+0000] {taskinstance.py:1149} INFO - Marking task as SUCCESS. dag_id=dag_postgre_operator, task_id=extract_Shootings_task, execution_date=20240404T235736, start_date=20240404T235736, end_date=20240404T235738
[2024-04-04T23:57:38.162+0000] {local_task_job_runner.py:234} INFO - Task exited with return code 0
[2024-04-04T23:57:38.174+0000] {logging_mixin.py:188} WARNING - /home/***/.local/lib/python3.8/site-packages/***/models/baseoperator.py:1201 AirflowProviderDeprecationWarning: Call to deprecated class PostgresOperator. (Please use `***.providers.common.sql.operators.sql.SQLExecuteQueryOperator`.Also, you can provide `hook_params={'schema': <database>}`.)
[2024-04-04T23:57:38.187+0000] {taskinstance.py:3312} INFO - 1 downstream tasks scheduled from follow-on schedule check
[2024-04-05T20:49:04.309+0000] {taskinstance.py:1979} INFO - Dependencies all met for dep_context=non-requeueable deps ti=<TaskInstance: dag_postgre_operator.extract_shootings_task manual__2024-04-04T23:57:36.152730+00:00 [queued]>
[2024-04-05T20:49:04.333+0000] {taskinstance.py:1979} INFO - Dependencies all met for dep_context=requeueable deps ti=<TaskInstance: dag_postgre_operator.extract_shootings_task manual__2024-04-04T23:57:36.152730+00:00 [queued]>
[2024-04-05T20:49:04.335+0000] {taskinstance.py:2193} INFO - Starting attempt 1 of 4
[2024-04-05T20:49:04.372+0000] {taskinstance.py:2217} INFO - Executing <Task(PythonOperator): extract_shootings_task> on 2024-04-04 23:57:36.152730+00:00
[2024-04-05T20:49:04.393+0000] {standard_task_runner.py:60} INFO - Started process 535 to run task
[2024-04-05T20:49:04.399+0000] {standard_task_runner.py:87} INFO - Running: ['***', 'tasks', 'run', 'dag_postgre_operator', 'extract_shootings_task', 'manual__2024-04-04T23:57:36.152730+00:00', '--job-id', '398', '--raw', '--subdir', 'DAGS_FOLDER/dag_python_operator_extract.py', '--cfg-path', '/tmp/tmp9phj2nhl']
[2024-04-05T20:49:04.406+0000] {standard_task_runner.py:88} INFO - Job 398: Subtask extract_shootings_task
[2024-04-05T20:49:04.519+0000] {task_command.py:423} INFO - Running <TaskInstance: dag_postgre_operator.extract_shootings_task manual__2024-04-04T23:57:36.152730+00:00 [running]> on host 7f6ff1f67725
[2024-04-05T20:49:04.675+0000] {taskinstance.py:2513} INFO - Exporting env vars: AIRFLOW_CTX_DAG_OWNER='moughel' AIRFLOW_CTX_DAG_ID='dag_postgre_operator' AIRFLOW_CTX_TASK_ID='extract_shootings_task' AIRFLOW_CTX_EXECUTION_DATE='2024-04-04T23:57:36.152730+00:00' AIRFLOW_CTX_TRY_NUMBER='1' AIRFLOW_CTX_DAG_RUN_ID='manual__2024-04-04T23:57:36.152730+00:00'
[2024-04-05T20:49:06.116+0000] {Extract_BotonGOV.py:66} INFO - CSV data saved to dataset_regions_manual__2024-04-04T23:57:36.152730+00:00.csv
[2024-04-05T20:49:06.129+0000] {dag_python_operator_extract.py:23} INFO - File was successfully saved as dataset_regions_manual__2024-04-04T23:57:36.152730+00:00.csv
[2024-04-05T20:49:06.129+0000] {python.py:202} INFO - Done. Returned value was: None
[2024-04-05T20:49:06.138+0000] {taskinstance.py:1149} INFO - Marking task as SUCCESS. dag_id=dag_postgre_operator, task_id=extract_shootings_task, execution_date=20240404T235736, start_date=20240405T204904, end_date=20240405T204906
[2024-04-05T20:49:06.193+0000] {local_task_job_runner.py:234} INFO - Task exited with return code 0
[2024-04-05T20:49:06.206+0000] {logging_mixin.py:188} WARNING - /home/***/.local/lib/python3.8/site-packages/***/models/baseoperator.py:1201 AirflowProviderDeprecationWarning: Call to deprecated class PostgresOperator. (Please use `***.providers.common.sql.operators.sql.SQLExecuteQueryOperator`.Also, you can provide `hook_params={'schema': <database>}`.)
[2024-04-05T20:49:06.221+0000] {taskinstance.py:3312} INFO - 1 downstream tasks scheduled from follow-on schedule check
