[2024-04-04T21:38:27.242+0000] {taskinstance.py:1979} INFO - Dependencies all met for dep_context=non-requeueable deps ti=<TaskInstance: dag_postgre_operator.extract_Shootings_task scheduled__2024-04-01T00:00:00+00:00 [queued]>
[2024-04-04T21:38:27.259+0000] {taskinstance.py:1979} INFO - Dependencies all met for dep_context=requeueable deps ti=<TaskInstance: dag_postgre_operator.extract_Shootings_task scheduled__2024-04-01T00:00:00+00:00 [queued]>
[2024-04-04T21:38:27.261+0000] {taskinstance.py:2193} INFO - Starting attempt 1 of 4
[2024-04-04T21:38:27.450+0000] {taskinstance.py:2217} INFO - Executing <Task(PythonOperator): extract_Shootings_task> on 2024-04-01 00:00:00+00:00
[2024-04-04T21:38:27.462+0000] {standard_task_runner.py:60} INFO - Started process 230 to run task
[2024-04-04T21:38:27.467+0000] {standard_task_runner.py:87} INFO - Running: ['***', 'tasks', 'run', 'dag_postgre_operator', 'extract_Shootings_task', 'scheduled__2024-04-01T00:00:00+00:00', '--job-id', '57', '--raw', '--subdir', 'DAGS_FOLDER/dag_python_operator_extract.py', '--cfg-path', '/tmp/tmp5yqro2r_']
[2024-04-04T21:38:27.471+0000] {standard_task_runner.py:88} INFO - Job 57: Subtask extract_Shootings_task
[2024-04-04T21:38:27.578+0000] {task_command.py:423} INFO - Running <TaskInstance: dag_postgre_operator.extract_Shootings_task scheduled__2024-04-01T00:00:00+00:00 [running]> on host 7f6ff1f67725
[2024-04-04T21:38:27.803+0000] {taskinstance.py:2513} INFO - Exporting env vars: AIRFLOW_CTX_DAG_OWNER='moughel' AIRFLOW_CTX_DAG_ID='dag_postgre_operator' AIRFLOW_CTX_TASK_ID='extract_Shootings_task' AIRFLOW_CTX_EXECUTION_DATE='2024-04-01T00:00:00+00:00' AIRFLOW_CTX_TRY_NUMBER='1' AIRFLOW_CTX_DAG_RUN_ID='scheduled__2024-04-01T00:00:00+00:00'
[2024-04-04T21:38:29.071+0000] {Extract_BotonGOV.py:71} INFO - CSV data saved to /opt/***/plugins/ShootingsBostonGOV/ShootingsBostonGOV.csv
[2024-04-04T21:38:29.073+0000] {dag_python_operator_extract.py:21} INFO - File was successfully saved as ShootingsBostonGOV.csv
[2024-04-04T21:38:29.075+0000] {python.py:202} INFO - Done. Returned value was: None
[2024-04-04T21:38:29.103+0000] {taskinstance.py:1149} INFO - Marking task as SUCCESS. dag_id=dag_postgre_operator, task_id=extract_Shootings_task, execution_date=20240401T000000, start_date=20240404T213827, end_date=20240404T213829
[2024-04-04T21:38:29.213+0000] {local_task_job_runner.py:234} INFO - Task exited with return code 0
[2024-04-04T21:38:29.275+0000] {logging_mixin.py:188} WARNING - /home/***/.local/lib/python3.8/site-packages/***/models/baseoperator.py:1201 AirflowProviderDeprecationWarning: Call to deprecated class PostgresOperator. (Please use `***.providers.common.sql.operators.sql.SQLExecuteQueryOperator`.Also, you can provide `hook_params={'schema': <database>}`.)
[2024-04-04T21:38:29.364+0000] {taskinstance.py:3312} INFO - 1 downstream tasks scheduled from follow-on schedule check
[2024-04-05T20:48:49.820+0000] {taskinstance.py:1979} INFO - Dependencies all met for dep_context=non-requeueable deps ti=<TaskInstance: dag_postgre_operator.extract_shootings_task scheduled__2024-04-01T00:00:00+00:00 [queued]>
[2024-04-05T20:48:49.842+0000] {taskinstance.py:1979} INFO - Dependencies all met for dep_context=requeueable deps ti=<TaskInstance: dag_postgre_operator.extract_shootings_task scheduled__2024-04-01T00:00:00+00:00 [queued]>
[2024-04-05T20:48:49.843+0000] {taskinstance.py:2193} INFO - Starting attempt 1 of 4
[2024-04-05T20:48:49.892+0000] {taskinstance.py:2217} INFO - Executing <Task(PythonOperator): extract_shootings_task> on 2024-04-01 00:00:00+00:00
[2024-04-05T20:48:49.913+0000] {standard_task_runner.py:60} INFO - Started process 332 to run task
[2024-04-05T20:48:49.926+0000] {standard_task_runner.py:87} INFO - Running: ['***', 'tasks', 'run', 'dag_postgre_operator', 'extract_shootings_task', 'scheduled__2024-04-01T00:00:00+00:00', '--job-id', '330', '--raw', '--subdir', 'DAGS_FOLDER/dag_python_operator_extract.py', '--cfg-path', '/tmp/tmp3ues0ehy']
[2024-04-05T20:48:49.934+0000] {standard_task_runner.py:88} INFO - Job 330: Subtask extract_shootings_task
[2024-04-05T20:48:50.101+0000] {task_command.py:423} INFO - Running <TaskInstance: dag_postgre_operator.extract_shootings_task scheduled__2024-04-01T00:00:00+00:00 [running]> on host 7f6ff1f67725
[2024-04-05T20:48:50.342+0000] {taskinstance.py:2513} INFO - Exporting env vars: AIRFLOW_CTX_DAG_OWNER='moughel' AIRFLOW_CTX_DAG_ID='dag_postgre_operator' AIRFLOW_CTX_TASK_ID='extract_shootings_task' AIRFLOW_CTX_EXECUTION_DATE='2024-04-01T00:00:00+00:00' AIRFLOW_CTX_TRY_NUMBER='1' AIRFLOW_CTX_DAG_RUN_ID='scheduled__2024-04-01T00:00:00+00:00'
[2024-04-05T20:48:51.548+0000] {Extract_BotonGOV.py:66} INFO - CSV data saved to dataset_regions_scheduled__2024-04-01T00:00:00+00:00.csv
[2024-04-05T20:48:51.568+0000] {dag_python_operator_extract.py:23} INFO - File was successfully saved as dataset_regions_scheduled__2024-04-01T00:00:00+00:00.csv
[2024-04-05T20:48:51.569+0000] {python.py:202} INFO - Done. Returned value was: None
[2024-04-05T20:48:51.580+0000] {taskinstance.py:1149} INFO - Marking task as SUCCESS. dag_id=dag_postgre_operator, task_id=extract_shootings_task, execution_date=20240401T000000, start_date=20240405T204849, end_date=20240405T204851
[2024-04-05T20:48:51.814+0000] {local_task_job_runner.py:234} INFO - Task exited with return code 0
[2024-04-05T20:48:51.859+0000] {logging_mixin.py:188} WARNING - /home/***/.local/lib/python3.8/site-packages/***/models/baseoperator.py:1201 AirflowProviderDeprecationWarning: Call to deprecated class PostgresOperator. (Please use `***.providers.common.sql.operators.sql.SQLExecuteQueryOperator`.Also, you can provide `hook_params={'schema': <database>}`.)
[2024-04-05T20:48:51.934+0000] {taskinstance.py:3312} INFO - 1 downstream tasks scheduled from follow-on schedule check
