[2024-04-05T00:55:13.729+0000] {taskinstance.py:1979} INFO - Dependencies all met for dep_context=non-requeueable deps ti=<TaskInstance: dag_postgre_operator.extract_Shootings_task manual__2024-04-05T00:55:12.697382+00:00 [queued]>
[2024-04-05T00:55:13.746+0000] {taskinstance.py:1979} INFO - Dependencies all met for dep_context=requeueable deps ti=<TaskInstance: dag_postgre_operator.extract_Shootings_task manual__2024-04-05T00:55:12.697382+00:00 [queued]>
[2024-04-05T00:55:13.747+0000] {taskinstance.py:2193} INFO - Starting attempt 1 of 4
[2024-04-05T00:55:13.762+0000] {taskinstance.py:2217} INFO - Executing <Task(PythonOperator): extract_Shootings_task> on 2024-04-05 00:55:12.697382+00:00
[2024-04-05T00:55:13.767+0000] {standard_task_runner.py:60} INFO - Started process 1028 to run task
[2024-04-05T00:55:13.771+0000] {standard_task_runner.py:87} INFO - Running: ['***', 'tasks', 'run', 'dag_postgre_operator', 'extract_Shootings_task', 'manual__2024-04-05T00:55:12.697382+00:00', '--job-id', '203', '--raw', '--subdir', 'DAGS_FOLDER/dag_python_operator_extract.py', '--cfg-path', '/tmp/tmp7_948gcn']
[2024-04-05T00:55:13.774+0000] {standard_task_runner.py:88} INFO - Job 203: Subtask extract_Shootings_task
[2024-04-05T00:55:13.817+0000] {task_command.py:423} INFO - Running <TaskInstance: dag_postgre_operator.extract_Shootings_task manual__2024-04-05T00:55:12.697382+00:00 [running]> on host 7f6ff1f67725
[2024-04-05T00:55:13.884+0000] {taskinstance.py:2513} INFO - Exporting env vars: AIRFLOW_CTX_DAG_OWNER='moughel' AIRFLOW_CTX_DAG_ID='dag_postgre_operator' AIRFLOW_CTX_TASK_ID='extract_Shootings_task' AIRFLOW_CTX_EXECUTION_DATE='2024-04-05T00:55:12.697382+00:00' AIRFLOW_CTX_TRY_NUMBER='1' AIRFLOW_CTX_DAG_RUN_ID='manual__2024-04-05T00:55:12.697382+00:00'
[2024-04-05T00:55:15.154+0000] {Extract_BotonGOV.py:71} INFO - CSV data saved to /opt/***/plugins/ShootingsBostonGOV/ShootingsBostonGOV.csv
[2024-04-05T00:55:15.155+0000] {dag_python_operator_extract.py:21} INFO - File was successfully saved as ShootingsBostonGOV.csv
[2024-04-05T00:55:15.155+0000] {python.py:202} INFO - Done. Returned value was: None
[2024-04-05T00:55:15.165+0000] {taskinstance.py:1149} INFO - Marking task as SUCCESS. dag_id=dag_postgre_operator, task_id=extract_Shootings_task, execution_date=20240405T005512, start_date=20240405T005513, end_date=20240405T005515
[2024-04-05T00:55:15.190+0000] {local_task_job_runner.py:234} INFO - Task exited with return code 0
[2024-04-05T00:55:15.204+0000] {logging_mixin.py:188} WARNING - /home/***/.local/lib/python3.8/site-packages/***/models/baseoperator.py:1201 AirflowProviderDeprecationWarning: Call to deprecated class PostgresOperator. (Please use `***.providers.common.sql.operators.sql.SQLExecuteQueryOperator`.Also, you can provide `hook_params={'schema': <database>}`.)
[2024-04-05T00:55:15.220+0000] {taskinstance.py:3312} INFO - 1 downstream tasks scheduled from follow-on schedule check
[2024-04-05T20:49:15.452+0000] {taskinstance.py:1979} INFO - Dependencies all met for dep_context=non-requeueable deps ti=<TaskInstance: dag_postgre_operator.extract_shootings_task manual__2024-04-05T00:55:12.697382+00:00 [queued]>
[2024-04-05T20:49:15.467+0000] {taskinstance.py:1979} INFO - Dependencies all met for dep_context=requeueable deps ti=<TaskInstance: dag_postgre_operator.extract_shootings_task manual__2024-04-05T00:55:12.697382+00:00 [queued]>
[2024-04-05T20:49:15.468+0000] {taskinstance.py:2193} INFO - Starting attempt 1 of 4
[2024-04-05T20:49:15.492+0000] {taskinstance.py:2217} INFO - Executing <Task(PythonOperator): extract_shootings_task> on 2024-04-05 00:55:12.697382+00:00
[2024-04-05T20:49:15.502+0000] {standard_task_runner.py:60} INFO - Started process 722 to run task
[2024-04-05T20:49:15.506+0000] {standard_task_runner.py:87} INFO - Running: ['***', 'tasks', 'run', 'dag_postgre_operator', 'extract_shootings_task', 'manual__2024-04-05T00:55:12.697382+00:00', '--job-id', '459', '--raw', '--subdir', 'DAGS_FOLDER/dag_python_operator_extract.py', '--cfg-path', '/tmp/tmp6ays2ze4']
[2024-04-05T20:49:15.508+0000] {standard_task_runner.py:88} INFO - Job 459: Subtask extract_shootings_task
[2024-04-05T20:49:15.661+0000] {task_command.py:423} INFO - Running <TaskInstance: dag_postgre_operator.extract_shootings_task manual__2024-04-05T00:55:12.697382+00:00 [running]> on host 7f6ff1f67725
[2024-04-05T20:49:15.842+0000] {taskinstance.py:2513} INFO - Exporting env vars: AIRFLOW_CTX_DAG_OWNER='moughel' AIRFLOW_CTX_DAG_ID='dag_postgre_operator' AIRFLOW_CTX_TASK_ID='extract_shootings_task' AIRFLOW_CTX_EXECUTION_DATE='2024-04-05T00:55:12.697382+00:00' AIRFLOW_CTX_TRY_NUMBER='1' AIRFLOW_CTX_DAG_RUN_ID='manual__2024-04-05T00:55:12.697382+00:00'
[2024-04-05T20:49:16.991+0000] {Extract_BotonGOV.py:66} INFO - CSV data saved to dataset_regions_manual__2024-04-05T00:55:12.697382+00:00.csv
[2024-04-05T20:49:17.031+0000] {dag_python_operator_extract.py:23} INFO - File was successfully saved as dataset_regions_manual__2024-04-05T00:55:12.697382+00:00.csv
[2024-04-05T20:49:17.033+0000] {python.py:202} INFO - Done. Returned value was: None
[2024-04-05T20:49:17.052+0000] {taskinstance.py:1149} INFO - Marking task as SUCCESS. dag_id=dag_postgre_operator, task_id=extract_shootings_task, execution_date=20240405T005512, start_date=20240405T204915, end_date=20240405T204917
[2024-04-05T20:49:17.089+0000] {local_task_job_runner.py:234} INFO - Task exited with return code 0
[2024-04-05T20:49:17.117+0000] {logging_mixin.py:188} WARNING - /home/***/.local/lib/python3.8/site-packages/***/models/baseoperator.py:1201 AirflowProviderDeprecationWarning: Call to deprecated class PostgresOperator. (Please use `***.providers.common.sql.operators.sql.SQLExecuteQueryOperator`.Also, you can provide `hook_params={'schema': <database>}`.)
[2024-04-05T20:49:17.152+0000] {taskinstance.py:3312} INFO - 1 downstream tasks scheduled from follow-on schedule check
