[2024-04-05T00:59:52.506+0000] {taskinstance.py:1979} INFO - Dependencies all met for dep_context=non-requeueable deps ti=<TaskInstance: dag_postgre_operator.extract_Shootings_task manual__2024-04-05T00:59:51.066647+00:00 [queued]>
[2024-04-05T00:59:52.518+0000] {taskinstance.py:1979} INFO - Dependencies all met for dep_context=requeueable deps ti=<TaskInstance: dag_postgre_operator.extract_Shootings_task manual__2024-04-05T00:59:51.066647+00:00 [queued]>
[2024-04-05T00:59:52.519+0000] {taskinstance.py:2193} INFO - Starting attempt 1 of 4
[2024-04-05T00:59:52.535+0000] {taskinstance.py:2217} INFO - Executing <Task(PythonOperator): extract_Shootings_task> on 2024-04-05 00:59:51.066647+00:00
[2024-04-05T00:59:52.540+0000] {standard_task_runner.py:60} INFO - Started process 382 to run task
[2024-04-05T00:59:52.544+0000] {standard_task_runner.py:87} INFO - Running: ['***', 'tasks', 'run', 'dag_postgre_operator', 'extract_Shootings_task', 'manual__2024-04-05T00:59:51.066647+00:00', '--job-id', '220', '--raw', '--subdir', 'DAGS_FOLDER/dag_python_operator_extract.py', '--cfg-path', '/tmp/tmpbcii31tn']
[2024-04-05T00:59:52.546+0000] {standard_task_runner.py:88} INFO - Job 220: Subtask extract_Shootings_task
[2024-04-05T00:59:52.616+0000] {task_command.py:423} INFO - Running <TaskInstance: dag_postgre_operator.extract_Shootings_task manual__2024-04-05T00:59:51.066647+00:00 [running]> on host 7f6ff1f67725
[2024-04-05T00:59:52.714+0000] {taskinstance.py:2513} INFO - Exporting env vars: AIRFLOW_CTX_DAG_OWNER='moughel' AIRFLOW_CTX_DAG_ID='dag_postgre_operator' AIRFLOW_CTX_TASK_ID='extract_Shootings_task' AIRFLOW_CTX_EXECUTION_DATE='2024-04-05T00:59:51.066647+00:00' AIRFLOW_CTX_TRY_NUMBER='1' AIRFLOW_CTX_DAG_RUN_ID='manual__2024-04-05T00:59:51.066647+00:00'
[2024-04-05T00:59:54.922+0000] {Extract_BotonGOV.py:71} INFO - CSV data saved to /opt/***/plugins/ShootingsBostonGOV/ShootingsBostonGOV.csv
[2024-04-05T00:59:54.923+0000] {dag_python_operator_extract.py:21} INFO - File was successfully saved as ShootingsBostonGOV.csv
[2024-04-05T00:59:54.924+0000] {python.py:202} INFO - Done. Returned value was: None
[2024-04-05T00:59:54.936+0000] {taskinstance.py:1149} INFO - Marking task as SUCCESS. dag_id=dag_postgre_operator, task_id=extract_Shootings_task, execution_date=20240405T005951, start_date=20240405T005952, end_date=20240405T005954
[2024-04-05T00:59:55.012+0000] {local_task_job_runner.py:234} INFO - Task exited with return code 0
[2024-04-05T00:59:55.034+0000] {logging_mixin.py:188} WARNING - /home/***/.local/lib/python3.8/site-packages/***/models/baseoperator.py:1201 AirflowProviderDeprecationWarning: Call to deprecated class PostgresOperator. (Please use `***.providers.common.sql.operators.sql.SQLExecuteQueryOperator`.Also, you can provide `hook_params={'schema': <database>}`.)
[2024-04-05T00:59:55.056+0000] {taskinstance.py:3312} INFO - 1 downstream tasks scheduled from follow-on schedule check
[2024-04-05T20:49:15.511+0000] {taskinstance.py:1979} INFO - Dependencies all met for dep_context=non-requeueable deps ti=<TaskInstance: dag_postgre_operator.extract_shootings_task manual__2024-04-05T00:59:51.066647+00:00 [queued]>
[2024-04-05T20:49:15.532+0000] {taskinstance.py:1979} INFO - Dependencies all met for dep_context=requeueable deps ti=<TaskInstance: dag_postgre_operator.extract_shootings_task manual__2024-04-05T00:59:51.066647+00:00 [queued]>
[2024-04-05T20:49:15.535+0000] {taskinstance.py:2193} INFO - Starting attempt 1 of 4
[2024-04-05T20:49:15.575+0000] {taskinstance.py:2217} INFO - Executing <Task(PythonOperator): extract_shootings_task> on 2024-04-05 00:59:51.066647+00:00
[2024-04-05T20:49:15.591+0000] {standard_task_runner.py:60} INFO - Started process 730 to run task
[2024-04-05T20:49:15.601+0000] {standard_task_runner.py:87} INFO - Running: ['***', 'tasks', 'run', 'dag_postgre_operator', 'extract_shootings_task', 'manual__2024-04-05T00:59:51.066647+00:00', '--job-id', '464', '--raw', '--subdir', 'DAGS_FOLDER/dag_python_operator_extract.py', '--cfg-path', '/tmp/tmp38l7h09c']
[2024-04-05T20:49:15.607+0000] {standard_task_runner.py:88} INFO - Job 464: Subtask extract_shootings_task
[2024-04-05T20:49:15.724+0000] {task_command.py:423} INFO - Running <TaskInstance: dag_postgre_operator.extract_shootings_task manual__2024-04-05T00:59:51.066647+00:00 [running]> on host 7f6ff1f67725
[2024-04-05T20:49:15.904+0000] {taskinstance.py:2513} INFO - Exporting env vars: AIRFLOW_CTX_DAG_OWNER='moughel' AIRFLOW_CTX_DAG_ID='dag_postgre_operator' AIRFLOW_CTX_TASK_ID='extract_shootings_task' AIRFLOW_CTX_EXECUTION_DATE='2024-04-05T00:59:51.066647+00:00' AIRFLOW_CTX_TRY_NUMBER='1' AIRFLOW_CTX_DAG_RUN_ID='manual__2024-04-05T00:59:51.066647+00:00'
[2024-04-05T20:49:16.923+0000] {Extract_BotonGOV.py:66} INFO - CSV data saved to dataset_regions_manual__2024-04-05T00:59:51.066647+00:00.csv
[2024-04-05T20:49:16.944+0000] {dag_python_operator_extract.py:23} INFO - File was successfully saved as dataset_regions_manual__2024-04-05T00:59:51.066647+00:00.csv
[2024-04-05T20:49:16.945+0000] {python.py:202} INFO - Done. Returned value was: None
[2024-04-05T20:49:16.963+0000] {taskinstance.py:1149} INFO - Marking task as SUCCESS. dag_id=dag_postgre_operator, task_id=extract_shootings_task, execution_date=20240405T005951, start_date=20240405T204915, end_date=20240405T204916
[2024-04-05T20:49:17.061+0000] {local_task_job_runner.py:234} INFO - Task exited with return code 0
[2024-04-05T20:49:17.091+0000] {logging_mixin.py:188} WARNING - /home/***/.local/lib/python3.8/site-packages/***/models/baseoperator.py:1201 AirflowProviderDeprecationWarning: Call to deprecated class PostgresOperator. (Please use `***.providers.common.sql.operators.sql.SQLExecuteQueryOperator`.Also, you can provide `hook_params={'schema': <database>}`.)
[2024-04-05T20:49:17.126+0000] {taskinstance.py:3312} INFO - 1 downstream tasks scheduled from follow-on schedule check
