[2024-04-05T00:46:54.852+0000] {taskinstance.py:1979} INFO - Dependencies all met for dep_context=non-requeueable deps ti=<TaskInstance: dag_postgre_operator.transform_shootings_task manual__2024-04-05T00:46:52.016504+00:00 [queued]>
[2024-04-05T00:46:54.860+0000] {taskinstance.py:1979} INFO - Dependencies all met for dep_context=requeueable deps ti=<TaskInstance: dag_postgre_operator.transform_shootings_task manual__2024-04-05T00:46:52.016504+00:00 [queued]>
[2024-04-05T00:46:54.861+0000] {taskinstance.py:2193} INFO - Starting attempt 1 of 1
[2024-04-05T00:46:54.872+0000] {taskinstance.py:2217} INFO - Executing <Task(PythonOperator): transform_shootings_task> on 2024-04-05 00:46:52.016504+00:00
[2024-04-05T00:46:54.877+0000] {standard_task_runner.py:60} INFO - Started process 409 to run task
[2024-04-05T00:46:54.879+0000] {standard_task_runner.py:87} INFO - Running: ['***', 'tasks', 'run', 'dag_postgre_operator', 'transform_shootings_task', 'manual__2024-04-05T00:46:52.016504+00:00', '--job-id', '179', '--raw', '--subdir', 'DAGS_FOLDER/dag_python_operator_extract.py', '--cfg-path', '/tmp/tmp6m5e2jve']
[2024-04-05T00:46:54.881+0000] {standard_task_runner.py:88} INFO - Job 179: Subtask transform_shootings_task
[2024-04-05T00:46:54.931+0000] {task_command.py:423} INFO - Running <TaskInstance: dag_postgre_operator.transform_shootings_task manual__2024-04-05T00:46:52.016504+00:00 [running]> on host 7f6ff1f67725
[2024-04-05T00:46:54.998+0000] {taskinstance.py:2513} INFO - Exporting env vars: AIRFLOW_CTX_DAG_OWNER='***' AIRFLOW_CTX_DAG_ID='dag_postgre_operator' AIRFLOW_CTX_TASK_ID='transform_shootings_task' AIRFLOW_CTX_EXECUTION_DATE='2024-04-05T00:46:52.016504+00:00' AIRFLOW_CTX_TRY_NUMBER='1' AIRFLOW_CTX_DAG_RUN_ID='manual__2024-04-05T00:46:52.016504+00:00'
[2024-04-05T00:46:55.002+0000] {Transform_Shootings.py:10} ERROR - Error loading file: [Errno 2] No such file or directory: 'mohamed-souhail-moughel/Assignement1/Airflow Apachhe/plugins/ShootingsBostonGOV/ShootingsBostonGOV.csv'
[2024-04-05T00:46:55.003+0000] {dag_python_operator_extract.py:57} ERROR - Failed to process the data: [Errno 2] No such file or directory: 'mohamed-souhail-moughel/Assignement1/Airflow Apachhe/plugins/ShootingsBostonGOV/ShootingsBostonGOV.csv'
[2024-04-05T00:46:55.003+0000] {python.py:202} INFO - Done. Returned value was: None
[2024-04-05T00:46:55.010+0000] {taskinstance.py:1149} INFO - Marking task as SUCCESS. dag_id=dag_postgre_operator, task_id=transform_shootings_task, execution_date=20240405T004652, start_date=20240405T004654, end_date=20240405T004655
[2024-04-05T00:46:55.052+0000] {local_task_job_runner.py:234} INFO - Task exited with return code 0
[2024-04-05T00:46:55.068+0000] {logging_mixin.py:188} WARNING - /home/***/.local/lib/python3.8/site-packages/***/models/baseoperator.py:1201 AirflowProviderDeprecationWarning: Call to deprecated class PostgresOperator. (Please use `***.providers.common.sql.operators.sql.SQLExecuteQueryOperator`.Also, you can provide `hook_params={'schema': <database>}`.)
[2024-04-05T00:46:55.094+0000] {taskinstance.py:3312} INFO - 1 downstream tasks scheduled from follow-on schedule check
[2024-04-05T20:49:07.788+0000] {taskinstance.py:1979} INFO - Dependencies all met for dep_context=non-requeueable deps ti=<TaskInstance: dag_postgre_operator.transform_Shootings_task manual__2024-04-05T00:46:52.016504+00:00 [queued]>
[2024-04-05T20:49:07.815+0000] {taskinstance.py:1979} INFO - Dependencies all met for dep_context=requeueable deps ti=<TaskInstance: dag_postgre_operator.transform_Shootings_task manual__2024-04-05T00:46:52.016504+00:00 [queued]>
[2024-04-05T20:49:07.817+0000] {taskinstance.py:2193} INFO - Starting attempt 1 of 1
[2024-04-05T20:49:07.844+0000] {taskinstance.py:2217} INFO - Executing <Task(PythonOperator): transform_Shootings_task> on 2024-04-05 00:46:52.016504+00:00
[2024-04-05T20:49:07.856+0000] {standard_task_runner.py:60} INFO - Started process 588 to run task
[2024-04-05T20:49:07.862+0000] {standard_task_runner.py:87} INFO - Running: ['***', 'tasks', 'run', 'dag_postgre_operator', 'transform_Shootings_task', 'manual__2024-04-05T00:46:52.016504+00:00', '--job-id', '421', '--raw', '--subdir', 'DAGS_FOLDER/dag_python_operator_extract.py', '--cfg-path', '/tmp/tmpif5t4n16']
[2024-04-05T20:49:07.869+0000] {standard_task_runner.py:88} INFO - Job 421: Subtask transform_Shootings_task
[2024-04-05T20:49:07.972+0000] {task_command.py:423} INFO - Running <TaskInstance: dag_postgre_operator.transform_Shootings_task manual__2024-04-05T00:46:52.016504+00:00 [running]> on host 7f6ff1f67725
[2024-04-05T20:49:08.148+0000] {taskinstance.py:2513} INFO - Exporting env vars: AIRFLOW_CTX_DAG_OWNER='***' AIRFLOW_CTX_DAG_ID='dag_postgre_operator' AIRFLOW_CTX_TASK_ID='transform_Shootings_task' AIRFLOW_CTX_EXECUTION_DATE='2024-04-05T00:46:52.016504+00:00' AIRFLOW_CTX_TRY_NUMBER='1' AIRFLOW_CTX_DAG_RUN_ID='manual__2024-04-05T00:46:52.016504+00:00'
[2024-04-05T20:49:08.224+0000] {Transform_Shootings.py:84} INFO - Result has been saved to the file: dim_regions_manual__2024-04-05T00:46:52.016504+00:00.csv
[2024-04-05T20:49:08.248+0000] {dag_python_operator_extract.py:52} INFO - Transformed dataset was successfully saved as dim_regions_manual__2024-04-05T00:46:52.016504+00:00.csv
[2024-04-05T20:49:08.262+0000] {logging_mixin.py:188} INFO -        incident_num  ... multiple_victims
4     I152002233-00  ...                1
12    I152006073-00  ...                1
19    I152006534-00  ...                1
41    I152025097-00  ...                1
43    I152026103-00  ...                1
...             ...  ...              ...
1825      232035550  ...                1
1845      232052689  ...                1
1877      232068420  ...                1
1883      232068420  ...                1
1890      232072799  ...                1

[82 rows x 8 columns]
[2024-04-05T20:49:08.263+0000] {python.py:202} INFO - Done. Returned value was: None
[2024-04-05T20:49:08.272+0000] {taskinstance.py:1149} INFO - Marking task as SUCCESS. dag_id=dag_postgre_operator, task_id=transform_Shootings_task, execution_date=20240405T004652, start_date=20240405T204907, end_date=20240405T204908
[2024-04-05T20:49:08.325+0000] {local_task_job_runner.py:234} INFO - Task exited with return code 0
[2024-04-05T20:49:08.370+0000] {logging_mixin.py:188} WARNING - /home/***/.local/lib/python3.8/site-packages/***/models/baseoperator.py:1201 AirflowProviderDeprecationWarning: Call to deprecated class PostgresOperator. (Please use `***.providers.common.sql.operators.sql.SQLExecuteQueryOperator`.Also, you can provide `hook_params={'schema': <database>}`.)
[2024-04-05T20:49:08.392+0000] {taskinstance.py:3312} INFO - 0 downstream tasks scheduled from follow-on schedule check
