[2024-04-05T21:12:45.102+0000] {taskinstance.py:1979} INFO - Dependencies all met for dep_context=non-requeueable deps ti=<TaskInstance: dag_postgre_operator.create_table_task manual__2024-04-04T21:38:23.951556+00:00 [queued]>
[2024-04-05T21:12:45.132+0000] {taskinstance.py:1979} INFO - Dependencies all met for dep_context=requeueable deps ti=<TaskInstance: dag_postgre_operator.create_table_task manual__2024-04-04T21:38:23.951556+00:00 [queued]>
[2024-04-05T21:12:45.134+0000] {taskinstance.py:2193} INFO - Starting attempt 2 of 2
[2024-04-05T21:12:45.183+0000] {taskinstance.py:2217} INFO - Executing <Task(PostgresOperator): create_table_task> on 2024-04-04 21:38:23.951556+00:00
[2024-04-05T21:12:45.197+0000] {standard_task_runner.py:60} INFO - Started process 3048 to run task
[2024-04-05T21:12:45.205+0000] {standard_task_runner.py:87} INFO - Running: ['***', 'tasks', 'run', 'dag_postgre_operator', 'create_table_task', 'manual__2024-04-04T21:38:23.951556+00:00', '--job-id', '622', '--raw', '--subdir', 'DAGS_FOLDER/dag_python_operator_extract.py', '--cfg-path', '/tmp/tmp220cxe7c']
[2024-04-05T21:12:45.213+0000] {standard_task_runner.py:88} INFO - Job 622: Subtask create_table_task
[2024-04-05T21:12:45.351+0000] {task_command.py:423} INFO - Running <TaskInstance: dag_postgre_operator.create_table_task manual__2024-04-04T21:38:23.951556+00:00 [running]> on host 7f6ff1f67725
[2024-04-05T21:12:45.596+0000] {taskinstance.py:2513} INFO - Exporting env vars: AIRFLOW_CTX_DAG_OWNER='***' AIRFLOW_CTX_DAG_ID='dag_postgre_operator' AIRFLOW_CTX_TASK_ID='create_table_task' AIRFLOW_CTX_EXECUTION_DATE='2024-04-04T21:38:23.951556+00:00' AIRFLOW_CTX_TRY_NUMBER='2' AIRFLOW_CTX_DAG_RUN_ID='manual__2024-04-04T21:38:23.951556+00:00'
[2024-04-05T21:12:45.599+0000] {sql.py:276} INFO - Executing: 
    CREATE TABLE shooting (
    incident_ID SERIAL,
    incident_num VARCHAR(100) ,
    shooting_date VARCHAR(100),
    district varchar(100),
    Shooting_type INTEGER,
    Gender VARCHAR(100),
    Race VARCHAR(100),
    Ethnicity VARCHAR(100),
    multiple_victims INTEGER
    );
    
[2024-04-05T21:12:45.619+0000] {base.py:83} INFO - Using connection ID 'postgres_webik' for task execution.
[2024-04-05T21:12:45.647+0000] {base.py:83} INFO - Using connection ID 'postgres_webik' for task execution.
[2024-04-05T21:12:45.721+0000] {sql.py:457} INFO - Running statement: 
    CREATE TABLE shooting (
    incident_ID SERIAL,
    incident_num VARCHAR(100) ,
    shooting_date VARCHAR(100),
    district varchar(100),
    Shooting_type INTEGER,
    Gender VARCHAR(100),
    Race VARCHAR(100),
    Ethnicity VARCHAR(100),
    multiple_victims INTEGER
    );
    , parameters: None
[2024-04-05T21:12:45.798+0000] {taskinstance.py:2731} ERROR - Task failed with exception
Traceback (most recent call last):
  File "/home/airflow/.local/lib/python3.8/site-packages/airflow/models/taskinstance.py", line 444, in _execute_task
    result = _execute_callable(context=context, **execute_callable_kwargs)
  File "/home/airflow/.local/lib/python3.8/site-packages/airflow/models/taskinstance.py", line 414, in _execute_callable
    return execute_callable(context=context, **execute_callable_kwargs)
  File "/home/airflow/.local/lib/python3.8/site-packages/airflow/providers/common/sql/operators/sql.py", line 282, in execute
    output = hook.run(
  File "/home/airflow/.local/lib/python3.8/site-packages/airflow/providers/common/sql/hooks/sql.py", line 404, in run
    self._run_command(cur, sql_statement, parameters)
  File "/home/airflow/.local/lib/python3.8/site-packages/airflow/providers/common/sql/hooks/sql.py", line 462, in _run_command
    cur.execute(sql_statement)
psycopg2.errors.UniqueViolation: duplicate key value violates unique constraint "pg_class_relname_nsp_index"
DETAIL:  Key (relname, relnamespace)=(shooting_incident_id_seq, 2200) already exists.

[2024-04-05T21:12:45.816+0000] {taskinstance.py:1149} INFO - Marking task as FAILED. dag_id=dag_postgre_operator, task_id=create_table_task, execution_date=20240404T213823, start_date=20240405T211245, end_date=20240405T211245
[2024-04-05T21:12:45.865+0000] {standard_task_runner.py:107} ERROR - Failed to execute job 622 for task create_table_task (duplicate key value violates unique constraint "pg_class_relname_nsp_index"
DETAIL:  Key (relname, relnamespace)=(shooting_incident_id_seq, 2200) already exists.
; 3048)
[2024-04-05T21:12:45.911+0000] {local_task_job_runner.py:234} INFO - Task exited with return code 1
[2024-04-05T21:12:45.942+0000] {logging_mixin.py:188} WARNING - /home/***/.local/lib/python3.8/site-packages/***/models/baseoperator.py:1201 AirflowProviderDeprecationWarning: Call to deprecated class PostgresOperator. (Please use `***.providers.common.sql.operators.sql.SQLExecuteQueryOperator`.Also, you can provide `hook_params={'schema': <database>}`.)
[2024-04-05T21:12:45.970+0000] {taskinstance.py:3312} INFO - 0 downstream tasks scheduled from follow-on schedule check
