[2024-04-05T00:50:08.685+0000] {taskinstance.py:1979} INFO - Dependencies all met for dep_context=non-requeueable deps ti=<TaskInstance: dag_postgre_operator.extract_Shootings_task manual__2024-04-05T00:50:07.739465+00:00 [queued]>
[2024-04-05T00:50:08.699+0000] {taskinstance.py:1979} INFO - Dependencies all met for dep_context=requeueable deps ti=<TaskInstance: dag_postgre_operator.extract_Shootings_task manual__2024-04-05T00:50:07.739465+00:00 [queued]>
[2024-04-05T00:50:08.700+0000] {taskinstance.py:2193} INFO - Starting attempt 1 of 4
[2024-04-05T00:50:08.719+0000] {taskinstance.py:2217} INFO - Executing <Task(PythonOperator): extract_Shootings_task> on 2024-04-05 00:50:07.739465+00:00
[2024-04-05T00:50:08.724+0000] {standard_task_runner.py:60} INFO - Started process 638 to run task
[2024-04-05T00:50:08.727+0000] {standard_task_runner.py:87} INFO - Running: ['***', 'tasks', 'run', 'dag_postgre_operator', 'extract_Shootings_task', 'manual__2024-04-05T00:50:07.739465+00:00', '--job-id', '183', '--raw', '--subdir', 'DAGS_FOLDER/dag_python_operator_extract.py', '--cfg-path', '/tmp/tmp2jpkd45d']
[2024-04-05T00:50:08.729+0000] {standard_task_runner.py:88} INFO - Job 183: Subtask extract_Shootings_task
[2024-04-05T00:50:08.775+0000] {task_command.py:423} INFO - Running <TaskInstance: dag_postgre_operator.extract_Shootings_task manual__2024-04-05T00:50:07.739465+00:00 [running]> on host 7f6ff1f67725
[2024-04-05T00:50:08.839+0000] {taskinstance.py:2513} INFO - Exporting env vars: AIRFLOW_CTX_DAG_OWNER='moughel' AIRFLOW_CTX_DAG_ID='dag_postgre_operator' AIRFLOW_CTX_TASK_ID='extract_Shootings_task' AIRFLOW_CTX_EXECUTION_DATE='2024-04-05T00:50:07.739465+00:00' AIRFLOW_CTX_TRY_NUMBER='1' AIRFLOW_CTX_DAG_RUN_ID='manual__2024-04-05T00:50:07.739465+00:00'
[2024-04-05T00:50:11.799+0000] {Extract_BotonGOV.py:71} INFO - CSV data saved to /opt/***/plugins/ShootingsBostonGOV/ShootingsBostonGOV.csv
[2024-04-05T00:50:11.801+0000] {dag_python_operator_extract.py:21} INFO - File was successfully saved as ShootingsBostonGOV.csv
[2024-04-05T00:50:11.802+0000] {python.py:202} INFO - Done. Returned value was: None
[2024-04-05T00:50:11.812+0000] {taskinstance.py:1149} INFO - Marking task as SUCCESS. dag_id=dag_postgre_operator, task_id=extract_Shootings_task, execution_date=20240405T005007, start_date=20240405T005008, end_date=20240405T005011
[2024-04-05T00:50:11.844+0000] {local_task_job_runner.py:234} INFO - Task exited with return code 0
[2024-04-05T00:50:11.861+0000] {logging_mixin.py:188} WARNING - /home/***/.local/lib/python3.8/site-packages/***/models/baseoperator.py:1201 AirflowProviderDeprecationWarning: Call to deprecated class PostgresOperator. (Please use `***.providers.common.sql.operators.sql.SQLExecuteQueryOperator`.Also, you can provide `hook_params={'schema': <database>}`.)
[2024-04-05T00:50:11.882+0000] {taskinstance.py:3312} INFO - 1 downstream tasks scheduled from follow-on schedule check
[2024-04-05T20:49:05.712+0000] {taskinstance.py:1979} INFO - Dependencies all met for dep_context=non-requeueable deps ti=<TaskInstance: dag_postgre_operator.extract_shootings_task manual__2024-04-05T00:50:07.739465+00:00 [queued]>
[2024-04-05T20:49:05.723+0000] {taskinstance.py:1979} INFO - Dependencies all met for dep_context=requeueable deps ti=<TaskInstance: dag_postgre_operator.extract_shootings_task manual__2024-04-05T00:50:07.739465+00:00 [queued]>
[2024-04-05T20:49:05.723+0000] {taskinstance.py:2193} INFO - Starting attempt 1 of 4
[2024-04-05T20:49:05.737+0000] {taskinstance.py:2217} INFO - Executing <Task(PythonOperator): extract_shootings_task> on 2024-04-05 00:50:07.739465+00:00
[2024-04-05T20:49:05.741+0000] {standard_task_runner.py:60} INFO - Started process 544 to run task
[2024-04-05T20:49:05.745+0000] {standard_task_runner.py:87} INFO - Running: ['***', 'tasks', 'run', 'dag_postgre_operator', 'extract_shootings_task', 'manual__2024-04-05T00:50:07.739465+00:00', '--job-id', '407', '--raw', '--subdir', 'DAGS_FOLDER/dag_python_operator_extract.py', '--cfg-path', '/tmp/tmp8vxce0pu']
[2024-04-05T20:49:05.746+0000] {standard_task_runner.py:88} INFO - Job 407: Subtask extract_shootings_task
[2024-04-05T20:49:05.787+0000] {task_command.py:423} INFO - Running <TaskInstance: dag_postgre_operator.extract_shootings_task manual__2024-04-05T00:50:07.739465+00:00 [running]> on host 7f6ff1f67725
[2024-04-05T20:49:05.893+0000] {taskinstance.py:2513} INFO - Exporting env vars: AIRFLOW_CTX_DAG_OWNER='moughel' AIRFLOW_CTX_DAG_ID='dag_postgre_operator' AIRFLOW_CTX_TASK_ID='extract_shootings_task' AIRFLOW_CTX_EXECUTION_DATE='2024-04-05T00:50:07.739465+00:00' AIRFLOW_CTX_TRY_NUMBER='1' AIRFLOW_CTX_DAG_RUN_ID='manual__2024-04-05T00:50:07.739465+00:00'
[2024-04-05T20:49:07.025+0000] {Extract_BotonGOV.py:66} INFO - CSV data saved to dataset_regions_manual__2024-04-05T00:50:07.739465+00:00.csv
[2024-04-05T20:49:07.064+0000] {dag_python_operator_extract.py:23} INFO - File was successfully saved as dataset_regions_manual__2024-04-05T00:50:07.739465+00:00.csv
[2024-04-05T20:49:07.073+0000] {python.py:202} INFO - Done. Returned value was: None
[2024-04-05T20:49:07.093+0000] {taskinstance.py:1149} INFO - Marking task as SUCCESS. dag_id=dag_postgre_operator, task_id=extract_shootings_task, execution_date=20240405T005007, start_date=20240405T204905, end_date=20240405T204907
[2024-04-05T20:49:07.203+0000] {local_task_job_runner.py:234} INFO - Task exited with return code 0
[2024-04-05T20:49:07.230+0000] {logging_mixin.py:188} WARNING - /home/***/.local/lib/python3.8/site-packages/***/models/baseoperator.py:1201 AirflowProviderDeprecationWarning: Call to deprecated class PostgresOperator. (Please use `***.providers.common.sql.operators.sql.SQLExecuteQueryOperator`.Also, you can provide `hook_params={'schema': <database>}`.)
[2024-04-05T20:49:07.266+0000] {taskinstance.py:3312} INFO - 1 downstream tasks scheduled from follow-on schedule check
