[2024-04-05T00:56:16.246+0000] {taskinstance.py:1979} INFO - Dependencies all met for dep_context=non-requeueable deps ti=<TaskInstance: dag_postgre_operator.extract_Shootings_task manual__2024-04-05T00:56:15.080235+00:00 [queued]>
[2024-04-05T00:56:16.260+0000] {taskinstance.py:1979} INFO - Dependencies all met for dep_context=requeueable deps ti=<TaskInstance: dag_postgre_operator.extract_Shootings_task manual__2024-04-05T00:56:15.080235+00:00 [queued]>
[2024-04-05T00:56:16.261+0000] {taskinstance.py:2193} INFO - Starting attempt 1 of 4
[2024-04-05T00:56:16.280+0000] {taskinstance.py:2217} INFO - Executing <Task(PythonOperator): extract_Shootings_task> on 2024-04-05 00:56:15.080235+00:00
[2024-04-05T00:56:16.286+0000] {standard_task_runner.py:60} INFO - Started process 1118 to run task
[2024-04-05T00:56:16.289+0000] {standard_task_runner.py:87} INFO - Running: ['***', 'tasks', 'run', 'dag_postgre_operator', 'extract_Shootings_task', 'manual__2024-04-05T00:56:15.080235+00:00', '--job-id', '213', '--raw', '--subdir', 'DAGS_FOLDER/dag_python_operator_extract.py', '--cfg-path', '/tmp/tmpfce5bjmd']
[2024-04-05T00:56:16.291+0000] {standard_task_runner.py:88} INFO - Job 213: Subtask extract_Shootings_task
[2024-04-05T00:56:16.352+0000] {task_command.py:423} INFO - Running <TaskInstance: dag_postgre_operator.extract_Shootings_task manual__2024-04-05T00:56:15.080235+00:00 [running]> on host 7f6ff1f67725
[2024-04-05T00:56:16.443+0000] {taskinstance.py:2513} INFO - Exporting env vars: AIRFLOW_CTX_DAG_OWNER='moughel' AIRFLOW_CTX_DAG_ID='dag_postgre_operator' AIRFLOW_CTX_TASK_ID='extract_Shootings_task' AIRFLOW_CTX_EXECUTION_DATE='2024-04-05T00:56:15.080235+00:00' AIRFLOW_CTX_TRY_NUMBER='1' AIRFLOW_CTX_DAG_RUN_ID='manual__2024-04-05T00:56:15.080235+00:00'
[2024-04-05T00:56:17.543+0000] {Extract_BotonGOV.py:71} INFO - CSV data saved to /opt/***/plugins/ShootingsBostonGOV/ShootingsBostonGOV.csv
[2024-04-05T00:56:17.544+0000] {dag_python_operator_extract.py:21} INFO - File was successfully saved as ShootingsBostonGOV.csv
[2024-04-05T00:56:17.544+0000] {python.py:202} INFO - Done. Returned value was: None
[2024-04-05T00:56:17.553+0000] {taskinstance.py:1149} INFO - Marking task as SUCCESS. dag_id=dag_postgre_operator, task_id=extract_Shootings_task, execution_date=20240405T005615, start_date=20240405T005616, end_date=20240405T005617
[2024-04-05T00:56:17.588+0000] {local_task_job_runner.py:234} INFO - Task exited with return code 0
[2024-04-05T00:56:17.602+0000] {logging_mixin.py:188} WARNING - /home/***/.local/lib/python3.8/site-packages/***/models/baseoperator.py:1201 AirflowProviderDeprecationWarning: Call to deprecated class PostgresOperator. (Please use `***.providers.common.sql.operators.sql.SQLExecuteQueryOperator`.Also, you can provide `hook_params={'schema': <database>}`.)
[2024-04-05T00:56:17.619+0000] {taskinstance.py:3312} INFO - 1 downstream tasks scheduled from follow-on schedule check
[2024-04-05T20:49:15.470+0000] {taskinstance.py:1979} INFO - Dependencies all met for dep_context=non-requeueable deps ti=<TaskInstance: dag_postgre_operator.extract_shootings_task manual__2024-04-05T00:56:15.080235+00:00 [queued]>
[2024-04-05T20:49:15.489+0000] {taskinstance.py:1979} INFO - Dependencies all met for dep_context=requeueable deps ti=<TaskInstance: dag_postgre_operator.extract_shootings_task manual__2024-04-05T00:56:15.080235+00:00 [queued]>
[2024-04-05T20:49:15.490+0000] {taskinstance.py:2193} INFO - Starting attempt 1 of 4
[2024-04-05T20:49:15.515+0000] {taskinstance.py:2217} INFO - Executing <Task(PythonOperator): extract_shootings_task> on 2024-04-05 00:56:15.080235+00:00
[2024-04-05T20:49:15.525+0000] {standard_task_runner.py:60} INFO - Started process 723 to run task
[2024-04-05T20:49:15.531+0000] {standard_task_runner.py:87} INFO - Running: ['***', 'tasks', 'run', 'dag_postgre_operator', 'extract_shootings_task', 'manual__2024-04-05T00:56:15.080235+00:00', '--job-id', '460', '--raw', '--subdir', 'DAGS_FOLDER/dag_python_operator_extract.py', '--cfg-path', '/tmp/tmp866s7jhr']
[2024-04-05T20:49:15.536+0000] {standard_task_runner.py:88} INFO - Job 460: Subtask extract_shootings_task
[2024-04-05T20:49:15.662+0000] {task_command.py:423} INFO - Running <TaskInstance: dag_postgre_operator.extract_shootings_task manual__2024-04-05T00:56:15.080235+00:00 [running]> on host 7f6ff1f67725
[2024-04-05T20:49:15.845+0000] {taskinstance.py:2513} INFO - Exporting env vars: AIRFLOW_CTX_DAG_OWNER='moughel' AIRFLOW_CTX_DAG_ID='dag_postgre_operator' AIRFLOW_CTX_TASK_ID='extract_shootings_task' AIRFLOW_CTX_EXECUTION_DATE='2024-04-05T00:56:15.080235+00:00' AIRFLOW_CTX_TRY_NUMBER='1' AIRFLOW_CTX_DAG_RUN_ID='manual__2024-04-05T00:56:15.080235+00:00'
[2024-04-05T20:49:16.956+0000] {Extract_BotonGOV.py:66} INFO - CSV data saved to dataset_regions_manual__2024-04-05T00:56:15.080235+00:00.csv
[2024-04-05T20:49:16.985+0000] {dag_python_operator_extract.py:23} INFO - File was successfully saved as dataset_regions_manual__2024-04-05T00:56:15.080235+00:00.csv
[2024-04-05T20:49:16.987+0000] {python.py:202} INFO - Done. Returned value was: None
[2024-04-05T20:49:17.011+0000] {taskinstance.py:1149} INFO - Marking task as SUCCESS. dag_id=dag_postgre_operator, task_id=extract_shootings_task, execution_date=20240405T005615, start_date=20240405T204915, end_date=20240405T204917
[2024-04-05T20:49:17.085+0000] {local_task_job_runner.py:234} INFO - Task exited with return code 0
[2024-04-05T20:49:17.116+0000] {logging_mixin.py:188} WARNING - /home/***/.local/lib/python3.8/site-packages/***/models/baseoperator.py:1201 AirflowProviderDeprecationWarning: Call to deprecated class PostgresOperator. (Please use `***.providers.common.sql.operators.sql.SQLExecuteQueryOperator`.Also, you can provide `hook_params={'schema': <database>}`.)
[2024-04-05T20:49:17.149+0000] {taskinstance.py:3312} INFO - 1 downstream tasks scheduled from follow-on schedule check
