[2024-04-05T20:14:25.536+0000] {taskinstance.py:1979} INFO - Dependencies all met for dep_context=non-requeueable deps ti=<TaskInstance: dag_postgre_operator.create_table_task manual__2024-04-05T20:14:18.044853+00:00 [queued]>
[2024-04-05T20:14:25.544+0000] {taskinstance.py:1979} INFO - Dependencies all met for dep_context=requeueable deps ti=<TaskInstance: dag_postgre_operator.create_table_task manual__2024-04-05T20:14:18.044853+00:00 [queued]>
[2024-04-05T20:14:25.545+0000] {taskinstance.py:2193} INFO - Starting attempt 1 of 1
[2024-04-05T20:14:25.557+0000] {taskinstance.py:2217} INFO - Executing <Task(PostgresOperator): create_table_task> on 2024-04-05 20:14:18.044853+00:00
[2024-04-05T20:14:25.562+0000] {standard_task_runner.py:60} INFO - Started process 223 to run task
[2024-04-05T20:14:25.565+0000] {standard_task_runner.py:87} INFO - Running: ['***', 'tasks', 'run', 'dag_postgre_operator', 'create_table_task', 'manual__2024-04-05T20:14:18.044853+00:00', '--job-id', '292', '--raw', '--subdir', 'DAGS_FOLDER/dag_python_operator_extract.py', '--cfg-path', '/tmp/tmp4u7x02s8']
[2024-04-05T20:14:25.567+0000] {standard_task_runner.py:88} INFO - Job 292: Subtask create_table_task
[2024-04-05T20:14:25.610+0000] {task_command.py:423} INFO - Running <TaskInstance: dag_postgre_operator.create_table_task manual__2024-04-05T20:14:18.044853+00:00 [running]> on host 7f6ff1f67725
[2024-04-05T20:14:25.671+0000] {taskinstance.py:2513} INFO - Exporting env vars: AIRFLOW_CTX_DAG_OWNER='***' AIRFLOW_CTX_DAG_ID='dag_postgre_operator' AIRFLOW_CTX_TASK_ID='create_table_task' AIRFLOW_CTX_EXECUTION_DATE='2024-04-05T20:14:18.044853+00:00' AIRFLOW_CTX_TRY_NUMBER='1' AIRFLOW_CTX_DAG_RUN_ID='manual__2024-04-05T20:14:18.044853+00:00'
[2024-04-05T20:14:25.673+0000] {sql.py:276} INFO - Executing: 
    CREATE TABLE shooting (
    incident_ID SERIAL,
    incident_num VARCHAR(100) ,
    shooting_date VARCHAR(100),
    district varchar(100),
    Shooting_type INTEGER,
    Gender VARCHAR(100),
    Race VARCHAR(100),
    Ethnicity VARCHAR(100),
    multiple_victims INTEGER
    );
    
[2024-04-05T20:14:25.680+0000] {base.py:83} INFO - Using connection ID 'postgres_webik' for task execution.
[2024-04-05T20:14:25.686+0000] {base.py:83} INFO - Using connection ID 'postgres_webik' for task execution.
[2024-04-05T20:14:25.731+0000] {sql.py:457} INFO - Running statement: 
    CREATE TABLE shooting (
    incident_ID SERIAL,
    incident_num VARCHAR(100) ,
    shooting_date VARCHAR(100),
    district varchar(100),
    Shooting_type INTEGER,
    Gender VARCHAR(100),
    Race VARCHAR(100),
    Ethnicity VARCHAR(100),
    multiple_victims INTEGER
    );
    , parameters: None
[2024-04-05T20:14:25.755+0000] {logging_mixin.py:188} WARNING - /home/***/.local/lib/python3.8/site-packages/***/providers/common/sql/hooks/sql.py:407 AirflowProviderDeprecationWarning: Call to deprecated method _make_common_data_structure. (The `_make_serializable` method is deprecated and support will be removed in a future version of the common.sql provider. Please update the DbApiHook's provider to a version based on common.sql >= 1.9.1.)
[2024-04-05T20:14:25.768+0000] {taskinstance.py:1149} INFO - Marking task as SUCCESS. dag_id=dag_postgre_operator, task_id=create_table_task, execution_date=20240405T201418, start_date=20240405T201425, end_date=20240405T201425
[2024-04-05T20:14:25.818+0000] {local_task_job_runner.py:234} INFO - Task exited with return code 0
[2024-04-05T20:14:25.832+0000] {logging_mixin.py:188} WARNING - /home/***/.local/lib/python3.8/site-packages/***/models/baseoperator.py:1201 AirflowProviderDeprecationWarning: Call to deprecated class PostgresOperator. (Please use `***.providers.common.sql.operators.sql.SQLExecuteQueryOperator`.Also, you can provide `hook_params={'schema': <database>}`.)
[2024-04-05T20:14:25.845+0000] {taskinstance.py:3312} INFO - 1 downstream tasks scheduled from follow-on schedule check
