[2024-04-04T23:57:32.414+0000] {taskinstance.py:1979} INFO - Dependencies all met for dep_context=non-requeueable deps ti=<TaskInstance: dag_postgre_operator.extract_Shootings_task manual__2024-04-04T23:57:31.512860+00:00 [queued]>
[2024-04-04T23:57:32.422+0000] {taskinstance.py:1979} INFO - Dependencies all met for dep_context=requeueable deps ti=<TaskInstance: dag_postgre_operator.extract_Shootings_task manual__2024-04-04T23:57:31.512860+00:00 [queued]>
[2024-04-04T23:57:32.423+0000] {taskinstance.py:2193} INFO - Starting attempt 1 of 4
[2024-04-04T23:57:32.437+0000] {taskinstance.py:2217} INFO - Executing <Task(PythonOperator): extract_Shootings_task> on 2024-04-04 23:57:31.512860+00:00
[2024-04-04T23:57:32.443+0000] {standard_task_runner.py:60} INFO - Started process 1206 to run task
[2024-04-04T23:57:32.445+0000] {standard_task_runner.py:87} INFO - Running: ['***', 'tasks', 'run', 'dag_postgre_operator', 'extract_Shootings_task', 'manual__2024-04-04T23:57:31.512860+00:00', '--job-id', '100', '--raw', '--subdir', 'DAGS_FOLDER/dag_python_operator_extract.py', '--cfg-path', '/tmp/tmpw40fspp1']
[2024-04-04T23:57:32.447+0000] {standard_task_runner.py:88} INFO - Job 100: Subtask extract_Shootings_task
[2024-04-04T23:57:32.491+0000] {task_command.py:423} INFO - Running <TaskInstance: dag_postgre_operator.extract_Shootings_task manual__2024-04-04T23:57:31.512860+00:00 [running]> on host 7f6ff1f67725
[2024-04-04T23:57:32.559+0000] {taskinstance.py:2513} INFO - Exporting env vars: AIRFLOW_CTX_DAG_OWNER='moughel' AIRFLOW_CTX_DAG_ID='dag_postgre_operator' AIRFLOW_CTX_TASK_ID='extract_Shootings_task' AIRFLOW_CTX_EXECUTION_DATE='2024-04-04T23:57:31.512860+00:00' AIRFLOW_CTX_TRY_NUMBER='1' AIRFLOW_CTX_DAG_RUN_ID='manual__2024-04-04T23:57:31.512860+00:00'
[2024-04-04T23:57:33.712+0000] {Extract_BotonGOV.py:71} INFO - CSV data saved to /opt/***/plugins/ShootingsBostonGOV/ShootingsBostonGOV.csv
[2024-04-04T23:57:33.713+0000] {dag_python_operator_extract.py:21} INFO - File was successfully saved as ShootingsBostonGOV.csv
[2024-04-04T23:57:33.714+0000] {python.py:202} INFO - Done. Returned value was: None
[2024-04-04T23:57:33.722+0000] {taskinstance.py:1149} INFO - Marking task as SUCCESS. dag_id=dag_postgre_operator, task_id=extract_Shootings_task, execution_date=20240404T235731, start_date=20240404T235732, end_date=20240404T235733
[2024-04-04T23:57:33.745+0000] {local_task_job_runner.py:234} INFO - Task exited with return code 0
[2024-04-04T23:57:33.757+0000] {logging_mixin.py:188} WARNING - /home/***/.local/lib/python3.8/site-packages/***/models/baseoperator.py:1201 AirflowProviderDeprecationWarning: Call to deprecated class PostgresOperator. (Please use `***.providers.common.sql.operators.sql.SQLExecuteQueryOperator`.Also, you can provide `hook_params={'schema': <database>}`.)
[2024-04-04T23:57:33.770+0000] {taskinstance.py:3312} INFO - 1 downstream tasks scheduled from follow-on schedule check
[2024-04-05T20:49:04.301+0000] {taskinstance.py:1979} INFO - Dependencies all met for dep_context=non-requeueable deps ti=<TaskInstance: dag_postgre_operator.extract_shootings_task manual__2024-04-04T23:57:31.512860+00:00 [queued]>
[2024-04-05T20:49:04.324+0000] {taskinstance.py:1979} INFO - Dependencies all met for dep_context=requeueable deps ti=<TaskInstance: dag_postgre_operator.extract_shootings_task manual__2024-04-04T23:57:31.512860+00:00 [queued]>
[2024-04-05T20:49:04.327+0000] {taskinstance.py:2193} INFO - Starting attempt 1 of 4
[2024-04-05T20:49:04.370+0000] {taskinstance.py:2217} INFO - Executing <Task(PythonOperator): extract_shootings_task> on 2024-04-04 23:57:31.512860+00:00
[2024-04-05T20:49:04.381+0000] {standard_task_runner.py:60} INFO - Started process 532 to run task
[2024-04-05T20:49:04.390+0000] {standard_task_runner.py:87} INFO - Running: ['***', 'tasks', 'run', 'dag_postgre_operator', 'extract_shootings_task', 'manual__2024-04-04T23:57:31.512860+00:00', '--job-id', '394', '--raw', '--subdir', 'DAGS_FOLDER/dag_python_operator_extract.py', '--cfg-path', '/tmp/tmpbw5rzixo']
[2024-04-05T20:49:04.400+0000] {standard_task_runner.py:88} INFO - Job 394: Subtask extract_shootings_task
[2024-04-05T20:49:04.520+0000] {task_command.py:423} INFO - Running <TaskInstance: dag_postgre_operator.extract_shootings_task manual__2024-04-04T23:57:31.512860+00:00 [running]> on host 7f6ff1f67725
[2024-04-05T20:49:04.673+0000] {taskinstance.py:2513} INFO - Exporting env vars: AIRFLOW_CTX_DAG_OWNER='moughel' AIRFLOW_CTX_DAG_ID='dag_postgre_operator' AIRFLOW_CTX_TASK_ID='extract_shootings_task' AIRFLOW_CTX_EXECUTION_DATE='2024-04-04T23:57:31.512860+00:00' AIRFLOW_CTX_TRY_NUMBER='1' AIRFLOW_CTX_DAG_RUN_ID='manual__2024-04-04T23:57:31.512860+00:00'
[2024-04-05T20:49:05.863+0000] {Extract_BotonGOV.py:66} INFO - CSV data saved to dataset_regions_manual__2024-04-04T23:57:31.512860+00:00.csv
[2024-04-05T20:49:05.887+0000] {dag_python_operator_extract.py:23} INFO - File was successfully saved as dataset_regions_manual__2024-04-04T23:57:31.512860+00:00.csv
[2024-04-05T20:49:05.888+0000] {python.py:202} INFO - Done. Returned value was: None
[2024-04-05T20:49:05.904+0000] {taskinstance.py:1149} INFO - Marking task as SUCCESS. dag_id=dag_postgre_operator, task_id=extract_shootings_task, execution_date=20240404T235731, start_date=20240405T204904, end_date=20240405T204905
[2024-04-05T20:49:05.941+0000] {local_task_job_runner.py:234} INFO - Task exited with return code 0
[2024-04-05T20:49:05.962+0000] {logging_mixin.py:188} WARNING - /home/***/.local/lib/python3.8/site-packages/***/models/baseoperator.py:1201 AirflowProviderDeprecationWarning: Call to deprecated class PostgresOperator. (Please use `***.providers.common.sql.operators.sql.SQLExecuteQueryOperator`.Also, you can provide `hook_params={'schema': <database>}`.)
[2024-04-05T20:49:05.989+0000] {taskinstance.py:3312} INFO - 1 downstream tasks scheduled from follow-on schedule check
