[2024-04-05T21:17:51.227+0000] {taskinstance.py:1979} INFO - Dependencies all met for dep_context=non-requeueable deps ti=<TaskInstance: dag_postgre_operator.create_table_task manual__2024-04-05T00:59:51.066647+00:00 [queued]>
[2024-04-05T21:17:51.252+0000] {taskinstance.py:1979} INFO - Dependencies all met for dep_context=requeueable deps ti=<TaskInstance: dag_postgre_operator.create_table_task manual__2024-04-05T00:59:51.066647+00:00 [queued]>
[2024-04-05T21:17:51.253+0000] {taskinstance.py:2193} INFO - Starting attempt 5 of 5
[2024-04-05T21:17:51.314+0000] {taskinstance.py:2217} INFO - Executing <Task(PostgresOperator): create_table_task> on 2024-04-05 00:59:51.066647+00:00
[2024-04-05T21:17:51.332+0000] {standard_task_runner.py:60} INFO - Started process 5296 to run task
[2024-04-05T21:17:51.358+0000] {standard_task_runner.py:87} INFO - Running: ['***', 'tasks', 'run', 'dag_postgre_operator', 'create_table_task', 'manual__2024-04-05T00:59:51.066647+00:00', '--job-id', '1256', '--raw', '--subdir', 'DAGS_FOLDER/dag_python_operator_extract.py', '--cfg-path', '/tmp/tmp6_6txd4p']
[2024-04-05T21:17:51.364+0000] {standard_task_runner.py:88} INFO - Job 1256: Subtask create_table_task
[2024-04-05T21:17:51.472+0000] {task_command.py:423} INFO - Running <TaskInstance: dag_postgre_operator.create_table_task manual__2024-04-05T00:59:51.066647+00:00 [running]> on host 7f6ff1f67725
[2024-04-05T21:17:51.689+0000] {taskinstance.py:2513} INFO - Exporting env vars: AIRFLOW_CTX_DAG_OWNER='***' AIRFLOW_CTX_DAG_ID='dag_postgre_operator' AIRFLOW_CTX_TASK_ID='create_table_task' AIRFLOW_CTX_EXECUTION_DATE='2024-04-05T00:59:51.066647+00:00' AIRFLOW_CTX_TRY_NUMBER='5' AIRFLOW_CTX_DAG_RUN_ID='manual__2024-04-05T00:59:51.066647+00:00'
[2024-04-05T21:17:51.696+0000] {sql.py:276} INFO - Executing: 
    CREATE TABLE shooting (
    incident_ID SERIAL,
    incident_num VARCHAR(100) ,
    shooting_date VARCHAR(100),
    district varchar(100),
    Shooting_type INTEGER,
    Gender VARCHAR(100),
    Race VARCHAR(100),
    Ethnicity VARCHAR(100),
    multiple_victims INTEGER
    );
    
[2024-04-05T21:17:51.724+0000] {base.py:83} INFO - Using connection ID 'postgres_webik' for task execution.
[2024-04-05T21:17:51.749+0000] {base.py:83} INFO - Using connection ID 'postgres_webik' for task execution.
[2024-04-05T21:17:51.813+0000] {sql.py:457} INFO - Running statement: 
    CREATE TABLE shooting (
    incident_ID SERIAL,
    incident_num VARCHAR(100) ,
    shooting_date VARCHAR(100),
    district varchar(100),
    Shooting_type INTEGER,
    Gender VARCHAR(100),
    Race VARCHAR(100),
    Ethnicity VARCHAR(100),
    multiple_victims INTEGER
    );
    , parameters: None
[2024-04-05T21:17:51.852+0000] {taskinstance.py:2731} ERROR - Task failed with exception
Traceback (most recent call last):
  File "/home/airflow/.local/lib/python3.8/site-packages/airflow/models/taskinstance.py", line 444, in _execute_task
    result = _execute_callable(context=context, **execute_callable_kwargs)
  File "/home/airflow/.local/lib/python3.8/site-packages/airflow/models/taskinstance.py", line 414, in _execute_callable
    return execute_callable(context=context, **execute_callable_kwargs)
  File "/home/airflow/.local/lib/python3.8/site-packages/airflow/providers/common/sql/operators/sql.py", line 282, in execute
    output = hook.run(
  File "/home/airflow/.local/lib/python3.8/site-packages/airflow/providers/common/sql/hooks/sql.py", line 404, in run
    self._run_command(cur, sql_statement, parameters)
  File "/home/airflow/.local/lib/python3.8/site-packages/airflow/providers/common/sql/hooks/sql.py", line 462, in _run_command
    cur.execute(sql_statement)
psycopg2.errors.DuplicateTable: relation "shooting" already exists

[2024-04-05T21:17:51.882+0000] {taskinstance.py:1149} INFO - Marking task as FAILED. dag_id=dag_postgre_operator, task_id=create_table_task, execution_date=20240405T005951, start_date=20240405T211751, end_date=20240405T211751
[2024-04-05T21:17:51.945+0000] {standard_task_runner.py:107} ERROR - Failed to execute job 1256 for task create_table_task (relation "shooting" already exists
; 5296)
[2024-04-05T21:17:52.011+0000] {local_task_job_runner.py:234} INFO - Task exited with return code 1
[2024-04-05T21:17:52.045+0000] {logging_mixin.py:188} WARNING - /home/***/.local/lib/python3.8/site-packages/***/models/baseoperator.py:1201 AirflowProviderDeprecationWarning: Call to deprecated class PostgresOperator. (Please use `***.providers.common.sql.operators.sql.SQLExecuteQueryOperator`.Also, you can provide `hook_params={'schema': <database>}`.)
[2024-04-05T21:17:52.071+0000] {taskinstance.py:3312} INFO - 0 downstream tasks scheduled from follow-on schedule check
