[2024-04-05T00:29:37.450+0000] {taskinstance.py:1979} INFO - Dependencies all met for dep_context=non-requeueable deps ti=<TaskInstance: dag_postgre_operator.extract_Shootings_task manual__2024-04-05T00:29:36.542498+00:00 [queued]>
[2024-04-05T00:29:37.491+0000] {taskinstance.py:1979} INFO - Dependencies all met for dep_context=requeueable deps ti=<TaskInstance: dag_postgre_operator.extract_Shootings_task manual__2024-04-05T00:29:36.542498+00:00 [queued]>
[2024-04-05T00:29:37.495+0000] {taskinstance.py:2193} INFO - Starting attempt 1 of 4
[2024-04-05T00:29:37.538+0000] {taskinstance.py:2217} INFO - Executing <Task(PythonOperator): extract_Shootings_task> on 2024-04-05 00:29:36.542498+00:00
[2024-04-05T00:29:37.558+0000] {standard_task_runner.py:60} INFO - Started process 447 to run task
[2024-04-05T00:29:37.566+0000] {standard_task_runner.py:87} INFO - Running: ['***', 'tasks', 'run', 'dag_postgre_operator', 'extract_Shootings_task', 'manual__2024-04-05T00:29:36.542498+00:00', '--job-id', '137', '--raw', '--subdir', 'DAGS_FOLDER/dag_python_operator_extract.py', '--cfg-path', '/tmp/tmpdskq7537']
[2024-04-05T00:29:37.575+0000] {standard_task_runner.py:88} INFO - Job 137: Subtask extract_Shootings_task
[2024-04-05T00:29:37.736+0000] {task_command.py:423} INFO - Running <TaskInstance: dag_postgre_operator.extract_Shootings_task manual__2024-04-05T00:29:36.542498+00:00 [running]> on host 7f6ff1f67725
[2024-04-05T00:29:37.913+0000] {taskinstance.py:2513} INFO - Exporting env vars: AIRFLOW_CTX_DAG_OWNER='moughel' AIRFLOW_CTX_DAG_ID='dag_postgre_operator' AIRFLOW_CTX_TASK_ID='extract_Shootings_task' AIRFLOW_CTX_EXECUTION_DATE='2024-04-05T00:29:36.542498+00:00' AIRFLOW_CTX_TRY_NUMBER='1' AIRFLOW_CTX_DAG_RUN_ID='manual__2024-04-05T00:29:36.542498+00:00'
[2024-04-05T00:29:39.055+0000] {Extract_BotonGOV.py:71} INFO - CSV data saved to /opt/***/plugins/ShootingsBostonGOV/ShootingsBostonGOV.csv
[2024-04-05T00:29:39.056+0000] {dag_python_operator_extract.py:21} INFO - File was successfully saved as ShootingsBostonGOV.csv
[2024-04-05T00:29:39.057+0000] {python.py:202} INFO - Done. Returned value was: None
[2024-04-05T00:29:39.065+0000] {taskinstance.py:1149} INFO - Marking task as SUCCESS. dag_id=dag_postgre_operator, task_id=extract_Shootings_task, execution_date=20240405T002936, start_date=20240405T002937, end_date=20240405T002939
[2024-04-05T00:29:39.109+0000] {local_task_job_runner.py:234} INFO - Task exited with return code 0
[2024-04-05T00:29:39.123+0000] {logging_mixin.py:188} WARNING - /home/***/.local/lib/python3.8/site-packages/***/models/baseoperator.py:1201 AirflowProviderDeprecationWarning: Call to deprecated class PostgresOperator. (Please use `***.providers.common.sql.operators.sql.SQLExecuteQueryOperator`.Also, you can provide `hook_params={'schema': <database>}`.)
[2024-04-05T00:29:39.137+0000] {taskinstance.py:3312} INFO - 1 downstream tasks scheduled from follow-on schedule check
[2024-04-05T20:49:04.280+0000] {taskinstance.py:1979} INFO - Dependencies all met for dep_context=non-requeueable deps ti=<TaskInstance: dag_postgre_operator.extract_shootings_task manual__2024-04-05T00:29:36.542498+00:00 [queued]>
[2024-04-05T20:49:04.314+0000] {taskinstance.py:1979} INFO - Dependencies all met for dep_context=requeueable deps ti=<TaskInstance: dag_postgre_operator.extract_shootings_task manual__2024-04-05T00:29:36.542498+00:00 [queued]>
[2024-04-05T20:49:04.316+0000] {taskinstance.py:2193} INFO - Starting attempt 1 of 4
[2024-04-05T20:49:04.348+0000] {taskinstance.py:2217} INFO - Executing <Task(PythonOperator): extract_shootings_task> on 2024-04-05 00:29:36.542498+00:00
[2024-04-05T20:49:04.358+0000] {standard_task_runner.py:60} INFO - Started process 531 to run task
[2024-04-05T20:49:04.366+0000] {standard_task_runner.py:87} INFO - Running: ['***', 'tasks', 'run', 'dag_postgre_operator', 'extract_shootings_task', 'manual__2024-04-05T00:29:36.542498+00:00', '--job-id', '396', '--raw', '--subdir', 'DAGS_FOLDER/dag_python_operator_extract.py', '--cfg-path', '/tmp/tmpuw7594b0']
[2024-04-05T20:49:04.379+0000] {standard_task_runner.py:88} INFO - Job 396: Subtask extract_shootings_task
[2024-04-05T20:49:04.499+0000] {task_command.py:423} INFO - Running <TaskInstance: dag_postgre_operator.extract_shootings_task manual__2024-04-05T00:29:36.542498+00:00 [running]> on host 7f6ff1f67725
[2024-04-05T20:49:04.671+0000] {taskinstance.py:2513} INFO - Exporting env vars: AIRFLOW_CTX_DAG_OWNER='moughel' AIRFLOW_CTX_DAG_ID='dag_postgre_operator' AIRFLOW_CTX_TASK_ID='extract_shootings_task' AIRFLOW_CTX_EXECUTION_DATE='2024-04-05T00:29:36.542498+00:00' AIRFLOW_CTX_TRY_NUMBER='1' AIRFLOW_CTX_DAG_RUN_ID='manual__2024-04-05T00:29:36.542498+00:00'
[2024-04-05T20:49:05.812+0000] {Extract_BotonGOV.py:66} INFO - CSV data saved to dataset_regions_manual__2024-04-05T00:29:36.542498+00:00.csv
[2024-04-05T20:49:05.825+0000] {dag_python_operator_extract.py:23} INFO - File was successfully saved as dataset_regions_manual__2024-04-05T00:29:36.542498+00:00.csv
[2024-04-05T20:49:05.826+0000] {python.py:202} INFO - Done. Returned value was: None
[2024-04-05T20:49:05.836+0000] {taskinstance.py:1149} INFO - Marking task as SUCCESS. dag_id=dag_postgre_operator, task_id=extract_shootings_task, execution_date=20240405T002936, start_date=20240405T204904, end_date=20240405T204905
[2024-04-05T20:49:05.880+0000] {local_task_job_runner.py:234} INFO - Task exited with return code 0
[2024-04-05T20:49:05.905+0000] {logging_mixin.py:188} WARNING - /home/***/.local/lib/python3.8/site-packages/***/models/baseoperator.py:1201 AirflowProviderDeprecationWarning: Call to deprecated class PostgresOperator. (Please use `***.providers.common.sql.operators.sql.SQLExecuteQueryOperator`.Also, you can provide `hook_params={'schema': <database>}`.)
[2024-04-05T20:49:05.934+0000] {taskinstance.py:3312} INFO - 1 downstream tasks scheduled from follow-on schedule check
