[2024-04-04T23:54:00.667+0000] {taskinstance.py:1979} INFO - Dependencies all met for dep_context=non-requeueable deps ti=<TaskInstance: dag_postgre_operator.drop_table_task manual__2024-04-04T23:53:56.106595+00:00 [queued]>
[2024-04-04T23:54:00.675+0000] {taskinstance.py:1979} INFO - Dependencies all met for dep_context=requeueable deps ti=<TaskInstance: dag_postgre_operator.drop_table_task manual__2024-04-04T23:53:56.106595+00:00 [queued]>
[2024-04-04T23:54:00.676+0000] {taskinstance.py:2193} INFO - Starting attempt 1 of 1
[2024-04-04T23:54:00.690+0000] {taskinstance.py:2217} INFO - Executing <Task(PostgresOperator): drop_table_task> on 2024-04-04 23:53:56.106595+00:00
[2024-04-04T23:54:00.695+0000] {standard_task_runner.py:60} INFO - Started process 958 to run task
[2024-04-04T23:54:00.697+0000] {standard_task_runner.py:87} INFO - Running: ['***', 'tasks', 'run', 'dag_postgre_operator', 'drop_table_task', 'manual__2024-04-04T23:53:56.106595+00:00', '--job-id', '99', '--raw', '--subdir', 'DAGS_FOLDER/dag_python_operator_extract.py', '--cfg-path', '/tmp/tmps1s1fqxu']
[2024-04-04T23:54:00.698+0000] {standard_task_runner.py:88} INFO - Job 99: Subtask drop_table_task
[2024-04-04T23:54:00.737+0000] {task_command.py:423} INFO - Running <TaskInstance: dag_postgre_operator.drop_table_task manual__2024-04-04T23:53:56.106595+00:00 [running]> on host 7f6ff1f67725
[2024-04-04T23:54:00.794+0000] {taskinstance.py:2513} INFO - Exporting env vars: AIRFLOW_CTX_DAG_OWNER='***' AIRFLOW_CTX_DAG_ID='dag_postgre_operator' AIRFLOW_CTX_TASK_ID='drop_table_task' AIRFLOW_CTX_EXECUTION_DATE='2024-04-04T23:53:56.106595+00:00' AIRFLOW_CTX_TRY_NUMBER='1' AIRFLOW_CTX_DAG_RUN_ID='manual__2024-04-04T23:53:56.106595+00:00'
[2024-04-04T23:54:00.796+0000] {sql.py:276} INFO - Executing: 
    DROP TABLE IF EXISTS shooting CASCADE;
    
[2024-04-04T23:54:00.808+0000] {taskinstance.py:2731} ERROR - Task failed with exception
Traceback (most recent call last):
  File "/home/airflow/.local/lib/python3.8/site-packages/airflow/models/taskinstance.py", line 444, in _execute_task
    result = _execute_callable(context=context, **execute_callable_kwargs)
  File "/home/airflow/.local/lib/python3.8/site-packages/airflow/models/taskinstance.py", line 414, in _execute_callable
    return execute_callable(context=context, **execute_callable_kwargs)
  File "/home/airflow/.local/lib/python3.8/site-packages/airflow/providers/common/sql/operators/sql.py", line 277, in execute
    hook = self.get_db_hook()
  File "/home/airflow/.local/lib/python3.8/site-packages/airflow/providers/common/sql/operators/sql.py", line 188, in get_db_hook
    return self._hook
  File "/usr/local/lib/python3.8/functools.py", line 967, in __get__
    val = self.func(instance)
  File "/home/airflow/.local/lib/python3.8/site-packages/airflow/providers/common/sql/operators/sql.py", line 150, in _hook
    conn = BaseHook.get_connection(conn_id)
  File "/home/airflow/.local/lib/python3.8/site-packages/airflow/hooks/base.py", line 82, in get_connection
    conn = Connection.get_connection_from_secrets(conn_id)
  File "/home/airflow/.local/lib/python3.8/site-packages/airflow/models/connection.py", line 514, in get_connection_from_secrets
    raise AirflowNotFoundException(f"The conn_id `{conn_id}` isn't defined")
airflow.exceptions.AirflowNotFoundException: The conn_id `postgres_webik` isn't defined
[2024-04-04T23:54:00.811+0000] {taskinstance.py:1149} INFO - Marking task as FAILED. dag_id=dag_postgre_operator, task_id=drop_table_task, execution_date=20240404T235356, start_date=20240404T235400, end_date=20240404T235400
[2024-04-04T23:54:00.819+0000] {standard_task_runner.py:107} ERROR - Failed to execute job 99 for task drop_table_task (The conn_id `postgres_webik` isn't defined; 958)
[2024-04-04T23:54:00.830+0000] {local_task_job_runner.py:234} INFO - Task exited with return code 1
[2024-04-04T23:54:00.842+0000] {logging_mixin.py:188} WARNING - /home/***/.local/lib/python3.8/site-packages/***/models/baseoperator.py:1201 AirflowProviderDeprecationWarning: Call to deprecated class PostgresOperator. (Please use `***.providers.common.sql.operators.sql.SQLExecuteQueryOperator`.Also, you can provide `hook_params={'schema': <database>}`.)
[2024-04-04T23:54:00.853+0000] {taskinstance.py:3312} INFO - 0 downstream tasks scheduled from follow-on schedule check
